TN:
SF:src/app.ts
FN:12,(anonymous_1)
FN:23,(anonymous_2)
FNF:2
FNH:1
FNDA:5,(anonymous_1)
FNDA:0,(anonymous_2)
DA:1,5
DA:2,5
DA:3,5
DA:4,5
DA:5,5
DA:6,5
DA:9,5
DA:10,5
DA:12,5
DA:13,5
DA:14,5
DA:15,5
DA:16,5
DA:17,5
DA:18,5
DA:19,5
DA:20,5
DA:21,0
DA:22,0
DA:23,0
DA:24,0
DA:25,0
DA:34,5
DA:36,5
LF:24
LH:19
BRDA:20,0,0,0
BRDA:26,1,0,0
BRDA:26,1,1,0
BRF:3
BRH:0
end_of_record
TN:
SF:src/db.ts
FN:11,(anonymous_1)
FN:20,(anonymous_2)
FN:23,(anonymous_3)
FN:39,(anonymous_4)
FN:47,(anonymous_5)
FNF:5
FNH:5
FNDA:5,(anonymous_1)
FNDA:5,(anonymous_2)
FNDA:4,(anonymous_3)
FNDA:3,(anonymous_4)
FNDA:27,(anonymous_5)
DA:2,5
DA:3,5
DA:4,5
DA:5,5
DA:9,5
DA:11,5
DA:12,5
DA:13,4
DA:14,4
DA:17,0
DA:20,5
DA:21,5
DA:22,5
DA:23,4
DA:24,4
DA:35,0
DA:39,5
DA:40,3
DA:41,3
DA:42,3
DA:43,3
DA:47,5
DA:48,27
DA:49,27
DA:50,486
DA:51,486
LF:26
LH:24
BRDA:13,0,0,4
BRDA:40,1,0,3
BRDA:48,2,0,27
BRF:3
BRH:3
end_of_record
TN:
SF:src/routes.ts
FN:51,(anonymous_0)
FN:52,(anonymous_1)
FNF:2
FNH:2
FNDA:5,(anonymous_0)
FNDA:115,(anonymous_1)
DA:1,5
DA:2,5
DA:3,5
DA:4,5
DA:5,5
DA:6,5
DA:7,5
DA:8,5
DA:9,5
DA:10,5
DA:11,5
DA:12,5
DA:13,5
DA:14,5
DA:15,5
DA:16,5
DA:17,5
DA:18,5
DA:19,5
DA:20,5
DA:21,5
DA:22,5
DA:23,5
DA:25,5
DA:51,5
DA:52,5
DA:53,115
LF:27
LH:27
BRF:0
BRH:0
end_of_record
TN:
SF:src/common/aggregates/generic.aggregate.ts
FN:1,(anonymous_0)
FN:27,(anonymous_1)
FN:46,(anonymous_2)
FN:58,(anonymous_3)
FN:72,(anonymous_4)
FN:86,(anonymous_5)
FN:98,(anonymous_6)
FN:110,(anonymous_7)
FNF:8
FNH:7
FNDA:9,(anonymous_0)
FNDA:0,(anonymous_1)
FNDA:4,(anonymous_2)
FNDA:17,(anonymous_3)
FNDA:3,(anonymous_4)
FNDA:15,(anonymous_5)
FNDA:1,(anonymous_6)
FNDA:15,(anonymous_7)
DA:1,5
DA:2,9
DA:15,9
DA:24,9
DA:27,5
DA:28,0
DA:46,5
DA:47,4
DA:58,5
DA:61,17
DA:72,5
DA:75,3
DA:86,5
DA:87,15
DA:98,5
DA:99,1
DA:110,5
DA:111,15
LF:18
LH:17
BRDA:1,0,0,9
BRDA:21,1,0,9
BRDA:21,1,1,0
BRDA:46,2,0,4
BRF:4
BRH:3
end_of_record
TN:
SF:src/common/aggregates/index.ts
FN:2,(anonymous_0)
FN:3,(anonymous_1)
FN:4,(anonymous_2)
FN:5,(anonymous_3)
FN:6,(anonymous_4)
FN:7,(anonymous_5)
FN:8,(anonymous_6)
FN:9,(anonymous_7)
FNF:8
FNH:7
FNDA:9,(anonymous_0)
FNDA:4,(anonymous_1)
FNDA:17,(anonymous_2)
FNDA:15,(anonymous_3)
FNDA:1,(anonymous_4)
FNDA:15,(anonymous_5)
FNDA:0,(anonymous_6)
FNDA:3,(anonymous_7)
DA:1,5
DA:2,14
DA:3,9
DA:4,22
DA:5,20
DA:6,6
DA:7,20
DA:8,5
DA:9,8
LF:9
LH:9
BRF:0
BRH:0
end_of_record
TN:
SF:src/common/dtos/generic.dto.ts
FNF:0
FNH:0
DA:1,5
DA:3,5
DA:4,5
DA:7,5
DA:8,5
DA:9,5
DA:12,5
DA:13,5
DA:14,5
DA:15,5
DA:16,5
DA:19,5
DA:20,5
DA:23,5
DA:24,5
DA:25,5
LF:16
LH:16
BRF:0
BRH:0
end_of_record
TN:
SF:src/common/dtos/index.ts
FN:1,(anonymous_0)
FN:1,(anonymous_1)
FN:1,(anonymous_2)
FN:1,(anonymous_3)
FN:1,(anonymous_4)
FNF:5
FNH:5
FNDA:115,(anonymous_0)
FNDA:25,(anonymous_1)
FNDA:55,(anonymous_2)
FNDA:5,(anonymous_3)
FNDA:15,(anonymous_4)
DA:1,120
LF:1
LH:1
BRF:0
BRH:0
end_of_record
TN:
SF:src/common/middlewares/cache.middleware.ts
FN:7,(anonymous_0)
FN:8,(anonymous_1)
FN:36,(anonymous_2)
FN:38,(anonymous_3)
FNF:4
FNH:2
FNDA:35,(anonymous_0)
FNDA:6,(anonymous_1)
FNDA:0,(anonymous_2)
FNDA:0,(anonymous_3)
DA:3,5
DA:5,5
DA:7,5
DA:8,35
DA:9,6
DA:10,6
DA:11,6
DA:13,0
DA:14,0
DA:15,0
DA:16,0
DA:17,0
DA:18,0
DA:20,0
DA:21,0
DA:22,0
DA:24,0
DA:27,0
DA:30,0
DA:31,0
DA:36,5
DA:37,0
DA:38,0
DA:39,0
DA:40,0
DA:41,0
DA:42,0
DA:43,0
DA:44,0
DA:47,0
LF:30
LH:8
BRDA:10,0,0,6
BRDA:15,1,0,0
BRDA:15,1,1,0
BRDA:17,2,0,0
BRDA:21,3,0,0
BRDA:21,3,1,0
BRDA:39,4,0,0
BRDA:39,4,1,0
BRDA:41,5,0,0
BRDA:41,5,1,0
BRDA:43,6,0,0
BRF:11
BRH:1
end_of_record
TN:
SF:src/common/middlewares/error.middleware.ts
FN:4,(anonymous_0)
FNF:1
FNH:0
FNDA:0,(anonymous_0)
DA:4,5
DA:9,0
DA:11,0
DA:14,0
LF:4
LH:1
BRDA:9,0,0,0
BRDA:9,0,1,0
BRDA:11,1,0,0
BRDA:11,1,1,0
BRDA:11,2,0,0
BRDA:11,2,1,0
BRF:6
BRH:0
end_of_record
TN:
SF:src/common/middlewares/index.ts
FN:1,(anonymous_0)
FN:2,(anonymous_1)
FN:3,(anonymous_2)
FN:5,(anonymous_3)
FN:6,(anonymous_4)
FN:7,(anonymous_5)
FN:8,(anonymous_6)
FN:10,(anonymous_7)
FN:11,(anonymous_8)
FNF:9
FNH:7
FNDA:5,(anonymous_0)
FNDA:0,(anonymous_1)
FNDA:5,(anonymous_2)
FNDA:90,(anonymous_3)
FNDA:415,(anonymous_4)
FNDA:20,(anonymous_5)
FNDA:0,(anonymous_6)
FNDA:465,(anonymous_7)
FNDA:35,(anonymous_8)
DA:1,10
DA:2,5
DA:3,10
DA:4,5
DA:5,95
DA:6,420
DA:7,25
DA:8,5
DA:10,470
DA:11,40
LF:10
LH:10
BRF:0
BRH:0
end_of_record
TN:
SF:src/common/middlewares/morgan.middleware.ts
FN:5,(anonymous_1)
FN:8,(anonymous_2)
FNF:2
FNH:1
FNDA:0,(anonymous_1)
FNDA:48,(anonymous_2)
DA:1,5
DA:2,5
DA:4,5
DA:5,0
DA:8,5
DA:9,48
DA:10,48
DA:13,5
LF:8
LH:7
BRDA:9,0,0,48
BRDA:9,0,1,0
BRF:2
BRH:1
end_of_record
TN:
SF:src/common/middlewares/multer.middleware.ts
FNF:0
FNH:0
DA:1,5
DA:3,5
LF:2
LH:2
BRF:0
BRH:0
end_of_record
TN:
SF:src/common/middlewares/token.middleware.ts
FN:10,(anonymous_6)
FN:22,(anonymous_7)
FN:26,(anonymous_8)
FN:34,(anonymous_9)
FN:45,(anonymous_10)
FN:55,(anonymous_11)
FN:63,(anonymous_12)
FN:71,(anonymous_13)
FN:75,(anonymous_14)
FN:85,(anonymous_15)
FN:93,(anonymous_16)
FN:103,(anonymous_17)
FN:108,(anonymous_18)
FN:109,(anonymous_19)
FN:113,(anonymous_20)
FNF:15
FNH:2
FNDA:1,(anonymous_6)
FNDA:0,(anonymous_7)
FNDA:0,(anonymous_8)
FNDA:21,(anonymous_9)
FNDA:0,(anonymous_10)
FNDA:0,(anonymous_11)
FNDA:0,(anonymous_12)
FNDA:0,(anonymous_13)
FNDA:0,(anonymous_14)
FNDA:0,(anonymous_15)
FNDA:0,(anonymous_16)
FNDA:0,(anonymous_17)
FNDA:0,(anonymous_18)
FNDA:0,(anonymous_19)
FNDA:0,(anonymous_20)
DA:1,5
DA:3,5
DA:4,5
DA:6,5
DA:8,5
DA:10,5
DA:15,1
DA:16,1
DA:17,1
DA:18,1
DA:19,1
DA:21,0
DA:23,0
DA:24,0
DA:27,0
DA:34,5
DA:39,21
DA:40,21
DA:41,21
DA:42,21
DA:44,0
DA:46,0
DA:47,0
DA:48,0
DA:50,0
DA:56,0
DA:63,5
DA:68,0
DA:69,0
DA:70,0
DA:72,0
DA:73,0
DA:76,0
DA:81,0
DA:85,5
DA:90,0
DA:92,0
DA:94,0
DA:95,0
DA:96,0
DA:98,0
DA:104,0
DA:108,5
DA:109,0
DA:110,0
DA:114,0
DA:115,0
DA:117,0
LF:48
LH:19
BRDA:15,0,0,1
BRDA:15,0,1,1
BRDA:16,1,0,1
BRDA:16,1,1,0
BRDA:39,2,0,21
BRDA:39,2,1,21
BRDA:40,3,0,21
BRDA:40,3,1,0
BRDA:47,4,0,0
BRDA:47,4,1,0
BRDA:69,5,0,0
BRDA:69,5,1,0
BRDA:69,6,0,0
BRDA:69,6,1,0
BRDA:90,7,0,0
BRDA:90,7,1,0
BRDA:95,8,0,0
BRDA:95,8,1,0
BRDA:114,9,0,0
BRF:19
BRH:6
end_of_record
TN:
SF:src/common/middlewares/validation.middleware.ts
FN:5,(anonymous_0)
FN:6,(anonymous_1)
FN:8,(anonymous_2)
FN:11,(anonymous_3)
FNF:4
FNH:4
FNDA:465,(anonymous_0)
FNDA:38,(anonymous_1)
FNDA:38,(anonymous_2)
FNDA:1,(anonymous_3)
DA:2,5
DA:3,5
DA:5,5
DA:6,465
DA:7,38
DA:9,38
DA:10,1
DA:11,1
DA:13,1
DA:15,37
LF:10
LH:10
BRDA:9,0,0,1
BRDA:9,0,1,37
BRF:2
BRH:2
end_of_record
TN:
SF:src/core/config/app.config.ts
FN:19,(anonymous_0)
FNF:1
FNH:1
FNDA:5,(anonymous_0)
DA:2,5
DA:17,5
DA:19,5
DA:20,5
DA:21,5
DA:22,0
DA:23,0
DA:25,0
DA:29,5
LF:9
LH:6
BRDA:20,0,0,5
BRDA:20,0,1,0
BRDA:22,1,0,0
BRDA:22,1,1,0
BRF:4
BRH:1
end_of_record
TN:
SF:src/core/config/index.ts
FN:1,(anonymous_0)
FNF:1
FNH:1
FNDA:9,(anonymous_0)
DA:1,14
LF:1
LH:1
BRF:0
BRH:0
end_of_record
TN:
SF:src/core/exceptions/email-already-exist.excepcion.ts
FN:4,(anonymous_0)
FNF:1
FNH:0
FNDA:0,(anonymous_0)
DA:1,5
DA:3,5
DA:5,0
LF:3
LH:2
BRF:0
BRH:0
end_of_record
TN:
SF:src/core/exceptions/http.exception.ts
FN:7,(anonymous_0)
FNF:1
FNH:1
FNDA:6,(anonymous_0)
DA:1,5
DA:4,5
DA:13,6
DA:14,6
DA:15,6
DA:16,6
DA:17,6
DA:18,6
LF:8
LH:8
BRDA:16,0,0,0
BRDA:16,0,1,6
BRDA:16,1,0,6
BRDA:16,1,1,6
BRDA:17,2,0,6
BRF:5
BRH:4
end_of_record
TN:
SF:src/core/exceptions/index.ts
FN:1,(anonymous_0)
FN:2,(anonymous_1)
FN:3,(anonymous_2)
FN:4,(anonymous_3)
FN:5,(anonymous_4)
FN:6,(anonymous_5)
FN:7,(anonymous_6)
FNF:7
FNH:1
FNDA:0,(anonymous_0)
FNDA:6,(anonymous_1)
FNDA:0,(anonymous_2)
FNDA:0,(anonymous_3)
FNDA:0,(anonymous_4)
FNDA:0,(anonymous_5)
FNDA:0,(anonymous_6)
DA:1,5
DA:2,11
DA:3,5
DA:4,5
DA:5,5
DA:6,5
DA:7,5
LF:7
LH:7
BRF:0
BRH:0
end_of_record
TN:
SF:src/core/exceptions/inscription-exist.exception.ts
FN:4,(anonymous_0)
FNF:1
FNH:0
FNDA:0,(anonymous_0)
DA:1,5
DA:3,5
DA:5,0
LF:3
LH:2
BRF:0
BRH:0
end_of_record
TN:
SF:src/core/exceptions/item-already-exist.excepcion.ts
FN:4,(anonymous_0)
FNF:1
FNH:0
FNDA:0,(anonymous_0)
DA:1,5
DA:3,5
DA:5,0
LF:3
LH:2
BRF:0
BRH:0
end_of_record
TN:
SF:src/core/exceptions/item-no-found.exception.ts
FN:5,(anonymous_0)
FNF:1
FNH:0
FNDA:0,(anonymous_0)
DA:2,5
DA:4,5
DA:6,0
LF:3
LH:2
BRF:0
BRH:0
end_of_record
TN:
SF:src/core/exceptions/not-authorized.exception.ts
FN:5,(anonymous_0)
FNF:1
FNH:0
FNDA:0,(anonymous_0)
DA:2,5
DA:4,5
DA:6,0
LF:3
LH:2
BRF:0
BRH:0
end_of_record
TN:
SF:src/core/exceptions/wrong-credentials-exceptions.ts
FN:5,(anonymous_0)
FNF:1
FNH:0
FNDA:0,(anonymous_0)
DA:2,5
DA:4,5
DA:6,0
LF:3
LH:2
BRF:0
BRH:0
end_of_record
TN:
SF:src/core/services/app.service.ts
FN:19,(anonymous_1)
FN:23,(anonymous_2)
FN:36,(anonymous_3)
FN:45,(anonymous_4)
FN:53,(anonymous_5)
FN:66,(anonymous_6)
FN:82,(anonymous_7)
FN:83,(anonymous_8)
FN:87,(anonymous_9)
FN:92,(anonymous_10)
FN:96,(anonymous_11)
FNF:11
FNH:7
FNDA:5,(anonymous_1)
FNDA:5,(anonymous_2)
FNDA:48,(anonymous_3)
FNDA:48,(anonymous_4)
FNDA:5,(anonymous_5)
FNDA:5,(anonymous_6)
FNDA:5,(anonymous_7)
FNDA:0,(anonymous_8)
FNDA:0,(anonymous_9)
FNDA:0,(anonymous_10)
FNDA:0,(anonymous_11)
DA:1,5
DA:2,5
DA:3,5
DA:4,5
DA:5,5
DA:6,5
DA:7,5
DA:8,5
DA:9,5
DA:10,5
DA:11,5
DA:12,5
DA:14,5
DA:16,5
DA:17,5
DA:18,5
DA:20,5
DA:24,5
DA:25,5
DA:38,48
DA:39,41
DA:40,7
DA:41,7
DA:43,0
DA:46,48
DA:47,48
DA:50,5
DA:54,5
DA:55,5
DA:59,5
DA:67,5
DA:74,5
DA:75,5
DA:76,5
DA:77,5
DA:78,5
DA:79,5
DA:83,5
DA:84,0
DA:87,5
DA:88,0
DA:93,0
DA:97,0
DA:98,0
LF:44
LH:38
BRDA:38,0,0,41
BRDA:38,0,1,7
BRDA:38,1,0,48
BRDA:38,1,1,48
BRDA:40,2,0,7
BRDA:40,3,0,7
BRDA:40,3,1,7
BRF:7
BRH:7
end_of_record
TN:
SF:src/core/services/index.ts
FN:1,(anonymous_0)
FN:2,(anonymous_1)
FN:3,(anonymous_2)
FNF:3
FNH:2
FNDA:0,(anonymous_0)
FNDA:14,(anonymous_1)
FNDA:260,(anonymous_2)
DA:1,5
DA:2,19
DA:3,265
LF:3
LH:3
BRF:0
BRH:0
end_of_record
TN:
SF:src/core/services/logger.service.ts
FN:11,(anonymous_1)
FN:36,(anonymous_2)
FN:43,(anonymous_3)
FNF:3
FNH:3
FNDA:5,(anonymous_1)
FNDA:6,(anonymous_2)
FNDA:12,(anonymous_3)
DA:1,5
DA:3,5
DA:11,5
DA:12,5
DA:13,5
DA:14,5
DA:15,0
DA:16,5
DA:17,0
DA:19,5
DA:22,5
DA:30,5
DA:32,5
DA:36,6
DA:40,5
DA:43,12
DA:47,5
DA:62,5
LF:18
LH:16
BRDA:12,0,0,5
BRDA:12,0,1,0
BRDA:14,1,0,0
BRDA:14,1,1,5
BRDA:16,2,0,0
BRF:5
BRH:2
end_of_record
TN:
SF:src/core/services/utils.service.ts
FN:5,(anonymous_1)
FN:6,(anonymous_2)
FN:10,(anonymous_3)
FN:11,(anonymous_4)
FN:27,(anonymous_5)
FN:36,(anonymous_6)
FN:53,(anonymous_7)
FN:66,(anonymous_8)
FN:82,(anonymous_9)
FN:98,(anonymous_10)
FN:106,(anonymous_11)
FN:114,(anonymous_12)
FN:115,(anonymous_13)
FN:126,(anonymous_14)
FN:133,(anonymous_15)
FN:144,(anonymous_16)
FN:145,(anonymous_17)
FN:146,(anonymous_18)
FN:151,(anonymous_19)
FN:162,(anonymous_20)
FNF:20
FNH:4
FNDA:260,(anonymous_1)
FNDA:0,(anonymous_2)
FNDA:0,(anonymous_3)
FNDA:0,(anonymous_4)
FNDA:0,(anonymous_5)
FNDA:0,(anonymous_6)
FNDA:0,(anonymous_7)
FNDA:0,(anonymous_8)
FNDA:0,(anonymous_9)
FNDA:3,(anonymous_10)
FNDA:24,(anonymous_11)
FNDA:0,(anonymous_12)
FNDA:0,(anonymous_13)
FNDA:0,(anonymous_14)
FNDA:27,(anonymous_15)
FNDA:0,(anonymous_16)
FNDA:0,(anonymous_17)
FNDA:0,(anonymous_18)
FNDA:0,(anonymous_19)
FNDA:0,(anonymous_20)
DA:2,5
DA:3,5
DA:5,5
DA:6,260
DA:7,0
DA:10,260
DA:11,0
DA:13,0
DA:14,0
DA:15,0
DA:17,0
DA:22,0
DA:23,0
DA:24,0
DA:28,0
DA:29,0
DA:30,0
DA:31,0
DA:32,0
DA:33,0
DA:37,0
DA:38,0
DA:39,0
DA:41,0
DA:42,0
DA:43,0
DA:44,0
DA:45,0
DA:46,0
DA:47,0
DA:48,0
DA:49,0
DA:54,0
DA:67,0
DA:68,0
DA:74,0
DA:75,0
DA:83,0
DA:84,0
DA:90,0
DA:91,0
DA:99,3
DA:100,3
DA:101,3
DA:103,3
DA:107,24
DA:108,24
DA:109,24
DA:111,24
DA:115,0
DA:116,0
DA:123,0
DA:127,0
DA:128,0
DA:130,0
DA:138,27
DA:139,27
DA:140,27
DA:141,27
DA:145,0
DA:146,0
DA:147,0
DA:148,0
DA:151,0
DA:153,0
DA:154,0
DA:163,0
LF:67
LH:17
BRDA:28,0,0,0
BRDA:30,1,0,0
BRDA:30,1,1,0
BRDA:30,2,0,0
BRDA:30,2,1,0
BRDA:36,3,0,0
BRDA:36,4,0,0
BRDA:37,5,0,0
BRDA:37,5,1,0
BRDA:38,6,0,0
BRDA:42,7,0,0
BRDA:66,8,0,0
BRDA:67,9,0,0
BRDA:67,9,1,0
BRDA:74,10,0,0
BRDA:82,11,0,0
BRDA:83,12,0,0
BRDA:83,12,1,0
BRDA:90,13,0,0
BRDA:100,14,0,3
BRDA:100,15,0,3
BRDA:100,15,1,3
BRDA:108,16,0,24
BRDA:108,17,0,24
BRDA:108,17,1,24
BRDA:109,18,0,0
BRDA:109,18,1,24
BRDA:127,19,0,0
BRDA:127,20,0,0
BRDA:127,20,1,0
BRDA:138,21,0,27
BRDA:138,21,1,0
BRDA:139,22,0,27
BRDA:139,22,1,0
BRDA:147,23,0,0
BRDA:147,23,1,0
BRF:36
BRH:9
end_of_record
TN:
SF:src/modules/analytics/analytics.controller.ts
FN:11,(anonymous_0)
FN:33,(anonymous_1)
FN:47,(anonymous_2)
FN:60,(anonymous_3)
FN:15,(anonymous_4)
FNF:5
FNH:2
FNDA:5,(anonymous_0)
FNDA:0,(anonymous_1)
FNDA:0,(anonymous_2)
FNDA:0,(anonymous_3)
FNDA:5,(anonymous_4)
DA:1,5
DA:2,5
DA:4,5
DA:5,5
DA:7,5
DA:8,5
DA:9,5
DA:10,5
DA:12,5
DA:16,5
DA:21,5
DA:26,5
DA:33,5
DA:38,0
DA:39,0
DA:40,0
DA:41,0
DA:43,0
DA:47,5
DA:52,0
DA:53,0
DA:54,0
DA:56,0
DA:60,5
DA:65,0
DA:66,0
DA:67,0
DA:68,0
DA:70,0
LF:29
LH:15
BRF:0
BRH:0
end_of_record
TN:
SF:src/modules/analytics/analytics.dto.ts
FNF:0
FNH:0
DA:1,5
DA:3,5
DA:4,5
DA:5,5
DA:6,5
LF:5
LH:5
BRF:0
BRH:0
end_of_record
TN:
SF:src/modules/analytics/analytics.service.ts
FN:11,(anonymous_0)
FN:23,(anonymous_1)
FN:30,(anonymous_2)
FN:39,(anonymous_3)
FN:58,(anonymous_4)
FN:84,(anonymous_5)
FN:94,(anonymous_6)
FN:103,(anonymous_7)
FN:140,(anonymous_8)
FN:145,(anonymous_9)
FN:160,(anonymous_10)
FN:166,(anonymous_11)
FN:179,(anonymous_12)
FN:183,(anonymous_13)
FN:189,(anonymous_14)
FN:201,(anonymous_15)
FN:202,(anonymous_16)
FN:203,(anonymous_17)
FN:209,(anonymous_18)
FN:213,(anonymous_19)
FNF:20
FNH:1
FNDA:5,(anonymous_0)
FNDA:0,(anonymous_1)
FNDA:0,(anonymous_2)
FNDA:0,(anonymous_3)
FNDA:0,(anonymous_4)
FNDA:0,(anonymous_5)
FNDA:0,(anonymous_6)
FNDA:0,(anonymous_7)
FNDA:0,(anonymous_8)
FNDA:0,(anonymous_9)
FNDA:0,(anonymous_10)
FNDA:0,(anonymous_11)
FNDA:0,(anonymous_12)
FNDA:0,(anonymous_13)
FNDA:0,(anonymous_14)
FNDA:0,(anonymous_15)
FNDA:0,(anonymous_16)
FNDA:0,(anonymous_17)
FNDA:0,(anonymous_18)
FNDA:0,(anonymous_19)
DA:1,5
DA:3,5
DA:9,5
DA:11,5
DA:12,5
DA:13,5
DA:14,5
DA:15,5
DA:24,0
DA:30,0
DA:31,0
DA:36,0
DA:42,0
DA:53,0
DA:54,0
DA:56,0
DA:57,0
DA:58,0
DA:59,0
DA:81,0
DA:85,0
DA:90,0
DA:93,0
DA:94,0
DA:95,0
DA:100,0
DA:106,0
DA:107,0
DA:125,0
DA:126,0
DA:128,0
DA:130,0
DA:136,0
DA:137,0
DA:145,0
DA:146,0
DA:147,0
DA:149,0
DA:150,0
DA:151,0
DA:153,0
DA:160,0
DA:161,0
DA:166,0
DA:167,0
DA:175,0
DA:176,0
DA:180,0
DA:189,0
DA:190,0
DA:191,0
DA:192,0
DA:193,0
DA:202,0
DA:203,0
DA:204,0
DA:205,0
DA:210,0
DA:214,0
LF:59
LH:8
BRDA:53,0,0,0
BRDA:150,1,0,0
BRDA:150,1,1,0
BRDA:153,2,0,0
BRDA:153,2,1,0
BRDA:154,3,0,0
BRDA:154,3,1,0
BRDA:154,3,2,0
BRDA:154,3,3,0
BRDA:154,3,4,0
BRDA:190,4,0,0
BRF:11
BRH:0
end_of_record
TN:
SF:src/modules/analytics/index.ts
FN:1,(anonymous_0)
FN:6,(anonymous_1)
FN:7,(anonymous_2)
FNF:3
FNH:3
FNDA:10,(anonymous_0)
FNDA:5,(anonymous_1)
FNDA:5,(anonymous_2)
DA:1,15
DA:6,10
DA:7,10
LF:3
LH:3
BRF:0
BRH:0
end_of_record
TN:
SF:src/modules/auth/auth.controller.ts
FN:15,(anonymous_0)
FN:38,(anonymous_1)
FN:52,(anonymous_2)
FN:73,(anonymous_3)
FN:87,(anonymous_4)
FN:19,(anonymous_5)
FNF:6
FNH:2
FNDA:5,(anonymous_0)
FNDA:0,(anonymous_1)
FNDA:0,(anonymous_2)
FNDA:0,(anonymous_3)
FNDA:0,(anonymous_4)
FNDA:5,(anonymous_5)
DA:1,5
DA:2,5
DA:3,5
DA:5,5
DA:6,5
DA:8,5
DA:10,5
DA:11,5
DA:12,5
DA:13,5
DA:14,5
DA:16,5
DA:20,5
DA:25,5
DA:30,5
DA:35,5
DA:38,5
DA:43,0
DA:44,0
DA:45,0
DA:46,0
DA:48,0
DA:52,5
DA:57,0
DA:58,0
DA:59,0
DA:60,0
DA:62,0
DA:73,5
DA:78,0
DA:79,0
DA:80,0
DA:81,0
DA:83,0
DA:87,5
DA:92,0
DA:93,0
DA:94,0
DA:95,0
DA:97,0
LF:40
LH:20
BRDA:64,0,0,0
BRDA:64,0,1,0
BRDA:64,1,0,0
BRDA:64,1,1,0
BRDA:64,2,0,0
BRDA:64,2,1,0
BRF:6
BRH:0
end_of_record
TN:
SF:src/modules/auth/auth.dto.ts
FNF:0
FNH:0
DA:1,5
DA:3,5
DA:4,5
DA:5,5
DA:6,5
DA:9,5
DA:10,5
DA:11,5
DA:12,5
DA:13,5
DA:16,5
DA:17,5
DA:18,5
DA:19,5
DA:20,5
DA:21,5
DA:22,5
DA:23,5
DA:24,5
LF:19
LH:19
BRF:0
BRH:0
end_of_record
TN:
SF:src/modules/auth/auth.service.ts
FN:20,(anonymous_7)
FN:23,(anonymous_8)
FN:54,(anonymous_9)
FN:55,(anonymous_10)
FN:81,(anonymous_11)
FN:94,(anonymous_12)
FN:98,(anonymous_13)
FN:115,(anonymous_14)
FN:129,(anonymous_15)
FN:143,(anonymous_16)
FN:144,(anonymous_17)
FNF:11
FNH:1
FNDA:5,(anonymous_7)
FNDA:0,(anonymous_8)
FNDA:0,(anonymous_9)
FNDA:0,(anonymous_10)
FNDA:0,(anonymous_11)
FNDA:0,(anonymous_12)
FNDA:0,(anonymous_13)
FNDA:0,(anonymous_14)
FNDA:0,(anonymous_15)
FNDA:0,(anonymous_16)
FNDA:0,(anonymous_17)
DA:1,5
DA:2,5
DA:3,5
DA:8,5
DA:16,5
DA:17,5
DA:20,5
DA:21,5
DA:27,0
DA:28,0
DA:31,0
DA:32,0
DA:33,0
DA:38,0
DA:43,0
DA:44,0
DA:45,0
DA:50,0
DA:55,0
DA:56,0
DA:57,0
DA:58,0
DA:59,0
DA:60,0
DA:62,0
DA:66,0
DA:67,0
DA:68,0
DA:70,0
DA:73,0
DA:76,0
DA:82,0
DA:83,0
DA:84,0
DA:85,0
DA:87,0
DA:90,0
DA:98,0
DA:99,0
DA:100,0
DA:101,0
DA:102,0
DA:104,0
DA:107,0
DA:108,0
DA:109,0
DA:110,0
DA:118,0
DA:125,0
DA:126,0
DA:130,0
DA:131,0
DA:132,0
DA:140,0
DA:144,0
DA:145,0
DA:146,0
DA:147,0
DA:148,0
DA:150,0
DA:153,0
LF:61
LH:8
BRDA:25,0,0,0
BRDA:27,1,0,0
BRDA:31,2,0,0
BRDA:31,2,1,0
BRDA:43,3,0,0
BRDA:43,3,1,0
BRDA:58,4,0,0
BRDA:58,4,1,0
BRDA:59,5,0,0
BRDA:59,6,0,0
BRDA:59,6,1,0
BRDA:66,7,0,0
BRDA:66,7,1,0
BRDA:84,8,0,0
BRDA:84,8,1,0
BRDA:99,9,0,0
BRDA:99,9,1,0
BRDA:100,10,0,0
BRDA:100,10,1,0
BRDA:119,11,0,0
BRDA:119,11,1,0
BRDA:119,12,0,0
BRDA:119,12,1,0
BRDA:147,13,0,0
BRDA:147,13,1,0
BRF:25
BRH:0
end_of_record
TN:
SF:src/modules/auth/index.ts
FN:1,(anonymous_0)
FN:1,(anonymous_1)
FN:1,(anonymous_2)
FN:2,(anonymous_3)
FN:3,(anonymous_4)
FNF:5
FNH:1
FNDA:0,(anonymous_0)
FNDA:0,(anonymous_1)
FNDA:0,(anonymous_2)
FNDA:5,(anonymous_3)
FNDA:0,(anonymous_4)
DA:1,5
DA:2,10
DA:3,5
LF:3
LH:3
BRF:0
BRH:0
end_of_record
TN:
SF:src/modules/brand/brand.aggregate.ts
FN:4,(anonymous_0)
FNF:1
FNH:0
FNDA:0,(anonymous_0)
DA:1,5
DA:4,5
DA:10,0
DA:32,0
DA:41,0
DA:51,0
DA:52,0
DA:53,0
DA:55,0
DA:57,0
LF:10
LH:2
BRDA:51,0,0,0
BRDA:51,0,1,0
BRDA:51,1,0,0
BRDA:51,1,1,0
BRF:4
BRH:0
end_of_record
TN:
SF:src/modules/brand/brand.controller.ts
FN:19,(anonymous_0)
FN:54,(anonymous_1)
FN:68,(anonymous_2)
FN:82,(anonymous_3)
FN:96,(anonymous_4)
FN:110,(anonymous_5)
FN:124,(anonymous_6)
FN:23,(anonymous_7)
FNF:8
FNH:3
FNDA:5,(anonymous_0)
FNDA:2,(anonymous_1)
FNDA:0,(anonymous_2)
FNDA:0,(anonymous_3)
FNDA:0,(anonymous_4)
FNDA:0,(anonymous_5)
FNDA:0,(anonymous_6)
FNDA:5,(anonymous_7)
DA:1,5
DA:2,5
DA:11,5
DA:12,5
DA:13,5
DA:15,5
DA:16,5
DA:17,5
DA:18,5
DA:20,5
DA:24,5
DA:29,5
DA:34,5
DA:39,5
DA:45,5
DA:51,5
DA:54,5
DA:59,2
DA:60,2
DA:61,2
DA:62,2
DA:64,0
DA:68,5
DA:73,0
DA:74,0
DA:75,0
DA:76,0
DA:78,0
DA:82,5
DA:87,0
DA:88,0
DA:89,0
DA:90,0
DA:92,0
DA:96,5
DA:101,0
DA:102,0
DA:103,0
DA:104,0
DA:106,0
DA:110,5
DA:115,0
DA:116,0
DA:117,0
DA:118,0
DA:120,0
DA:124,5
DA:129,0
DA:130,0
DA:131,0
DA:132,0
DA:133,0
DA:135,0
LF:53
LH:26
BRDA:132,0,0,0
BRDA:132,0,1,0
BRF:2
BRH:0
end_of_record
TN:
SF:src/modules/brand/brand.dto.ts
FNF:0
FNH:0
DA:1,5
DA:8,5
DA:10,5
DA:11,5
DA:14,5
DA:15,5
DA:16,5
DA:17,5
DA:18,5
DA:21,5
DA:22,5
DA:23,5
DA:24,5
DA:27,5
DA:28,5
DA:29,5
DA:30,5
DA:31,5
LF:18
LH:18
BRF:0
BRH:0
end_of_record
TN:
SF:src/modules/brand/brand.model.ts
FN:20,(anonymous_6)
FNF:1
FNH:1
FNDA:4,(anonymous_6)
DA:1,5
DA:4,5
DA:18,5
DA:21,4
DA:25,5
DA:39,5
DA:40,5
DA:42,5
LF:8
LH:8
BRF:0
BRH:0
end_of_record
TN:
SF:src/modules/brand/brand.service.ts
FN:15,(anonymous_0)
FN:23,(anonymous_1)
FN:57,(anonymous_2)
FN:88,(anonymous_3)
FN:96,(anonymous_4)
FN:106,(anonymous_5)
FN:117,(anonymous_6)
FNF:7
FNH:2
FNDA:5,(anonymous_0)
FNDA:2,(anonymous_1)
FNDA:0,(anonymous_2)
FNDA:0,(anonymous_3)
FNDA:0,(anonymous_4)
FNDA:0,(anonymous_5)
FNDA:0,(anonymous_6)
DA:1,5
DA:3,5
DA:12,5
DA:13,5
DA:15,5
DA:16,5
DA:17,5
DA:18,5
DA:19,5
DA:26,2
DA:27,2
DA:29,2
DA:30,2
DA:31,2
DA:38,2
DA:39,2
DA:40,2
DA:46,2
DA:48,0
DA:53,0
DA:58,0
DA:60,0
DA:61,0
DA:62,0
DA:68,0
DA:69,0
DA:70,0
DA:71,0
DA:76,0
DA:81,0
DA:83,0
DA:84,0
DA:89,0
DA:90,0
DA:92,0
DA:97,0
DA:98,0
DA:99,0
DA:100,0
DA:102,0
DA:107,0
DA:108,0
DA:109,0
DA:113,0
DA:118,0
DA:119,0
DA:120,0
DA:121,0
DA:123,0
LF:49
LH:18
BRDA:27,0,0,2
BRDA:27,0,1,0
BRF:2
BRH:1
end_of_record
TN:
SF:src/modules/brand/index.ts
FN:1,(anonymous_0)
FN:2,(anonymous_1)
FN:4,(anonymous_2)
FN:5,(anonymous_3)
FN:6,(anonymous_4)
FN:7,(anonymous_5)
FN:10,(anonymous_6)
FN:11,(anonymous_7)
FNF:8
FNH:7
FNDA:5,(anonymous_0)
FNDA:0,(anonymous_1)
FNDA:5,(anonymous_2)
FNDA:5,(anonymous_3)
FNDA:5,(anonymous_4)
FNDA:5,(anonymous_5)
FNDA:10,(anonymous_6)
FNDA:5,(anonymous_7)
DA:1,10
DA:2,5
DA:3,5
DA:4,10
DA:5,10
DA:6,10
DA:7,10
DA:10,15
DA:11,10
LF:9
LH:9
BRF:0
BRH:0
end_of_record
TN:
SF:src/modules/cache/cache.config.ts
FNF:0
FNH:0
DA:3,5
LF:1
LH:1
BRF:0
BRH:0
end_of_record
TN:
SF:src/modules/cache/cache.controller.ts
FN:12,(anonymous_0)
FN:26,(anonymous_1)
FN:38,(anonymous_2)
FN:52,(anonymous_3)
FN:16,(anonymous_4)
FNF:5
FNH:2
FNDA:5,(anonymous_0)
FNDA:0,(anonymous_1)
FNDA:0,(anonymous_2)
FNDA:0,(anonymous_3)
FNDA:5,(anonymous_4)
DA:1,5
DA:2,5
DA:3,5
DA:5,5
DA:7,5
DA:8,5
DA:9,5
DA:11,5
DA:13,5
DA:17,5
DA:18,5
DA:23,5
DA:26,5
DA:31,0
DA:32,0
DA:33,0
DA:35,0
DA:38,5
DA:43,0
DA:44,0
DA:45,0
DA:46,0
DA:48,0
DA:52,5
DA:57,0
DA:58,0
DA:59,0
DA:61,0
LF:28
LH:15
BRF:0
BRH:0
end_of_record
TN:
SF:src/modules/cache/cache.service.ts
FN:9,(anonymous_1)
FN:13,(anonymous_2)
FN:26,(anonymous_3)
FN:31,(anonymous_4)
FN:40,(anonymous_5)
FN:59,(anonymous_6)
FN:80,(anonymous_7)
FN:96,(anonymous_8)
FN:109,(anonymous_9)
FN:122,(anonymous_10)
FN:138,(anonymous_11)
FNF:11
FNH:5
FNDA:3,(anonymous_1)
FNDA:0,(anonymous_2)
FNDA:5,(anonymous_3)
FNDA:35,(anonymous_4)
FNDA:5,(anonymous_5)
FNDA:0,(anonymous_6)
FNDA:0,(anonymous_7)
FNDA:0,(anonymous_8)
FNDA:0,(anonymous_9)
FNDA:6,(anonymous_10)
FNDA:0,(anonymous_11)
DA:1,5
DA:2,5
DA:3,5
DA:4,5
DA:6,5
DA:10,3
DA:14,0
DA:15,0
DA:17,0
DA:19,0
DA:20,0
DA:22,0
DA:27,5
DA:28,5
DA:29,5
DA:30,5
DA:31,35
DA:33,5
DA:34,5
DA:36,0
DA:41,5
DA:42,2
DA:44,5
DA:45,5
DA:47,5
DA:48,5
DA:49,5
DA:50,5
DA:52,0
DA:55,0
DA:60,0
DA:61,0
DA:62,0
DA:64,0
DA:65,0
DA:66,0
DA:67,0
DA:68,0
DA:69,0
DA:70,0
DA:71,0
DA:77,0
DA:80,0
DA:81,0
DA:82,0
DA:84,0
DA:85,0
DA:87,0
DA:89,0
DA:91,0
DA:92,0
DA:97,0
DA:98,0
DA:99,0
DA:101,0
DA:102,0
DA:104,0
DA:105,0
DA:110,0
DA:111,0
DA:112,0
DA:114,0
DA:115,0
DA:117,0
DA:118,0
DA:123,6
DA:124,6
DA:125,1
DA:127,6
DA:128,6
DA:129,3
DA:131,6
DA:133,0
DA:134,0
DA:139,0
DA:140,0
DA:141,0
DA:142,0
DA:143,0
DA:144,0
LF:80
LH:28
BRDA:14,0,0,0
BRDA:19,1,0,0
BRDA:19,1,1,0
BRDA:31,2,0,35
BRDA:31,2,1,9
BRDA:33,3,0,5
BRDA:33,3,1,0
BRDA:40,4,0,0
BRDA:41,5,0,2
BRDA:45,6,0,5
BRDA:45,6,1,0
BRDA:47,7,0,3
BRDA:47,7,1,2
BRDA:49,8,0,5
BRDA:49,8,1,0
BRDA:61,9,0,0
BRDA:81,10,0,0
BRDA:84,11,0,0
BRDA:98,12,0,0
BRDA:111,13,0,0
BRDA:124,14,0,1
BRDA:139,15,0,0
BRF:22
BRH:9
end_of_record
TN:
SF:src/modules/cache/index.ts
FN:1,(anonymous_0)
FN:3,(anonymous_1)
FN:4,(anonymous_2)
FNF:3
FNH:3
FNDA:5,(anonymous_0)
FNDA:5,(anonymous_1)
FNDA:115,(anonymous_2)
DA:1,10
DA:3,10
DA:4,120
LF:3
LH:3
BRF:0
BRH:0
end_of_record
TN:
SF:src/modules/car/car.aggregate.ts
FN:17,(anonymous_1)
FN:74,(anonymous_2)
FN:126,(anonymous_3)
FN:173,(anonymous_4)
FN:179,(anonymous_5)
FN:215,(anonymous_6)
FNF:6
FNH:1
FNDA:2,(anonymous_1)
FNDA:0,(anonymous_2)
FNDA:0,(anonymous_3)
FNDA:0,(anonymous_4)
FNDA:0,(anonymous_5)
FNDA:0,(anonymous_6)
DA:1,5
DA:2,5
DA:15,5
DA:17,5
DA:23,2
DA:24,2
DA:36,2
DA:37,2
DA:38,2
DA:48,2
DA:49,0
DA:51,2
DA:52,2
DA:53,2
DA:54,1
DA:55,1
DA:56,1
DA:57,1
DA:60,1
DA:63,1
DA:68,2
DA:69,0
DA:71,2
DA:74,5
DA:126,5
DA:173,5
DA:179,5
DA:215,5
DA:216,0
LF:29
LH:26
BRDA:48,0,0,0
BRDA:48,1,0,2
BRDA:48,1,1,0
BRDA:51,2,0,2
BRDA:53,3,0,1
BRDA:68,4,0,0
BRF:6
BRH:3
end_of_record
TN:
SF:src/modules/car/car.controller.ts
FN:25,(anonymous_0)
FN:89,(anonymous_1)
FN:103,(anonymous_2)
FN:117,(anonymous_3)
FN:131,(anonymous_4)
FN:145,(anonymous_5)
FN:158,(anonymous_6)
FN:172,(anonymous_7)
FN:187,(anonymous_8)
FN:201,(anonymous_9)
FN:215,(anonymous_10)
FN:229,(anonymous_11)
FN:252,(anonymous_12)
FN:265,(anonymous_13)
FN:29,(anonymous_14)
FNF:15
FNH:3
FNDA:5,(anonymous_0)
FNDA:2,(anonymous_1)
FNDA:0,(anonymous_2)
FNDA:0,(anonymous_3)
FNDA:0,(anonymous_4)
FNDA:0,(anonymous_5)
FNDA:0,(anonymous_6)
FNDA:0,(anonymous_7)
FNDA:0,(anonymous_8)
FNDA:0,(anonymous_9)
FNDA:0,(anonymous_10)
FNDA:0,(anonymous_11)
FNDA:0,(anonymous_12)
FNDA:0,(anonymous_13)
FNDA:5,(anonymous_14)
DA:1,5
DA:2,5
DA:11,5
DA:12,5
DA:14,5
DA:21,5
DA:22,5
DA:23,5
DA:24,5
DA:26,5
DA:30,5
DA:35,5
DA:40,5
DA:45,5
DA:50,5
DA:51,5
DA:56,5
DA:61,5
DA:66,5
DA:71,5
DA:76,5
DA:77,5
DA:82,5
DA:89,5
DA:94,2
DA:95,2
DA:96,2
DA:97,2
DA:99,0
DA:103,5
DA:108,0
DA:109,0
DA:110,0
DA:111,0
DA:113,0
DA:117,5
DA:122,0
DA:123,0
DA:124,0
DA:125,0
DA:127,0
DA:131,5
DA:136,0
DA:137,0
DA:138,0
DA:139,0
DA:141,0
DA:145,5
DA:150,0
DA:151,0
DA:152,0
DA:154,0
DA:158,5
DA:163,0
DA:164,0
DA:165,0
DA:166,0
DA:168,0
DA:172,5
DA:177,0
DA:178,0
DA:179,0
DA:180,0
DA:181,0
DA:183,0
DA:187,5
DA:192,0
DA:193,0
DA:194,0
DA:195,0
DA:197,0
DA:201,5
DA:206,0
DA:207,0
DA:208,0
DA:209,0
DA:211,0
DA:215,5
DA:220,0
DA:221,0
DA:222,0
DA:223,0
DA:225,0
DA:229,5
DA:234,0
DA:235,0
DA:236,0
DA:237,0
DA:238,0
DA:239,0
DA:240,0
DA:243,0
DA:245,0
DA:248,0
DA:252,5
DA:257,0
DA:258,0
DA:259,0
DA:261,0
DA:265,5
DA:270,0
DA:271,0
DA:272,0
DA:274,0
LF:104
LH:40
BRDA:239,0,0,0
BRDA:239,0,1,0
BRDA:240,1,0,0
BRDA:240,1,1,0
BRF:4
BRH:0
end_of_record
TN:
SF:src/modules/car/car.dto.ts
FNF:0
FNH:0
DA:1,5
DA:2,5
DA:4,5
DA:5,5
DA:6,5
DA:9,5
DA:10,5
DA:11,5
DA:14,5
DA:15,5
DA:16,5
DA:17,5
DA:18,5
DA:19,5
DA:20,5
DA:21,5
DA:22,5
DA:23,5
DA:24,5
DA:27,5
DA:28,5
DA:31,5
DA:32,5
DA:33,5
DA:34,5
DA:35,5
DA:36,5
DA:37,5
DA:38,5
DA:39,5
DA:40,5
DA:41,5
LF:32
LH:32
BRF:0
BRH:0
end_of_record
TN:
SF:src/modules/car/car.helper.ts
FN:20,(anonymous_0)
FN:29,(anonymous_1)
FN:33,(anonymous_2)
FN:41,(anonymous_3)
FN:45,(anonymous_4)
FN:50,(anonymous_5)
FN:54,(anonymous_6)
FN:59,(anonymous_7)
FN:61,(anonymous_8)
FN:85,(anonymous_9)
FN:86,(anonymous_10)
FN:91,(anonymous_11)
FN:92,(anonymous_12)
FN:95,(anonymous_13)
FN:96,(anonymous_14)
FN:105,(anonymous_15)
FN:107,(anonymous_16)
FN:110,(anonymous_17)
FN:115,(anonymous_18)
FN:119,(anonymous_19)
FN:122,(anonymous_20)
FN:125,(anonymous_21)
FN:128,(anonymous_22)
FN:131,(anonymous_23)
FN:147,(anonymous_24)
FN:235,(anonymous_25)
FN:236,(anonymous_26)
FN:241,(anonymous_27)
FN:242,(anonymous_28)
FN:247,(anonymous_29)
FN:294,(anonymous_30)
FN:301,(anonymous_31)
FN:311,(anonymous_32)
FN:319,(anonymous_33)
FN:329,(anonymous_34)
FN:339,(anonymous_35)
FN:346,(anonymous_36)
FN:353,(anonymous_37)
FN:361,(anonymous_38)
FN:370,(anonymous_39)
FN:387,(anonymous_40)
FN:398,(anonymous_41)
FNF:42
FNH:0
FNDA:0,(anonymous_0)
FNDA:0,(anonymous_1)
FNDA:0,(anonymous_2)
FNDA:0,(anonymous_3)
FNDA:0,(anonymous_4)
FNDA:0,(anonymous_5)
FNDA:0,(anonymous_6)
FNDA:0,(anonymous_7)
FNDA:0,(anonymous_8)
FNDA:0,(anonymous_9)
FNDA:0,(anonymous_10)
FNDA:0,(anonymous_11)
FNDA:0,(anonymous_12)
FNDA:0,(anonymous_13)
FNDA:0,(anonymous_14)
FNDA:0,(anonymous_15)
FNDA:0,(anonymous_16)
FNDA:0,(anonymous_17)
FNDA:0,(anonymous_18)
FNDA:0,(anonymous_19)
FNDA:0,(anonymous_20)
FNDA:0,(anonymous_21)
FNDA:0,(anonymous_22)
FNDA:0,(anonymous_23)
FNDA:0,(anonymous_24)
FNDA:0,(anonymous_25)
FNDA:0,(anonymous_26)
FNDA:0,(anonymous_27)
FNDA:0,(anonymous_28)
FNDA:0,(anonymous_29)
FNDA:0,(anonymous_30)
FNDA:0,(anonymous_31)
FNDA:0,(anonymous_32)
FNDA:0,(anonymous_33)
FNDA:0,(anonymous_34)
FNDA:0,(anonymous_35)
FNDA:0,(anonymous_36)
FNDA:0,(anonymous_37)
FNDA:0,(anonymous_38)
FNDA:0,(anonymous_39)
FNDA:0,(anonymous_40)
FNDA:0,(anonymous_41)
DA:2,5
DA:12,5
DA:13,5
DA:14,5
DA:15,5
DA:16,5
DA:18,5
DA:24,0
DA:25,0
DA:26,0
DA:27,0
DA:28,0
DA:29,0
DA:30,0
DA:37,0
DA:38,0
DA:39,0
DA:40,0
DA:41,0
DA:42,0
DA:46,0
DA:47,0
DA:48,0
DA:49,0
DA:50,0
DA:51,0
DA:58,0
DA:60,0
DA:61,0
DA:64,0
DA:65,0
DA:66,0
DA:67,0
DA:83,0
DA:84,0
DA:85,0
DA:87,0
DA:90,0
DA:91,0
DA:93,0
DA:94,0
DA:95,0
DA:96,0
DA:97,0
DA:98,0
DA:99,0
DA:102,0
DA:106,0
DA:107,0
DA:109,0
DA:111,0
DA:114,0
DA:116,0
DA:118,0
DA:119,0
DA:121,0
DA:122,0
DA:124,0
DA:125,0
DA:127,0
DA:128,0
DA:130,0
DA:132,0
DA:134,0
DA:148,0
DA:217,0
DA:218,0
DA:219,0
DA:220,0
DA:221,0
DA:226,0
DA:232,0
DA:236,0
DA:237,0
DA:238,0
DA:242,0
DA:243,0
DA:244,0
DA:261,0
DA:262,0
DA:263,0
DA:264,0
DA:266,0
DA:267,0
DA:269,0
DA:270,0
DA:272,0
DA:273,0
DA:275,0
DA:276,0
DA:278,0
DA:279,0
DA:281,0
DA:282,0
DA:284,0
DA:285,0
DA:287,0
DA:288,0
DA:290,0
DA:293,0
DA:294,0
DA:298,0
DA:302,0
DA:306,0
DA:308,0
DA:312,0
DA:313,0
DA:314,0
DA:316,0
DA:320,0
DA:321,0
DA:322,0
DA:323,0
DA:326,0
DA:330,0
DA:331,0
DA:332,0
DA:333,0
DA:336,0
DA:340,0
DA:341,0
DA:343,0
DA:347,0
DA:348,0
DA:350,0
DA:354,0
DA:355,0
DA:357,0
DA:366,0
DA:367,0
DA:368,0
DA:369,0
DA:370,0
DA:372,0
DA:373,0
DA:374,0
DA:376,0
DA:379,0
DA:380,0
DA:382,0
DA:384,0
DA:391,0
DA:392,0
DA:393,0
DA:395,0
DA:403,0
DA:404,0
DA:405,0
DA:407,0
LF:149
LH:7
BRDA:83,0,0,0
BRDA:83,0,1,0
BRDA:111,1,0,0
BRDA:111,1,1,0
BRDA:116,2,0,0
BRDA:116,2,1,0
BRDA:264,3,0,0
BRDA:264,3,1,0
BRDA:264,3,2,0
BRDA:264,3,3,0
BRDA:264,3,4,0
BRDA:264,3,5,0
BRDA:264,3,6,0
BRDA:264,3,7,0
BRDA:287,4,0,0
BRDA:302,5,0,0
BRDA:303,6,0,0
BRDA:303,6,1,0
BRDA:303,6,2,0
BRDA:303,6,3,0
BRDA:313,7,0,0
BRDA:313,8,0,0
BRDA:313,8,1,0
BRDA:321,9,0,0
BRDA:322,10,0,0
BRDA:322,11,0,0
BRDA:322,11,1,0
BRDA:331,12,0,0
BRDA:332,13,0,0
BRDA:332,14,0,0
BRDA:332,14,1,0
BRDA:340,15,0,0
BRDA:347,16,0,0
BRDA:354,17,0,0
BRDA:367,18,0,0
BRDA:367,18,1,0
BRDA:370,19,0,0
BRDA:370,19,1,0
BRDA:373,20,0,0
BRDA:377,21,0,0
BRDA:377,21,1,0
BRDA:377,22,0,0
BRDA:377,22,1,0
BRDA:377,23,0,0
BRDA:377,23,1,0
BRDA:377,24,0,0
BRDA:377,24,1,0
BRDA:377,25,0,0
BRDA:377,25,1,0
BRDA:377,26,0,0
BRDA:377,26,1,0
BRDA:377,27,0,0
BRDA:377,27,1,0
BRDA:377,28,0,0
BRDA:377,28,1,0
BRDA:392,29,0,0
BRDA:404,30,0,0
BRF:57
BRH:0
end_of_record
TN:
SF:src/modules/car/car.model.ts
FN:69,(anonymous_6)
FNF:1
FNH:0
FNDA:0,(anonymous_6)
DA:1,5
DA:4,5
DA:9,5
DA:14,5
DA:43,5
DA:63,5
DA:64,5
DA:65,5
DA:67,5
DA:70,0
DA:74,5
LF:11
LH:10
BRF:0
BRH:0
end_of_record
TN:
SF:src/modules/car/car.service.ts
FN:28,(anonymous_0)
FN:47,(anonymous_1)
FN:50,(anonymous_2)
FN:76,(anonymous_3)
FN:86,(anonymous_4)
FN:96,(anonymous_5)
FN:137,(anonymous_6)
FN:158,(anonymous_7)
FN:168,(anonymous_8)
FN:169,(anonymous_9)
FN:199,(anonymous_10)
FN:200,(anonymous_11)
FN:215,(anonymous_12)
FN:241,(anonymous_13)
FN:242,(anonymous_14)
FN:256,(anonymous_15)
FN:272,(anonymous_16)
FN:284,(anonymous_17)
FN:294,(anonymous_18)
FN:302,(anonymous_19)
FN:310,(anonymous_20)
FN:320,(anonymous_21)
FN:325,(anonymous_22)
FNF:23
FNH:3
FNDA:15,(anonymous_0)
FNDA:2,(anonymous_1)
FNDA:2,(anonymous_2)
FNDA:0,(anonymous_3)
FNDA:0,(anonymous_4)
FNDA:0,(anonymous_5)
FNDA:0,(anonymous_6)
FNDA:0,(anonymous_7)
FNDA:0,(anonymous_8)
FNDA:0,(anonymous_9)
FNDA:0,(anonymous_10)
FNDA:0,(anonymous_11)
FNDA:0,(anonymous_12)
FNDA:0,(anonymous_13)
FNDA:0,(anonymous_14)
FNDA:0,(anonymous_15)
FNDA:0,(anonymous_16)
FNDA:0,(anonymous_17)
FNDA:0,(anonymous_18)
FNDA:0,(anonymous_19)
FNDA:0,(anonymous_20)
FNDA:0,(anonymous_21)
FNDA:0,(anonymous_22)
DA:2,5
DA:4,5
DA:6,5
DA:7,5
DA:8,5
DA:25,5
DA:26,5
DA:28,5
DA:29,15
DA:30,15
DA:31,15
DA:32,15
DA:33,15
DA:50,2
DA:51,2
DA:53,2
DA:54,2
DA:60,2
DA:61,2
DA:62,2
DA:63,2
DA:69,2
DA:71,0
DA:77,0
DA:78,0
DA:79,0
DA:80,0
DA:82,0
DA:87,0
DA:88,0
DA:89,0
DA:90,0
DA:92,0
DA:97,0
DA:98,0
DA:106,0
DA:107,0
DA:113,0
DA:114,0
DA:116,0
DA:120,0
DA:122,0
DA:123,0
DA:126,0
DA:129,0
DA:130,0
DA:132,0
DA:133,0
DA:138,0
DA:139,0
DA:140,0
DA:141,0
DA:142,0
DA:143,0
DA:144,0
DA:145,0
DA:146,0
DA:147,0
DA:148,0
DA:149,0
DA:150,0
DA:152,0
DA:154,0
DA:159,0
DA:160,0
DA:161,0
DA:162,0
DA:164,0
DA:169,0
DA:170,0
DA:172,0
DA:173,0
DA:174,0
DA:175,0
DA:176,0
DA:182,0
DA:189,0
DA:191,0
DA:193,0
DA:194,0
DA:200,0
DA:201,0
DA:202,0
DA:203,0
DA:204,0
DA:207,0
DA:208,0
DA:210,0
DA:216,0
DA:217,0
DA:218,0
DA:219,0
DA:220,0
DA:221,0
DA:222,0
DA:233,0
DA:235,0
DA:237,0
DA:242,0
DA:243,0
DA:244,0
DA:247,0
DA:248,0
DA:249,0
DA:251,0
DA:257,0
DA:258,0
DA:259,0
DA:260,0
DA:262,0
DA:265,0
DA:268,0
DA:273,0
DA:277,0
DA:278,0
DA:280,0
DA:285,0
DA:286,0
DA:287,0
DA:288,0
DA:290,0
DA:295,0
DA:296,0
DA:297,0
DA:299,0
DA:303,0
DA:304,0
DA:305,0
DA:307,0
DA:311,0
DA:312,0
DA:313,0
DA:315,0
DA:321,0
DA:322,0
DA:323,0
DA:324,0
DA:325,0
DA:326,0
DA:327,0
DA:330,0
DA:334,0
LF:142
LH:22
BRDA:107,0,0,0
BRDA:107,0,1,0
BRDA:107,0,2,0
BRDA:107,0,3,0
BRDA:107,0,4,0
BRDA:107,0,5,0
BRDA:107,0,6,0
BRDA:107,0,7,0
BRDA:174,1,0,0
BRDA:174,1,1,0
BRDA:175,2,0,0
BRDA:175,2,1,0
BRDA:175,3,0,0
BRDA:175,3,1,0
BRDA:256,4,0,0
BRDA:258,5,0,0
BRDA:258,5,1,0
BRDA:259,6,0,0
BRDA:259,6,1,0
BRDA:259,7,0,0
BRDA:259,7,1,0
BRDA:277,8,0,0
BRDA:277,8,1,0
BRF:23
BRH:0
end_of_record
TN:
SF:src/modules/car/index.ts
FN:1,(anonymous_0)
FN:3,(anonymous_1)
FN:4,(anonymous_2)
FN:5,(anonymous_3)
FN:6,(anonymous_4)
FN:7,(anonymous_5)
FN:9,(anonymous_6)
FN:17,(anonymous_7)
FN:18,(anonymous_8)
FN:20,(anonymous_9)
FN:21,(anonymous_10)
FN:22,(anonymous_11)
FN:23,(anonymous_12)
FN:24,(anonymous_13)
FN:25,(anonymous_14)
FNF:15
FNH:10
FNDA:15,(anonymous_0)
FNDA:5,(anonymous_1)
FNDA:5,(anonymous_2)
FNDA:5,(anonymous_3)
FNDA:5,(anonymous_4)
FNDA:5,(anonymous_5)
FNDA:12,(anonymous_6)
FNDA:5,(anonymous_7)
FNDA:15,(anonymous_8)
FNDA:2,(anonymous_9)
FNDA:0,(anonymous_10)
FNDA:0,(anonymous_11)
FNDA:0,(anonymous_12)
FNDA:0,(anonymous_13)
FNDA:0,(anonymous_14)
DA:1,20
DA:2,5
DA:3,10
DA:4,10
DA:5,10
DA:6,10
DA:7,10
DA:9,17
DA:17,10
DA:18,20
DA:19,5
DA:20,7
DA:21,5
DA:22,5
DA:23,5
DA:24,5
DA:25,5
LF:17
LH:17
BRF:0
BRH:0
end_of_record
TN:
SF:src/modules/crontab/crontab.service.ts
FN:8,(anonymous_7)
FN:12,(anonymous_8)
FN:27,(anonymous_9)
FN:35,(anonymous_10)
FN:38,(anonymous_11)
FN:43,(anonymous_12)
FN:46,(anonymous_13)
FN:49,(anonymous_14)
FN:96,(anonymous_15)
FN:111,(anonymous_16)
FN:121,(anonymous_17)
FN:130,(anonymous_18)
FN:140,(anonymous_19)
FN:143,(anonymous_20)
FN:161,(anonymous_21)
FN:176,(anonymous_22)
FN:177,(anonymous_23)
FN:188,(anonymous_24)
FN:189,(anonymous_25)
FN:199,(anonymous_26)
FN:201,(anonymous_27)
FN:202,(anonymous_28)
FNF:22
FNH:16
FNDA:10,(anonymous_7)
FNDA:2,(anonymous_8)
FNDA:2,(anonymous_9)
FNDA:3,(anonymous_10)
FNDA:3,(anonymous_11)
FNDA:2,(anonymous_12)
FNDA:2,(anonymous_13)
FNDA:0,(anonymous_14)
FNDA:1,(anonymous_15)
FNDA:2,(anonymous_16)
FNDA:2,(anonymous_17)
FNDA:0,(anonymous_18)
FNDA:0,(anonymous_19)
FNDA:0,(anonymous_20)
FNDA:1,(anonymous_21)
FNDA:2,(anonymous_22)
FNDA:0,(anonymous_23)
FNDA:2,(anonymous_24)
FNDA:1,(anonymous_25)
FNDA:1,(anonymous_26)
FNDA:1,(anonymous_27)
FNDA:0,(anonymous_28)
DA:1,5
DA:2,5
DA:3,5
DA:4,5
DA:5,5
DA:8,5
DA:9,10
DA:10,10
DA:13,2
DA:14,2
DA:15,2
DA:17,2
DA:18,2
DA:19,2
DA:20,2
DA:21,2
DA:23,0
DA:31,2
DA:34,2
DA:35,3
DA:37,2
DA:38,3
DA:40,2
DA:46,2
DA:47,2
DA:48,2
DA:49,1
DA:50,0
DA:51,0
DA:52,0
DA:55,0
DA:59,0
DA:60,0
DA:64,0
DA:67,0
DA:72,1
DA:73,1
DA:75,0
DA:78,0
DA:82,1
DA:87,1
DA:90,0
DA:91,0
DA:102,1
DA:112,2
DA:113,2
DA:114,2
DA:117,0
DA:122,2
DA:124,2
DA:128,2
DA:129,0
DA:130,0
DA:131,0
DA:134,0
DA:135,0
DA:136,0
DA:138,0
DA:141,0
DA:144,0
DA:148,0
DA:157,0
DA:162,1
DA:166,1
DA:173,1
DA:177,2
DA:178,0
DA:179,0
DA:181,0
DA:182,0
DA:184,0
DA:189,2
DA:190,2
DA:197,2
DA:199,1
DA:201,1
DA:202,0
LF:77
LH:46
BRDA:59,0,0,0
BRDA:59,0,1,0
BRDA:72,1,0,1
BRDA:72,1,1,0
BRDA:128,2,0,0
BRDA:178,3,0,0
BRDA:181,4,0,0
BRDA:192,5,0,1
BRDA:192,5,1,1
BRDA:201,6,0,0
BRDA:201,6,1,2
BRF:11
BRH:4
end_of_record
TN:
SF:src/modules/crontab/index.ts
FN:2,(anonymous_0)
FNF:1
FNH:1
FNDA:10,(anonymous_0)
DA:2,15
LF:1
LH:1
BRF:0
BRH:0
end_of_record
TN:
SF:src/modules/default/default.controller.ts
FN:8,(anonymous_0)
FN:16,(anonymous_1)
FN:12,(anonymous_2)
FNF:3
FNH:3
FNDA:5,(anonymous_0)
FNDA:1,(anonymous_1)
FNDA:5,(anonymous_2)
DA:1,5
DA:4,5
DA:5,5
DA:6,5
DA:9,5
DA:13,5
DA:16,5
DA:17,1
LF:8
LH:8
BRF:0
BRH:0
end_of_record
TN:
SF:src/modules/image/image.controller.ts
FN:24,(anonymous_0)
FN:67,(anonymous_1)
FN:81,(anonymous_2)
FN:95,(anonymous_3)
FN:109,(anonymous_4)
FN:123,(anonymous_5)
FN:137,(anonymous_6)
FN:151,(anonymous_7)
FN:164,(anonymous_8)
FN:28,(anonymous_9)
FNF:10
FNH:3
FNDA:5,(anonymous_0)
FNDA:1,(anonymous_1)
FNDA:0,(anonymous_2)
FNDA:0,(anonymous_3)
FNDA:0,(anonymous_4)
FNDA:0,(anonymous_5)
FNDA:0,(anonymous_6)
FNDA:0,(anonymous_7)
FNDA:0,(anonymous_8)
FNDA:5,(anonymous_9)
DA:1,5
DA:2,5
DA:3,5
DA:5,5
DA:11,5
DA:19,5
DA:20,5
DA:21,5
DA:23,5
DA:25,5
DA:29,5
DA:35,5
DA:41,5
DA:46,5
DA:52,5
DA:58,5
DA:59,5
DA:60,5
DA:67,5
DA:72,1
DA:73,1
DA:74,1
DA:75,1
DA:77,0
DA:81,5
DA:86,0
DA:87,0
DA:88,0
DA:89,0
DA:91,0
DA:95,5
DA:100,0
DA:101,0
DA:102,0
DA:103,0
DA:105,0
DA:109,5
DA:114,0
DA:115,0
DA:116,0
DA:117,0
DA:119,0
DA:123,5
DA:128,0
DA:129,0
DA:130,0
DA:131,0
DA:133,0
DA:137,5
DA:142,0
DA:143,0
DA:144,0
DA:145,0
DA:147,0
DA:151,5
DA:156,0
DA:157,0
DA:158,0
DA:160,0
DA:164,5
DA:169,0
DA:170,0
DA:171,0
DA:173,0
LF:64
LH:30
BRF:0
BRH:0
end_of_record
TN:
SF:src/modules/image/image.dto.ts
FNF:0
FNH:0
DA:1,5
DA:2,5
DA:4,5
DA:5,5
DA:8,5
DA:9,5
DA:10,5
DA:13,5
DA:14,5
DA:15,5
DA:16,5
DA:19,5
DA:20,5
DA:21,5
LF:14
LH:14
BRF:0
BRH:0
end_of_record
TN:
SF:src/modules/image/image.model.ts
FN:48,(anonymous_6)
FNF:1
FNH:0
FNDA:0,(anonymous_6)
DA:2,5
DA:4,5
DA:46,5
DA:49,0
DA:53,5
LF:5
LH:4
BRF:0
BRH:0
end_of_record
TN:
SF:src/modules/image/image.service.ts
FN:18,(anonymous_1)
FN:31,(anonymous_2)
FN:85,(anonymous_3)
FN:93,(anonymous_4)
FN:101,(anonymous_5)
FN:109,(anonymous_6)
FN:110,(anonymous_7)
FN:128,(anonymous_8)
FN:149,(anonymous_9)
FN:178,(anonymous_10)
FN:186,(anonymous_11)
FN:192,(anonymous_12)
FN:194,(anonymous_13)
FN:208,(anonymous_14)
FN:219,(anonymous_15)
FN:231,(anonymous_16)
FN:232,(anonymous_17)
FN:237,(anonymous_18)
FN:265,(anonymous_19)
FN:266,(anonymous_20)
FNF:20
FNH:2
FNDA:5,(anonymous_1)
FNDA:1,(anonymous_2)
FNDA:0,(anonymous_3)
FNDA:0,(anonymous_4)
FNDA:0,(anonymous_5)
FNDA:0,(anonymous_6)
FNDA:0,(anonymous_7)
FNDA:0,(anonymous_8)
FNDA:0,(anonymous_9)
FNDA:0,(anonymous_10)
FNDA:0,(anonymous_11)
FNDA:0,(anonymous_12)
FNDA:0,(anonymous_13)
FNDA:0,(anonymous_14)
FNDA:0,(anonymous_15)
FNDA:0,(anonymous_16)
FNDA:0,(anonymous_17)
FNDA:0,(anonymous_18)
FNDA:0,(anonymous_19)
FNDA:0,(anonymous_20)
DA:1,5
DA:2,5
DA:4,5
DA:5,5
DA:15,5
DA:16,5
DA:18,5
DA:19,5
DA:20,5
DA:34,1
DA:35,1
DA:37,1
DA:38,1
DA:39,1
DA:45,1
DA:46,1
DA:47,1
DA:53,1
DA:54,1
DA:55,2
DA:56,2
DA:57,2
DA:58,0
DA:60,2
DA:73,2
DA:76,1
DA:78,0
DA:81,0
DA:86,0
DA:87,0
DA:89,0
DA:94,0
DA:95,0
DA:97,0
DA:102,0
DA:103,0
DA:105,0
DA:110,0
DA:111,0
DA:112,0
DA:113,0
DA:114,0
DA:115,0
DA:116,0
DA:117,0
DA:119,0
DA:120,0
DA:121,0
DA:123,0
DA:129,0
DA:131,0
DA:132,0
DA:133,0
DA:135,0
DA:141,0
DA:142,0
DA:143,0
DA:145,0
DA:154,0
DA:158,0
DA:159,0
DA:167,0
DA:175,0
DA:179,0
DA:180,0
DA:182,0
DA:187,0
DA:188,0
DA:191,0
DA:192,0
DA:194,0
DA:195,0
DA:196,0
DA:197,0
DA:199,0
DA:204,0
DA:209,0
DA:210,0
DA:211,0
DA:212,0
DA:213,0
DA:215,0
DA:220,0
DA:221,0
DA:222,0
DA:223,0
DA:224,0
DA:227,0
DA:232,0
DA:233,0
DA:234,0
DA:235,0
DA:236,0
DA:237,0
DA:238,0
DA:239,0
DA:243,0
DA:244,0
DA:245,0
DA:246,0
DA:248,0
DA:256,0
DA:260,0
DA:266,0
DA:267,0
DA:268,0
DA:269,0
DA:270,0
DA:272,0
LF:109
LH:25
BRDA:35,0,0,1
BRDA:35,0,1,0
BRDA:57,1,0,0
BRDA:64,2,0,0
BRDA:64,2,1,2
BRDA:116,3,0,0
BRDA:132,4,0,0
BRDA:132,4,1,0
BRDA:158,5,0,0
BRDA:158,5,1,0
BRDA:222,6,0,0
BRDA:238,7,0,0
BRDA:244,8,0,0
BRDA:244,8,1,0
BRF:14
BRH:2
end_of_record
TN:
SF:src/modules/image/index.ts
FN:2,(anonymous_0)
FN:3,(anonymous_1)
FN:4,(anonymous_2)
FN:5,(anonymous_3)
FN:7,(anonymous_4)
FN:8,(anonymous_5)
FN:10,(anonymous_6)
FN:11,(anonymous_7)
FNF:8
FNH:6
FNDA:5,(anonymous_0)
FNDA:0,(anonymous_1)
FNDA:5,(anonymous_2)
FNDA:5,(anonymous_3)
FNDA:0,(anonymous_4)
FNDA:5,(anonymous_5)
FNDA:2,(anonymous_6)
FNDA:5,(anonymous_7)
DA:1,5
DA:2,10
DA:3,5
DA:4,10
DA:5,10
DA:7,5
DA:8,10
DA:10,7
DA:11,10
LF:9
LH:9
BRF:0
BRH:0
end_of_record
TN:
SF:src/modules/image/resize.ts
FN:7,(anonymous_1)
FN:11,(anonymous_2)
FN:29,(anonymous_3)
FNF:3
FNH:0
FNDA:0,(anonymous_1)
FNDA:0,(anonymous_2)
FNDA:0,(anonymous_3)
DA:1,5
DA:2,5
DA:3,5
DA:5,5
DA:8,0
DA:12,0
DA:13,0
DA:14,0
DA:23,0
DA:25,0
DA:30,0
LF:11
LH:4
BRF:0
BRH:0
end_of_record
TN:
SF:src/modules/inscription/index.ts
FN:6,(anonymous_0)
FN:7,(anonymous_1)
FN:8,(anonymous_2)
FN:10,(anonymous_3)
FN:11,(anonymous_4)
FN:12,(anonymous_5)
FN:13,(anonymous_6)
FN:16,(anonymous_7)
FN:17,(anonymous_8)
FN:18,(anonymous_9)
FNF:10
FNH:7
FNDA:5,(anonymous_0)
FNDA:4,(anonymous_1)
FNDA:35,(anonymous_2)
FNDA:0,(anonymous_3)
FNDA:1,(anonymous_4)
FNDA:0,(anonymous_5)
FNDA:0,(anonymous_6)
FNDA:5,(anonymous_7)
FNDA:5,(anonymous_8)
FNDA:5,(anonymous_9)
DA:6,10
DA:7,9
DA:8,40
DA:9,5
DA:10,5
DA:11,6
DA:12,5
DA:13,5
DA:15,5
DA:16,10
DA:17,10
DA:18,10
LF:12
LH:12
BRF:0
BRH:0
end_of_record
TN:
SF:src/modules/inscription/inscription.aggregate.ts
FN:12,(anonymous_1)
FN:65,(anonymous_2)
FN:122,(anonymous_3)
FN:169,(anonymous_4)
FNF:4
FNH:1
FNDA:0,(anonymous_1)
FNDA:1,(anonymous_2)
FNDA:0,(anonymous_3)
FNDA:0,(anonymous_4)
DA:1,5
DA:2,5
DA:10,5
DA:12,5
DA:17,0
DA:65,5
DA:68,1
DA:122,5
DA:123,0
DA:169,5
DA:171,0
LF:11
LH:8
BRF:0
BRH:0
end_of_record
TN:
SF:src/modules/inscription/inscription.controller.ts
FN:23,(anonymous_0)
FN:86,(anonymous_1)
FN:100,(anonymous_2)
FN:115,(anonymous_3)
FN:130,(anonymous_4)
FN:146,(anonymous_5)
FN:162,(anonymous_6)
FN:176,(anonymous_7)
FN:190,(anonymous_8)
FN:204,(anonymous_9)
FN:218,(anonymous_10)
FN:235,(anonymous_11)
FN:27,(anonymous_12)
FNF:13
FNH:2
FNDA:5,(anonymous_0)
FNDA:0,(anonymous_1)
FNDA:0,(anonymous_2)
FNDA:0,(anonymous_3)
FNDA:0,(anonymous_4)
FNDA:0,(anonymous_5)
FNDA:0,(anonymous_6)
FNDA:0,(anonymous_7)
FNDA:0,(anonymous_8)
FNDA:0,(anonymous_9)
FNDA:0,(anonymous_10)
FNDA:0,(anonymous_11)
FNDA:5,(anonymous_12)
DA:1,5
DA:2,5
DA:10,5
DA:11,5
DA:12,5
DA:19,5
DA:20,5
DA:21,5
DA:22,5
DA:24,5
DA:28,5
DA:33,5
DA:38,5
DA:43,5
DA:48,5
DA:56,5
DA:61,5
DA:67,5
DA:73,5
DA:78,5
DA:79,5
DA:86,5
DA:91,0
DA:92,0
DA:93,0
DA:94,0
DA:96,0
DA:100,5
DA:105,0
DA:106,0
DA:108,0
DA:109,0
DA:111,0
DA:115,5
DA:120,0
DA:121,0
DA:123,0
DA:124,0
DA:126,0
DA:130,5
DA:135,0
DA:136,0
DA:137,0
DA:140,0
DA:142,0
DA:146,5
DA:151,0
DA:152,0
DA:153,0
DA:156,0
DA:158,0
DA:162,5
DA:167,0
DA:168,0
DA:169,0
DA:170,0
DA:172,0
DA:176,5
DA:181,0
DA:182,0
DA:183,0
DA:184,0
DA:186,0
DA:190,5
DA:195,0
DA:196,0
DA:197,0
DA:198,0
DA:200,0
DA:204,5
DA:209,0
DA:210,0
DA:211,0
DA:212,0
DA:214,0
DA:218,5
DA:223,0
DA:224,0
DA:225,0
DA:226,0
DA:229,0
DA:231,0
DA:235,5
DA:240,0
DA:241,0
DA:242,0
DA:243,0
DA:247,0
DA:248,0
DA:250,0
LF:90
LH:32
BRDA:226,0,0,0
BRDA:226,0,1,0
BRDA:247,1,0,0
BRDA:247,1,1,0
BRF:4
BRH:0
end_of_record
TN:
SF:src/modules/inscription/inscription.dto.ts
FNF:0
FNH:0
DA:1,5
DA:3,5
DA:4,5
DA:5,5
DA:6,5
DA:9,5
DA:10,5
DA:11,5
DA:14,5
DA:15,5
DA:16,5
LF:11
LH:11
BRF:0
BRH:0
end_of_record
TN:
SF:src/modules/inscription/inscription.model.ts
FN:33,(anonymous_6)
FNF:1
FNH:0
FNDA:0,(anonymous_6)
DA:2,5
DA:4,5
DA:31,5
DA:34,0
DA:38,5
LF:5
LH:4
BRF:0
BRH:0
end_of_record
TN:
SF:src/modules/inscription/inscription.service.ts
FN:19,(anonymous_0)
FN:44,(anonymous_1)
FN:73,(anonymous_2)
FN:84,(anonymous_3)
FN:95,(anonymous_4)
FN:119,(anonymous_5)
FN:124,(anonymous_6)
FN:129,(anonymous_7)
FN:140,(anonymous_8)
FN:159,(anonymous_9)
FN:207,(anonymous_10)
FN:208,(anonymous_11)
FN:222,(anonymous_12)
FN:236,(anonymous_13)
FN:237,(anonymous_14)
FN:274,(anonymous_15)
FN:293,(anonymous_16)
FN:310,(anonymous_17)
FN:342,(anonymous_18)
FN:355,(anonymous_19)
FN:372,(anonymous_20)
FN:373,(anonymous_21)
FN:404,(anonymous_22)
FN:414,(anonymous_23)
FN:418,(anonymous_24)
FN:424,(anonymous_25)
FN:437,(anonymous_26)
FN:464,(anonymous_27)
FN:474,(anonymous_28)
FN:489,(anonymous_29)
FN:504,(anonymous_30)
FN:512,(anonymous_31)
FNF:32
FNH:7
FNDA:35,(anonymous_0)
FNDA:0,(anonymous_1)
FNDA:1,(anonymous_2)
FNDA:0,(anonymous_3)
FNDA:0,(anonymous_4)
FNDA:0,(anonymous_5)
FNDA:0,(anonymous_6)
FNDA:0,(anonymous_7)
FNDA:0,(anonymous_8)
FNDA:0,(anonymous_9)
FNDA:0,(anonymous_10)
FNDA:0,(anonymous_11)
FNDA:0,(anonymous_12)
FNDA:0,(anonymous_13)
FNDA:0,(anonymous_14)
FNDA:0,(anonymous_15)
FNDA:0,(anonymous_16)
FNDA:0,(anonymous_17)
FNDA:0,(anonymous_18)
FNDA:0,(anonymous_19)
FNDA:1,(anonymous_20)
FNDA:1,(anonymous_21)
FNDA:1,(anonymous_22)
FNDA:0,(anonymous_23)
FNDA:0,(anonymous_24)
FNDA:1,(anonymous_25)
FNDA:1,(anonymous_26)
FNDA:0,(anonymous_27)
FNDA:0,(anonymous_28)
FNDA:0,(anonymous_29)
FNDA:0,(anonymous_30)
FNDA:0,(anonymous_31)
DA:1,5
DA:4,5
DA:5,5
DA:6,5
DA:19,5
DA:20,35
DA:21,35
DA:49,0
DA:50,0
DA:52,0
DA:53,0
DA:54,0
DA:55,0
DA:56,0
DA:57,0
DA:58,0
DA:64,0
DA:66,0
DA:69,0
DA:74,1
DA:75,1
DA:78,1
DA:80,0
DA:87,0
DA:88,0
DA:89,0
DA:91,0
DA:98,0
DA:99,0
DA:104,0
DA:105,0
DA:106,0
DA:107,0
DA:113,0
DA:115,0
DA:124,0
DA:125,0
DA:126,0
DA:127,0
DA:128,0
DA:130,0
DA:133,0
DA:134,0
DA:139,0
DA:141,0
DA:143,0
DA:144,0
DA:146,0
DA:149,0
DA:151,0
DA:154,0
DA:162,0
DA:163,0
DA:168,0
DA:176,0
DA:179,0
DA:180,0
DA:181,0
DA:183,0
DA:184,0
DA:185,0
DA:189,0
DA:190,0
DA:192,0
DA:195,0
DA:198,0
DA:200,0
DA:203,0
DA:208,0
DA:209,0
DA:210,0
DA:211,0
DA:212,0
DA:214,0
DA:217,0
DA:226,0
DA:227,0
DA:232,0
DA:237,0
DA:238,0
DA:239,0
DA:242,0
DA:248,0
DA:253,0
DA:257,0
DA:258,0
DA:259,0
DA:260,0
DA:261,0
DA:263,0
DA:266,0
DA:269,0
DA:279,0
DA:280,0
DA:281,0
DA:285,0
DA:286,0
DA:291,0
DA:293,0
DA:296,0
DA:301,0
DA:302,0
DA:304,0
DA:306,0
DA:314,0
DA:315,0
DA:316,0
DA:317,0
DA:318,0
DA:320,0
DA:321,0
DA:325,0
DA:326,0
DA:330,0
DA:331,0
DA:332,0
DA:339,0
DA:349,0
DA:350,0
DA:351,0
DA:352,0
DA:363,0
DA:364,0
DA:365,0
DA:367,0
DA:368,0
DA:373,1
DA:374,1
DA:375,1
DA:376,1
DA:380,1
DA:383,1
DA:384,0
DA:388,1
DA:393,1
DA:397,1
DA:399,0
DA:407,1
DA:413,1
DA:414,0
DA:416,1
DA:417,0
DA:418,0
DA:421,1
DA:429,1
DA:430,1
DA:431,1
DA:432,0
DA:434,1
DA:441,1
DA:442,1
DA:443,1
DA:444,0
DA:448,0
DA:449,0
DA:454,0
DA:455,0
DA:458,1
DA:460,0
DA:465,0
DA:466,0
DA:470,0
DA:475,0
DA:476,0
DA:480,0
DA:481,0
DA:483,0
DA:485,0
DA:490,0
DA:491,0
DA:495,0
DA:496,0
DA:498,0
DA:500,0
DA:505,0
DA:506,0
DA:508,0
DA:516,0
DA:517,0
DA:522,0
LF:180
LH:31
BRDA:50,0,0,0
BRDA:50,0,1,0
BRDA:127,1,0,0
BRDA:127,1,1,0
BRDA:133,2,0,0
BRDA:133,2,1,0
BRDA:143,3,0,0
BRDA:143,3,1,0
BRDA:180,4,0,0
BRDA:180,4,1,0
BRDA:184,5,0,0
BRDA:184,5,1,0
BRDA:189,6,0,0
BRDA:189,6,1,0
BRDA:211,7,0,0
BRDA:211,7,1,0
BRDA:257,8,0,0
BRDA:257,8,1,0
BRDA:258,9,0,0
BRDA:258,9,1,0
BRDA:285,10,0,0
BRDA:291,11,0,0
BRDA:301,12,0,0
BRDA:315,13,0,0
BRDA:321,14,0,0
BRDA:321,14,1,0
BRDA:322,15,0,0
BRDA:322,15,1,0
BRDA:326,16,0,0
BRDA:326,16,1,0
BRDA:327,17,0,0
BRDA:327,17,1,0
BRDA:331,18,0,0
BRDA:363,19,0,0
BRDA:363,19,1,0
BRDA:364,20,0,0
BRDA:367,21,0,0
BRDA:383,22,0,0
BRDA:414,23,0,0
BRDA:414,23,1,0
BRDA:414,23,2,0
BRDA:431,24,0,0
BRDA:448,25,0,0
BRDA:452,26,0,0
BRDA:452,26,1,0
BRDA:452,27,0,0
BRDA:452,27,1,0
BRF:47
BRH:0
end_of_record
TN:
SF:src/modules/like/index.ts
FN:2,(anonymous_0)
FN:3,(anonymous_1)
FN:4,(anonymous_2)
FN:7,(anonymous_3)
FN:8,(anonymous_4)
FN:9,(anonymous_5)
FN:11,(anonymous_6)
FN:12,(anonymous_7)
FN:13,(anonymous_8)
FNF:9
FNH:6
FNDA:0,(anonymous_0)
FNDA:0,(anonymous_1)
FNDA:0,(anonymous_2)
FNDA:1,(anonymous_3)
FNDA:5,(anonymous_4)
FNDA:5,(anonymous_5)
FNDA:5,(anonymous_6)
FNDA:5,(anonymous_7)
FNDA:5,(anonymous_8)
DA:1,5
DA:2,5
DA:3,5
DA:4,5
DA:7,6
DA:8,10
DA:9,10
DA:10,5
DA:11,10
DA:12,10
DA:13,10
LF:11
LH:11
BRF:0
BRH:0
end_of_record
TN:
SF:src/modules/like/like.aggregate.ts
FN:10,(anonymous_1)
FN:27,(anonymous_2)
FN:49,(anonymous_3)
FNF:3
FNH:0
FNDA:0,(anonymous_1)
FNDA:0,(anonymous_2)
FNDA:0,(anonymous_3)
DA:1,5
DA:2,5
DA:4,5
DA:8,5
DA:10,5
DA:27,5
DA:49,5
LF:7
LH:7
BRF:0
BRH:0
end_of_record
TN:
SF:src/modules/like/like.controller.ts
FN:22,(anonymous_0)
FN:85,(anonymous_1)
FN:99,(anonymous_2)
FN:113,(anonymous_3)
FN:129,(anonymous_4)
FN:145,(anonymous_5)
FN:161,(anonymous_6)
FN:175,(anonymous_7)
FN:189,(anonymous_8)
FN:203,(anonymous_9)
FN:216,(anonymous_10)
FN:233,(anonymous_11)
FN:247,(anonymous_12)
FN:26,(anonymous_13)
FNF:14
FNH:2
FNDA:5,(anonymous_0)
FNDA:0,(anonymous_1)
FNDA:0,(anonymous_2)
FNDA:0,(anonymous_3)
FNDA:0,(anonymous_4)
FNDA:0,(anonymous_5)
FNDA:0,(anonymous_6)
FNDA:0,(anonymous_7)
FNDA:0,(anonymous_8)
FNDA:0,(anonymous_9)
FNDA:0,(anonymous_10)
FNDA:0,(anonymous_11)
FNDA:0,(anonymous_12)
FNDA:5,(anonymous_13)
DA:1,5
DA:2,5
DA:10,5
DA:11,5
DA:12,5
DA:18,5
DA:19,5
DA:20,5
DA:21,5
DA:23,5
DA:27,5
DA:32,5
DA:37,5
DA:42,5
DA:47,5
DA:52,5
DA:57,5
DA:62,5
DA:67,5
DA:72,5
DA:73,5
DA:78,5
DA:85,5
DA:90,0
DA:91,0
DA:92,0
DA:93,0
DA:95,0
DA:99,5
DA:104,0
DA:105,0
DA:106,0
DA:107,0
DA:109,0
DA:113,5
DA:118,0
DA:119,0
DA:120,0
DA:123,0
DA:125,0
DA:129,5
DA:134,0
DA:135,0
DA:136,0
DA:139,0
DA:141,0
DA:145,5
DA:150,0
DA:151,0
DA:152,0
DA:155,0
DA:157,0
DA:161,5
DA:166,0
DA:167,0
DA:168,0
DA:169,0
DA:171,0
DA:175,5
DA:180,0
DA:181,0
DA:182,0
DA:183,0
DA:185,0
DA:189,5
DA:194,0
DA:195,0
DA:196,0
DA:197,0
DA:199,0
DA:203,5
DA:208,0
DA:209,0
DA:210,0
DA:212,0
DA:216,5
DA:221,0
DA:222,0
DA:223,0
DA:224,0
DA:227,0
DA:229,0
DA:233,5
DA:238,0
DA:239,0
DA:240,0
DA:241,0
DA:243,0
DA:247,5
DA:252,0
DA:253,0
DA:254,0
DA:256,0
LF:93
LH:34
BRDA:224,0,0,0
BRDA:224,0,1,0
BRF:2
BRH:0
end_of_record
TN:
SF:src/modules/like/like.dto.ts
FNF:0
FNH:0
DA:1,5
DA:3,5
DA:4,5
DA:5,5
DA:8,5
DA:9,5
DA:10,5
DA:13,5
DA:14,5
DA:15,5
LF:10
LH:10
BRF:0
BRH:0
end_of_record
TN:
SF:src/modules/like/like.model.ts
FNF:0
FNH:0
DA:2,5
DA:4,5
DA:26,5
LF:3
LH:3
BRF:0
BRH:0
end_of_record
TN:
SF:src/modules/like/like.service.ts
FN:18,(anonymous_0)
FN:33,(anonymous_1)
FN:64,(anonymous_2)
FN:73,(anonymous_3)
FN:84,(anonymous_4)
FN:98,(anonymous_5)
FN:121,(anonymous_6)
FN:130,(anonymous_7)
FN:141,(anonymous_8)
FN:142,(anonymous_9)
FN:163,(anonymous_10)
FN:198,(anonymous_11)
FN:213,(anonymous_12)
FN:221,(anonymous_13)
FN:230,(anonymous_14)
FN:244,(anonymous_15)
FNF:16
FNH:1
FNDA:5,(anonymous_0)
FNDA:0,(anonymous_1)
FNDA:0,(anonymous_2)
FNDA:0,(anonymous_3)
FNDA:0,(anonymous_4)
FNDA:0,(anonymous_5)
FNDA:0,(anonymous_6)
FNDA:0,(anonymous_7)
FNDA:0,(anonymous_8)
FNDA:0,(anonymous_9)
FNDA:0,(anonymous_10)
FNDA:0,(anonymous_11)
FNDA:0,(anonymous_12)
FNDA:0,(anonymous_13)
FNDA:0,(anonymous_14)
FNDA:0,(anonymous_15)
DA:1,5
DA:4,5
DA:5,5
DA:14,5
DA:16,5
DA:18,5
DA:19,5
DA:20,5
DA:21,5
DA:36,0
DA:37,0
DA:39,0
DA:40,0
DA:41,0
DA:47,0
DA:48,0
DA:49,0
DA:55,0
DA:57,0
DA:60,0
DA:65,0
DA:66,0
DA:67,0
DA:69,0
DA:74,0
DA:75,0
DA:80,0
DA:87,0
DA:88,0
DA:93,0
DA:97,0
DA:98,0
DA:99,0
DA:100,0
DA:101,0
DA:107,0
DA:113,0
DA:114,0
DA:118,0
DA:122,0
DA:123,0
DA:124,0
DA:126,0
DA:131,0
DA:132,0
DA:133,0
DA:134,0
DA:136,0
DA:137,0
DA:142,0
DA:143,0
DA:144,0
DA:145,0
DA:149,0
DA:150,0
DA:151,0
DA:153,0
DA:155,0
DA:158,0
DA:164,0
DA:165,0
DA:166,0
DA:167,0
DA:168,0
DA:169,0
DA:171,0
DA:172,0
DA:176,0
DA:177,0
DA:179,0
DA:182,0
DA:183,0
DA:184,0
DA:188,0
DA:189,0
DA:191,0
DA:194,0
DA:199,0
DA:200,0
DA:201,0
DA:202,0
DA:203,0
DA:204,0
DA:207,0
DA:209,0
DA:214,0
DA:215,0
DA:217,0
DA:222,0
DA:223,0
DA:224,0
DA:226,0
DA:231,0
DA:232,0
DA:233,0
DA:234,0
DA:236,0
DA:240,0
DA:245,0
DA:246,0
DA:247,0
DA:249,0
LF:102
LH:9
BRDA:37,0,0,0
BRDA:37,0,1,0
BRDA:99,1,0,0
BRDA:100,2,0,0
BRDA:100,2,1,0
BRDA:144,3,0,0
BRDA:144,3,1,0
BRDA:144,4,0,0
BRDA:144,4,1,0
BRDA:149,5,0,0
BRDA:166,6,0,0
BRDA:166,6,1,0
BRDA:203,7,0,0
BRF:13
BRH:0
end_of_record
TN:
SF:src/modules/literal/index.ts
FN:2,(anonymous_0)
FN:3,(anonymous_1)
FN:4,(anonymous_2)
FN:6,(anonymous_3)
FN:8,(anonymous_4)
FN:9,(anonymous_5)
FNF:6
FNH:4
FNDA:5,(anonymous_0)
FNDA:5,(anonymous_1)
FNDA:0,(anonymous_2)
FNDA:0,(anonymous_3)
FNDA:5,(anonymous_4)
FNDA:5,(anonymous_5)
DA:1,5
DA:2,10
DA:3,10
DA:4,5
DA:6,5
DA:8,10
DA:9,10
LF:7
LH:7
BRF:0
BRH:0
end_of_record
TN:
SF:src/modules/literal/literal.controller.ts
FN:21,(anonymous_0)
FN:50,(anonymous_1)
FN:64,(anonymous_2)
FN:78,(anonymous_3)
FN:92,(anonymous_4)
FN:106,(anonymous_5)
FN:120,(anonymous_6)
FN:25,(anonymous_7)
FNF:8
FNH:2
FNDA:5,(anonymous_0)
FNDA:0,(anonymous_1)
FNDA:0,(anonymous_2)
FNDA:0,(anonymous_3)
FNDA:0,(anonymous_4)
FNDA:0,(anonymous_5)
FNDA:0,(anonymous_6)
FNDA:5,(anonymous_7)
DA:1,5
DA:2,5
DA:4,5
DA:9,5
DA:15,5
DA:17,5
DA:18,5
DA:19,5
DA:20,5
DA:22,5
DA:26,5
DA:31,5
DA:36,5
DA:37,5
DA:42,5
DA:47,5
DA:50,5
DA:55,0
DA:56,0
DA:57,0
DA:58,0
DA:60,0
DA:64,5
DA:69,0
DA:70,0
DA:71,0
DA:72,0
DA:74,0
DA:78,5
DA:83,0
DA:84,0
DA:85,0
DA:86,0
DA:88,0
DA:92,5
DA:97,0
DA:98,0
DA:99,0
DA:100,0
DA:102,0
DA:106,5
DA:111,0
DA:112,0
DA:113,0
DA:114,0
DA:116,0
DA:120,5
DA:125,0
DA:126,0
DA:127,0
DA:128,0
DA:130,0
LF:52
LH:22
BRF:0
BRH:0
end_of_record
TN:
SF:src/modules/literal/literal.dto.ts
FNF:0
FNH:0
DA:1,5
DA:3,5
DA:4,5
DA:5,5
DA:6,5
DA:7,5
DA:10,5
DA:11,5
DA:12,5
DA:13,5
DA:14,5
DA:15,5
DA:18,5
DA:19,5
LF:14
LH:14
BRF:0
BRH:0
end_of_record
TN:
SF:src/modules/literal/literal.model.ts
FN:21,(anonymous_6)
FNF:1
FNH:0
FNDA:0,(anonymous_6)
DA:1,5
DA:4,5
DA:19,5
DA:22,0
DA:26,5
LF:5
LH:4
BRF:0
BRH:0
end_of_record
TN:
SF:src/modules/literal/literal.service.ts
FN:7,(anonymous_0)
FN:10,(anonymous_1)
FN:37,(anonymous_2)
FN:43,(anonymous_3)
FN:60,(anonymous_4)
FN:70,(anonymous_5)
FN:81,(anonymous_6)
FN:82,(anonymous_7)
FN:104,(anonymous_8)
FNF:9
FNH:1
FNDA:5,(anonymous_0)
FNDA:0,(anonymous_1)
FNDA:0,(anonymous_2)
FNDA:0,(anonymous_3)
FNDA:0,(anonymous_4)
FNDA:0,(anonymous_5)
FNDA:0,(anonymous_6)
FNDA:0,(anonymous_7)
FNDA:0,(anonymous_8)
DA:3,5
DA:4,5
DA:5,5
DA:7,5
DA:8,5
DA:9,5
DA:13,0
DA:15,0
DA:16,0
DA:17,0
DA:22,0
DA:23,0
DA:24,0
DA:30,0
DA:32,0
DA:33,0
DA:38,0
DA:42,0
DA:43,0
DA:44,0
DA:45,0
DA:46,0
DA:47,0
DA:48,0
DA:50,0
DA:52,0
DA:57,0
DA:61,0
DA:62,0
DA:63,0
DA:65,0
DA:66,0
DA:71,0
DA:72,0
DA:73,0
DA:74,0
DA:76,0
DA:77,0
DA:82,0
DA:83,0
DA:84,0
DA:91,0
DA:92,0
DA:93,0
DA:95,0
DA:98,0
DA:99,0
DA:105,0
DA:106,0
DA:107,0
DA:108,0
DA:109,0
DA:111,0
DA:114,0
DA:115,0
LF:55
LH:6
BRDA:47,0,0,0
BRDA:91,1,0,0
BRDA:91,1,1,0
BRDA:107,2,0,0
BRDA:107,2,1,0
BRF:5
BRH:0
end_of_record
TN:
SF:src/modules/menu/index.ts
FN:1,(anonymous_0)
FN:3,(anonymous_1)
FN:4,(anonymous_2)
FNF:3
FNH:2
FNDA:0,(anonymous_0)
FNDA:5,(anonymous_1)
FNDA:5,(anonymous_2)
DA:1,5
DA:3,10
DA:4,10
LF:3
LH:3
BRF:0
BRH:0
end_of_record
TN:
SF:src/modules/menu/menu.controller.ts
FN:12,(anonymous_0)
FN:25,(anonymous_1)
FN:38,(anonymous_2)
FN:51,(anonymous_3)
FN:65,(anonymous_4)
FN:79,(anonymous_5)
FN:93,(anonymous_6)
FN:16,(anonymous_7)
FNF:8
FNH:2
FNDA:5,(anonymous_0)
FNDA:0,(anonymous_1)
FNDA:0,(anonymous_2)
FNDA:0,(anonymous_3)
FNDA:0,(anonymous_4)
FNDA:0,(anonymous_5)
FNDA:0,(anonymous_6)
FNDA:5,(anonymous_7)
DA:2,5
DA:4,5
DA:5,5
DA:7,5
DA:8,5
DA:9,5
DA:10,5
DA:13,5
DA:17,5
DA:18,5
DA:19,5
DA:20,5
DA:21,5
DA:22,5
DA:25,5
DA:30,0
DA:31,0
DA:32,0
DA:34,0
DA:38,5
DA:43,0
DA:44,0
DA:45,0
DA:47,0
DA:51,5
DA:56,0
DA:57,0
DA:58,0
DA:59,0
DA:61,0
DA:65,5
DA:70,0
DA:71,0
DA:72,0
DA:73,0
DA:75,0
DA:79,5
DA:84,0
DA:85,0
DA:86,0
DA:87,0
DA:89,0
DA:93,5
DA:98,0
DA:99,0
DA:100,0
DA:101,0
DA:103,0
LF:48
LH:20
BRF:0
BRH:0
end_of_record
TN:
SF:src/modules/menu/menu.model.ts
FNF:0
FNH:0
DA:1,5
DA:4,5
DA:9,5
DA:27,5
LF:4
LH:4
BRF:0
BRH:0
end_of_record
TN:
SF:src/modules/menu/menu.service.ts
FN:5,(anonymous_0)
FN:9,(anonymous_1)
FN:17,(anonymous_2)
FN:21,(anonymous_3)
FN:25,(anonymous_4)
FN:31,(anonymous_5)
FNF:6
FNH:0
FNDA:0,(anonymous_0)
FNDA:0,(anonymous_1)
FNDA:0,(anonymous_2)
FNDA:0,(anonymous_3)
FNDA:0,(anonymous_4)
FNDA:0,(anonymous_5)
DA:2,5
DA:4,5
DA:6,0
DA:10,0
DA:11,0
DA:13,0
DA:18,0
DA:22,0
DA:26,0
DA:32,0
DA:33,0
LF:11
LH:2
BRF:0
BRH:0
end_of_record
TN:
SF:src/modules/notification/index.ts
FN:1,(anonymous_0)
FN:2,(anonymous_1)
FN:9,(anonymous_2)
FN:10,(anonymous_3)
FN:12,(anonymous_4)
FN:13,(anonymous_5)
FNF:6
FNH:4
FNDA:5,(anonymous_0)
FNDA:5,(anonymous_1)
FNDA:0,(anonymous_2)
FNDA:0,(anonymous_3)
FNDA:5,(anonymous_4)
FNDA:5,(anonymous_5)
DA:1,10
DA:2,10
DA:9,5
DA:10,5
DA:11,5
DA:12,10
DA:13,10
LF:7
LH:7
BRF:0
BRH:0
end_of_record
TN:
SF:src/modules/notification/notification.aggregate.ts
FN:1,(anonymous_0)
FNF:1
FNH:0
FNDA:0,(anonymous_0)
DA:1,5
DA:6,0
LF:2
LH:1
BRF:0
BRH:0
end_of_record
TN:
SF:src/modules/notification/notification.controller.ts
FN:21,(anonymous_0)
FN:45,(anonymous_1)
FN:59,(anonymous_2)
FN:73,(anonymous_3)
FN:87,(anonymous_4)
FN:25,(anonymous_5)
FNF:6
FNH:2
FNDA:5,(anonymous_0)
FNDA:0,(anonymous_1)
FNDA:0,(anonymous_2)
FNDA:0,(anonymous_3)
FNDA:0,(anonymous_4)
FNDA:5,(anonymous_5)
DA:1,5
DA:2,5
DA:4,5
DA:10,5
DA:11,5
DA:17,5
DA:18,5
DA:19,5
DA:20,5
DA:22,5
DA:26,5
DA:31,5
DA:37,5
DA:42,5
DA:45,5
DA:50,0
DA:51,0
DA:52,0
DA:53,0
DA:55,0
DA:59,5
DA:64,0
DA:65,0
DA:66,0
DA:67,0
DA:69,0
DA:73,5
DA:78,0
DA:79,0
DA:80,0
DA:81,0
DA:83,0
DA:87,5
DA:92,0
DA:93,0
DA:94,0
DA:96,0
LF:37
LH:18
BRF:0
BRH:0
end_of_record
TN:
SF:src/modules/notification/notification.dto.ts
FNF:0
FNH:0
DA:1,5
DA:3,5
DA:4,5
DA:5,5
DA:8,5
DA:9,5
DA:10,5
DA:11,5
DA:12,5
DA:13,5
LF:10
LH:10
BRF:0
BRH:0
end_of_record
TN:
SF:src/modules/notification/notification.model.ts
FN:23,(anonymous_6)
FNF:1
FNH:0
FNDA:0,(anonymous_6)
DA:1,5
DA:4,5
DA:21,5
DA:24,0
DA:28,5
LF:5
LH:4
BRF:0
BRH:0
end_of_record
TN:
SF:src/modules/notification/notification.service.ts
FN:14,(anonymous_0)
FN:20,(anonymous_1)
FN:44,(anonymous_2)
FN:45,(anonymous_3)
FN:50,(anonymous_4)
FN:64,(anonymous_5)
FN:90,(anonymous_6)
FN:93,(anonymous_7)
FN:104,(anonymous_8)
FN:105,(anonymous_9)
FN:121,(anonymous_10)
FNF:11
FNH:1
FNDA:5,(anonymous_0)
FNDA:0,(anonymous_1)
FNDA:0,(anonymous_2)
FNDA:0,(anonymous_3)
FNDA:0,(anonymous_4)
FNDA:0,(anonymous_5)
FNDA:0,(anonymous_6)
FNDA:0,(anonymous_7)
FNDA:0,(anonymous_8)
FNDA:0,(anonymous_9)
FNDA:0,(anonymous_10)
DA:3,5
DA:4,5
DA:5,5
DA:12,5
DA:14,5
DA:15,5
DA:16,5
DA:18,5
DA:23,0
DA:25,0
DA:26,0
DA:27,0
DA:28,0
DA:29,0
DA:30,0
DA:31,0
DA:37,0
DA:39,0
DA:40,0
DA:45,0
DA:46,0
DA:47,0
DA:48,0
DA:49,0
DA:50,0
DA:51,0
DA:52,0
DA:53,0
DA:55,0
DA:59,0
DA:68,0
DA:75,0
DA:76,0
DA:77,0
DA:78,0
DA:79,0
DA:82,0
DA:83,0
DA:84,0
DA:85,0
DA:87,0
DA:93,0
DA:94,0
DA:95,0
DA:96,0
DA:97,0
DA:99,0
DA:105,0
DA:106,0
DA:107,0
DA:114,0
DA:116,0
DA:122,0
DA:123,0
DA:124,0
DA:126,0
LF:56
LH:8
BRDA:51,0,0,0
BRDA:51,0,1,0
BRDA:78,1,0,0
BRDA:82,2,0,0
BRDA:82,2,1,0
BRDA:84,3,0,0
BRF:6
BRH:0
end_of_record
TN:
SF:src/modules/ota/index.ts
FN:1,(anonymous_0)
FN:1,(anonymous_1)
FN:2,(anonymous_2)
FN:4,(anonymous_3)
FN:5,(anonymous_4)
FNF:5
FNH:3
FNDA:0,(anonymous_0)
FNDA:5,(anonymous_1)
FNDA:5,(anonymous_2)
FNDA:5,(anonymous_3)
FNDA:0,(anonymous_4)
DA:1,10
DA:2,10
DA:4,10
DA:5,5
LF:4
LH:4
BRF:0
BRH:0
end_of_record
TN:
SF:src/modules/ota/ota.controller.ts
FN:11,(anonymous_0)
FN:27,(anonymous_1)
FN:40,(anonymous_2)
FN:54,(anonymous_3)
FN:68,(anonymous_4)
FN:82,(anonymous_5)
FN:15,(anonymous_6)
FNF:7
FNH:2
FNDA:5,(anonymous_0)
FNDA:0,(anonymous_1)
FNDA:0,(anonymous_2)
FNDA:0,(anonymous_3)
FNDA:0,(anonymous_4)
FNDA:0,(anonymous_5)
FNDA:5,(anonymous_6)
DA:1,5
DA:2,5
DA:4,5
DA:5,5
DA:7,5
DA:8,5
DA:9,5
DA:10,5
DA:12,5
DA:16,5
DA:17,5
DA:18,5
DA:23,5
DA:24,5
DA:27,5
DA:32,0
DA:33,0
DA:34,0
DA:36,0
DA:40,5
DA:45,0
DA:46,0
DA:47,0
DA:48,0
DA:50,0
DA:54,5
DA:59,0
DA:60,0
DA:61,0
DA:62,0
DA:64,0
DA:68,5
DA:73,0
DA:74,0
DA:75,0
DA:76,0
DA:78,0
DA:82,5
DA:87,0
DA:88,0
DA:89,0
DA:91,0
LF:42
LH:19
BRF:0
BRH:0
end_of_record
TN:
SF:src/modules/ota/ota.dto.ts
FNF:0
FNH:0
DA:1,5
DA:3,5
DA:4,5
DA:5,5
DA:6,5
DA:7,5
DA:8,5
DA:9,5
DA:12,5
DA:13,5
DA:14,5
LF:11
LH:11
BRF:0
BRH:0
end_of_record
TN:
SF:src/modules/ota/ota.model.ts
FN:20,(anonymous_6)
FNF:1
FNH:0
FNDA:0,(anonymous_6)
DA:2,5
DA:4,5
DA:18,5
DA:21,0
DA:25,5
LF:5
LH:4
BRF:0
BRH:0
end_of_record
TN:
SF:src/modules/ota/ota.service.ts
FN:6,(anonymous_0)
FN:14,(anonymous_1)
FN:17,(anonymous_2)
FN:40,(anonymous_3)
FN:45,(anonymous_4)
FN:53,(anonymous_5)
FNF:6
FNH:0
FNDA:0,(anonymous_0)
FNDA:0,(anonymous_1)
FNDA:0,(anonymous_2)
FNDA:0,(anonymous_3)
FNDA:0,(anonymous_4)
FNDA:0,(anonymous_5)
DA:1,5
DA:2,5
DA:5,5
DA:7,0
DA:8,0
DA:10,0
DA:17,0
DA:18,0
DA:20,0
DA:24,0
DA:25,0
DA:27,0
DA:28,0
DA:30,0
DA:34,0
DA:35,0
DA:41,0
DA:42,0
DA:46,0
DA:47,0
DA:48,0
DA:50,0
DA:54,0
DA:55,0
LF:24
LH:3
BRDA:24,0,0,0
BRDA:24,0,1,0
BRDA:27,1,0,0
BRDA:27,1,1,0
BRDA:47,2,0,0
BRF:5
BRH:0
end_of_record
TN:
SF:src/modules/pairing/index.ts
FN:2,(anonymous_0)
FN:3,(anonymous_1)
FN:5,(anonymous_2)
FN:7,(anonymous_3)
FN:8,(anonymous_4)
FN:10,(anonymous_5)
FN:11,(anonymous_6)
FNF:7
FNH:4
FNDA:0,(anonymous_0)
FNDA:5,(anonymous_1)
FNDA:45,(anonymous_2)
FNDA:5,(anonymous_3)
FNDA:4,(anonymous_4)
FNDA:0,(anonymous_5)
FNDA:0,(anonymous_6)
DA:1,5
DA:2,5
DA:3,10
DA:5,50
DA:7,10
DA:8,9
DA:9,5
DA:10,5
DA:11,5
LF:9
LH:9
BRF:0
BRH:0
end_of_record
TN:
SF:src/modules/pairing/pairing.aggregate.ts
FN:7,(anonymous_1)
FN:77,(anonymous_2)
FN:181,(anonymous_3)
FN:187,(anonymous_4)
FN:205,(anonymous_5)
FN:217,(anonymous_6)
FN:233,(anonymous_7)
FNF:7
FNH:0
FNDA:0,(anonymous_1)
FNDA:0,(anonymous_2)
FNDA:0,(anonymous_3)
FNDA:0,(anonymous_4)
FNDA:0,(anonymous_5)
FNDA:0,(anonymous_6)
FNDA:0,(anonymous_7)
DA:1,5
DA:2,5
DA:3,5
DA:7,5
DA:12,0
DA:77,5
DA:78,0
DA:181,5
DA:182,0
DA:187,5
DA:188,0
DA:205,5
DA:206,0
DA:217,5
DA:218,0
DA:233,5
DA:234,0
LF:17
LH:10
BRF:0
BRH:0
end_of_record
TN:
SF:src/modules/pairing/pairing.controller.ts
FN:16,(anonymous_0)
FN:50,(anonymous_1)
FN:64,(anonymous_2)
FN:79,(anonymous_3)
FN:94,(anonymous_4)
FN:108,(anonymous_5)
FN:125,(anonymous_6)
FN:20,(anonymous_7)
FNF:8
FNH:2
FNDA:5,(anonymous_0)
FNDA:0,(anonymous_1)
FNDA:0,(anonymous_2)
FNDA:0,(anonymous_3)
FNDA:0,(anonymous_4)
FNDA:0,(anonymous_5)
FNDA:0,(anonymous_6)
FNDA:5,(anonymous_7)
DA:1,5
DA:2,5
DA:3,5
DA:5,5
DA:10,5
DA:12,5
DA:13,5
DA:14,5
DA:15,5
DA:17,5
DA:21,5
DA:26,5
DA:31,5
DA:37,5
DA:42,5
DA:43,5
DA:50,5
DA:55,0
DA:56,0
DA:57,0
DA:58,0
DA:60,0
DA:64,5
DA:69,0
DA:70,0
DA:72,0
DA:73,0
DA:75,0
DA:79,5
DA:84,0
DA:85,0
DA:86,0
DA:87,0
DA:88,0
DA:90,0
DA:94,5
DA:99,0
DA:100,0
DA:101,0
DA:102,0
DA:104,0
DA:108,5
DA:113,0
DA:114,0
DA:115,0
DA:116,0
DA:119,0
DA:121,0
DA:125,5
DA:130,0
DA:131,0
DA:132,0
DA:134,0
LF:53
LH:22
BRDA:116,0,0,0
BRDA:116,0,1,0
BRF:2
BRH:0
end_of_record
TN:
SF:src/modules/pairing/pairing.dto.ts
FNF:0
FNH:0
DA:1,5
DA:3,5
DA:4,5
DA:7,5
DA:8,5
DA:9,5
DA:10,5
DA:11,5
DA:12,5
DA:13,5
DA:14,5
DA:15,5
LF:12
LH:12
BRF:0
BRH:0
end_of_record
TN:
SF:src/modules/pairing/pairing.model.ts
FN:49,(anonymous_6)
FNF:1
FNH:0
FNDA:0,(anonymous_6)
DA:2,5
DA:4,5
DA:41,5
DA:47,5
DA:49,5
DA:50,0
DA:53,5
LF:7
LH:6
BRF:0
BRH:0
end_of_record
TN:
SF:src/modules/pairing/pairing.service.ts
FN:14,(anonymous_0)
FN:45,(anonymous_1)
FN:73,(anonymous_2)
FN:83,(anonymous_3)
FN:95,(anonymous_4)
FN:112,(anonymous_5)
FN:121,(anonymous_6)
FN:131,(anonymous_7)
FN:140,(anonymous_8)
FN:154,(anonymous_9)
FNF:10
FNH:1
FNDA:45,(anonymous_0)
FNDA:0,(anonymous_1)
FNDA:0,(anonymous_2)
FNDA:0,(anonymous_3)
FNDA:0,(anonymous_4)
FNDA:0,(anonymous_5)
FNDA:0,(anonymous_6)
FNDA:0,(anonymous_7)
FNDA:0,(anonymous_8)
FNDA:0,(anonymous_9)
DA:4,5
DA:5,5
DA:6,5
DA:14,5
DA:15,45
DA:16,45
DA:17,45
DA:48,0
DA:49,0
DA:51,0
DA:52,0
DA:53,0
DA:54,0
DA:55,0
DA:56,0
DA:57,0
DA:63,0
DA:65,0
DA:68,0
DA:69,0
DA:74,0
DA:75,0
DA:79,0
DA:86,0
DA:87,0
DA:91,0
DA:96,0
DA:97,0
DA:98,0
DA:99,0
DA:101,0
DA:102,0
DA:103,0
DA:104,0
DA:108,0
DA:113,0
DA:114,0
DA:115,0
DA:117,0
DA:122,0
DA:123,0
DA:127,0
DA:132,0
DA:133,0
DA:134,0
DA:136,0
DA:141,0
DA:142,0
DA:143,0
DA:144,0
DA:145,0
DA:148,0
DA:150,0
DA:155,0
DA:156,0
DA:157,0
DA:158,0
DA:161,0
LF:58
LH:7
BRDA:49,0,0,0
BRDA:49,0,1,0
BRDA:98,1,0,0
BRDA:98,1,1,0
BRDA:98,2,0,0
BRDA:98,2,1,0
BRDA:98,2,2,0
BRDA:103,3,0,0
BRDA:143,4,0,0
BRF:9
BRH:0
end_of_record
TN:
SF:src/modules/report/index.ts
FN:2,(anonymous_0)
FN:3,(anonymous_1)
FN:4,(anonymous_2)
FN:6,(anonymous_3)
FN:7,(anonymous_4)
FN:8,(anonymous_5)
FNF:6
FNH:5
FNDA:5,(anonymous_0)
FNDA:5,(anonymous_1)
FNDA:0,(anonymous_2)
FNDA:5,(anonymous_3)
FNDA:5,(anonymous_4)
FNDA:5,(anonymous_5)
DA:2,10
DA:3,10
DA:4,5
DA:5,5
DA:6,10
DA:7,10
DA:8,10
LF:7
LH:7
BRF:0
BRH:0
end_of_record
TN:
SF:src/modules/report/report.controller.ts
FN:22,(anonymous_0)
FN:71,(anonymous_1)
FN:85,(anonymous_2)
FN:99,(anonymous_3)
FN:113,(anonymous_4)
FN:128,(anonymous_5)
FN:142,(anonymous_6)
FN:156,(anonymous_7)
FN:173,(anonymous_8)
FN:190,(anonymous_9)
FN:204,(anonymous_10)
FN:26,(anonymous_11)
FNF:12
FNH:2
FNDA:5,(anonymous_0)
FNDA:0,(anonymous_1)
FNDA:0,(anonymous_2)
FNDA:0,(anonymous_3)
FNDA:0,(anonymous_4)
FNDA:0,(anonymous_5)
FNDA:0,(anonymous_6)
FNDA:0,(anonymous_7)
FNDA:0,(anonymous_8)
FNDA:0,(anonymous_9)
FNDA:0,(anonymous_10)
FNDA:5,(anonymous_11)
DA:1,5
DA:2,5
DA:10,5
DA:11,5
DA:12,5
DA:18,5
DA:19,5
DA:20,5
DA:21,5
DA:23,5
DA:27,5
DA:32,5
DA:37,5
DA:42,5
DA:47,5
DA:52,5
DA:57,5
DA:58,5
DA:63,5
DA:68,5
DA:71,5
DA:76,0
DA:77,0
DA:78,0
DA:79,0
DA:81,0
DA:85,5
DA:90,0
DA:91,0
DA:92,0
DA:93,0
DA:95,0
DA:99,5
DA:104,0
DA:105,0
DA:106,0
DA:107,0
DA:109,0
DA:113,5
DA:118,0
DA:119,0
DA:120,0
DA:121,0
DA:122,0
DA:124,0
DA:128,5
DA:133,0
DA:134,0
DA:135,0
DA:136,0
DA:138,0
DA:142,5
DA:147,0
DA:148,0
DA:149,0
DA:150,0
DA:152,0
DA:156,5
DA:161,0
DA:162,0
DA:163,0
DA:164,0
DA:167,0
DA:169,0
DA:173,5
DA:178,0
DA:179,0
DA:180,0
DA:184,0
DA:186,0
DA:190,5
DA:195,0
DA:196,0
DA:197,0
DA:198,0
DA:200,0
DA:204,5
DA:209,0
DA:210,0
DA:211,0
DA:213,0
LF:81
LH:30
BRDA:164,0,0,0
BRDA:164,0,1,0
BRF:2
BRH:0
end_of_record
TN:
SF:src/modules/report/report.dto.ts
FNF:0
FNH:0
DA:1,5
DA:3,5
DA:4,5
DA:5,5
DA:6,5
DA:7,5
DA:8,5
DA:11,5
DA:12,5
DA:13,5
DA:14,5
DA:15,5
DA:16,5
DA:17,5
DA:20,5
LF:15
LH:15
BRF:0
BRH:0
end_of_record
TN:
SF:src/modules/report/report.model.ts
FNF:0
FNH:0
DA:1,5
DA:4,5
DA:39,5
LF:3
LH:3
BRF:0
BRH:0
end_of_record
TN:
SF:src/modules/report/report.service.ts
FN:12,(anonymous_0)
FN:30,(anonymous_1)
FN:61,(anonymous_2)
FN:72,(anonymous_3)
FN:83,(anonymous_4)
FN:96,(anonymous_5)
FN:105,(anonymous_6)
FN:115,(anonymous_7)
FN:123,(anonymous_8)
FN:136,(anonymous_9)
FN:149,(anonymous_10)
FNF:11
FNH:1
FNDA:5,(anonymous_0)
FNDA:0,(anonymous_1)
FNDA:0,(anonymous_2)
FNDA:0,(anonymous_3)
FNDA:0,(anonymous_4)
FNDA:0,(anonymous_5)
FNDA:0,(anonymous_6)
FNDA:0,(anonymous_7)
FNDA:0,(anonymous_8)
FNDA:0,(anonymous_9)
FNDA:0,(anonymous_10)
DA:4,5
DA:5,5
DA:12,5
DA:13,5
DA:14,5
DA:33,0
DA:34,0
DA:36,0
DA:37,0
DA:38,0
DA:44,0
DA:45,0
DA:46,0
DA:52,0
DA:54,0
DA:57,0
DA:62,0
DA:63,0
DA:68,0
DA:73,0
DA:74,0
DA:79,0
DA:84,0
DA:85,0
DA:87,0
DA:90,0
DA:92,0
DA:97,0
DA:98,0
DA:99,0
DA:101,0
DA:106,0
DA:107,0
DA:111,0
DA:116,0
DA:117,0
DA:119,0
DA:124,0
DA:125,0
DA:128,0
DA:132,0
DA:137,0
DA:138,0
DA:141,0
DA:145,0
DA:150,0
DA:151,0
DA:152,0
DA:154,0
LF:49
LH:5
BRDA:34,0,0,0
BRDA:34,0,1,0
BRDA:87,1,0,0
BRDA:87,1,1,0
BRDA:87,2,0,0
BRDA:87,2,1,0
BRDA:87,2,2,0
BRF:7
BRH:0
end_of_record
TN:
SF:src/modules/round/index.ts
FN:2,(anonymous_0)
FN:3,(anonymous_1)
FN:4,(anonymous_2)
FN:6,(anonymous_3)
FN:7,(anonymous_4)
FN:9,(anonymous_5)
FN:9,(anonymous_6)
FN:10,(anonymous_7)
FNF:8
FNH:6
FNDA:9,(anonymous_0)
FNDA:25,(anonymous_1)
FNDA:5,(anonymous_2)
FNDA:0,(anonymous_3)
FNDA:2,(anonymous_4)
FNDA:0,(anonymous_5)
FNDA:5,(anonymous_6)
FNDA:16,(anonymous_7)
DA:2,14
DA:3,30
DA:4,10
DA:5,5
DA:6,5
DA:7,7
DA:9,10
DA:10,21
LF:8
LH:8
BRF:0
BRH:0
end_of_record
TN:
SF:src/modules/round/round.aggregate.ts
FN:6,(anonymous_1)
FN:54,(anonymous_2)
FNF:2
FNH:1
FNDA:0,(anonymous_1)
FNDA:2,(anonymous_2)
DA:1,5
DA:2,5
DA:4,5
DA:6,5
DA:7,0
DA:54,5
DA:55,2
LF:7
LH:6
BRF:0
BRH:0
end_of_record
TN:
SF:src/modules/round/round.controller.ts
FN:16,(anonymous_0)
FN:46,(anonymous_1)
FN:60,(anonymous_2)
FN:77,(anonymous_3)
FN:91,(anonymous_4)
FN:105,(anonymous_5)
FN:120,(anonymous_6)
FN:20,(anonymous_7)
FNF:8
FNH:2
FNDA:5,(anonymous_0)
FNDA:0,(anonymous_1)
FNDA:0,(anonymous_2)
FNDA:0,(anonymous_3)
FNDA:0,(anonymous_4)
FNDA:0,(anonymous_5)
FNDA:0,(anonymous_6)
FNDA:5,(anonymous_7)
DA:1,5
DA:3,5
DA:4,5
DA:5,5
DA:10,5
DA:12,5
DA:13,5
DA:14,5
DA:15,5
DA:17,5
DA:21,5
DA:26,5
DA:31,5
DA:32,5
DA:38,5
DA:39,5
DA:46,5
DA:51,0
DA:52,0
DA:53,0
DA:54,0
DA:56,0
DA:60,5
DA:65,0
DA:66,0
DA:67,0
DA:71,0
DA:73,0
DA:77,5
DA:82,0
DA:83,0
DA:84,0
DA:85,0
DA:87,0
DA:91,5
DA:96,0
DA:97,0
DA:98,0
DA:99,0
DA:101,0
DA:105,5
DA:110,0
DA:111,0
DA:112,0
DA:113,0
DA:114,0
DA:116,0
DA:120,5
DA:125,0
DA:126,0
DA:127,0
DA:128,0
DA:130,0
LF:53
LH:22
BRDA:69,0,0,0
BRDA:69,0,1,0
BRDA:69,1,0,0
BRDA:69,1,1,0
BRDA:113,2,0,0
BRDA:113,2,1,0
BRF:6
BRH:0
end_of_record
TN:
SF:src/modules/round/round.dto.ts
FNF:0
FNH:0
DA:1,5
DA:3,5
DA:4,5
DA:7,5
DA:8,5
DA:9,5
DA:10,5
DA:11,5
DA:12,5
DA:13,5
DA:14,5
LF:11
LH:11
BRF:0
BRH:0
end_of_record
TN:
SF:src/modules/round/round.model.ts
FN:50,(anonymous_7)
FNF:1
FNH:0
FNDA:0,(anonymous_7)
DA:1,5
DA:3,5
DA:5,5
DA:10,5
DA:31,5
DA:45,5
DA:46,5
DA:48,5
DA:51,0
DA:55,5
LF:10
LH:9
BRF:0
BRH:0
end_of_record
TN:
SF:src/modules/round/round.service.ts
FN:16,(anonymous_0)
FN:29,(anonymous_1)
FN:56,(anonymous_2)
FN:76,(anonymous_3)
FN:84,(anonymous_4)
FN:94,(anonymous_5)
FN:103,(anonymous_6)
FNF:7
FNH:3
FNDA:25,(anonymous_0)
FNDA:0,(anonymous_1)
FNDA:2,(anonymous_2)
FNDA:0,(anonymous_3)
FNDA:0,(anonymous_4)
FNDA:0,(anonymous_5)
FNDA:3,(anonymous_6)
DA:4,5
DA:5,5
DA:6,5
DA:7,5
DA:8,5
DA:16,5
DA:17,25
DA:18,25
DA:19,25
DA:20,25
DA:32,0
DA:33,0
DA:35,0
DA:36,0
DA:37,0
DA:38,0
DA:39,0
DA:40,0
DA:41,0
DA:47,0
DA:49,0
DA:52,0
DA:60,2
DA:61,2
DA:62,0
DA:65,0
DA:67,2
DA:68,2
DA:69,2
DA:72,0
DA:77,0
DA:78,0
DA:80,0
DA:85,0
DA:86,0
DA:90,0
DA:95,0
DA:96,0
DA:97,0
DA:99,0
DA:104,3
DA:106,3
DA:107,3
DA:108,2
DA:109,2
DA:110,2
DA:111,0
DA:113,2
DA:114,2
DA:116,1
LF:50
LH:24
BRDA:33,0,0,0
BRDA:33,0,1,0
BRDA:61,1,0,0
BRDA:61,1,1,2
BRDA:61,2,0,2
BRDA:61,2,1,0
BRDA:61,2,2,0
BRF:7
BRH:2
end_of_record
TN:
SF:src/modules/round/rounds.types.ts
FNF:0
FNH:0
DA:1,5
LF:1
LH:1
BRF:0
BRH:0
end_of_record
TN:
SF:src/modules/settings/index.ts
FN:11,(anonymous_0)
FN:12,(anonymous_1)
FN:13,(anonymous_2)
FN:14,(anonymous_3)
FN:15,(anonymous_4)
FN:15,(anonymous_5)
FNF:6
FNH:4
FNDA:5,(anonymous_0)
FNDA:5,(anonymous_1)
FNDA:0,(anonymous_2)
FNDA:0,(anonymous_3)
FNDA:5,(anonymous_4)
FNDA:5,(anonymous_5)
DA:11,10
DA:12,10
DA:13,5
DA:14,5
DA:15,10
LF:5
LH:5
BRF:0
BRH:0
end_of_record
TN:
SF:src/modules/settings/settings.controller.ts
FN:17,(anonymous_0)
FN:36,(anonymous_1)
FN:49,(anonymous_2)
FN:63,(anonymous_3)
FN:78,(anonymous_4)
FN:21,(anonymous_5)
FNF:6
FNH:2
FNDA:5,(anonymous_0)
FNDA:0,(anonymous_1)
FNDA:0,(anonymous_2)
FNDA:0,(anonymous_3)
FNDA:0,(anonymous_4)
FNDA:5,(anonymous_5)
DA:1,5
DA:3,5
DA:4,5
DA:5,5
DA:13,5
DA:14,5
DA:15,5
DA:16,5
DA:18,5
DA:22,5
DA:23,5
DA:28,5
DA:33,5
DA:36,5
DA:41,0
DA:42,0
DA:43,0
DA:45,0
DA:49,5
DA:54,0
DA:55,0
DA:56,0
DA:57,0
DA:59,0
DA:63,5
DA:68,0
DA:69,0
DA:71,0
DA:72,0
DA:74,0
DA:78,5
DA:83,0
DA:84,0
DA:85,0
DA:86,0
DA:88,0
LF:36
LH:17
BRF:0
BRH:0
end_of_record
TN:
SF:src/modules/settings/settings.default.ts
FNF:0
FNH:0
DA:2,5
LF:1
LH:1
BRF:0
BRH:0
end_of_record
TN:
SF:src/modules/settings/settings.dto.ts
FNF:0
FNH:0
DA:1,5
DA:3,5
DA:4,5
DA:5,5
DA:8,5
DA:9,5
DA:10,5
LF:7
LH:7
BRF:0
BRH:0
end_of_record
TN:
SF:src/modules/settings/settings.model.ts
FN:34,(anonymous_6)
FNF:1
FNH:0
FNDA:0,(anonymous_6)
DA:1,5
DA:4,5
DA:32,5
DA:35,0
DA:39,5
LF:5
LH:4
BRF:0
BRH:0
end_of_record
TN:
SF:src/modules/settings/settings.service.ts
FN:13,(anonymous_0)
FN:15,(anonymous_1)
FN:24,(anonymous_2)
FN:39,(anonymous_3)
FN:63,(anonymous_4)
FN:64,(anonymous_5)
FN:72,(anonymous_6)
FN:87,(anonymous_7)
FN:106,(anonymous_8)
FN:125,(anonymous_9)
FN:142,(anonymous_10)
FNF:11
FNH:1
FNDA:5,(anonymous_0)
FNDA:0,(anonymous_1)
FNDA:0,(anonymous_2)
FNDA:0,(anonymous_3)
FNDA:0,(anonymous_4)
FNDA:0,(anonymous_5)
FNDA:0,(anonymous_6)
FNDA:0,(anonymous_7)
FNDA:0,(anonymous_8)
FNDA:0,(anonymous_9)
FNDA:0,(anonymous_10)
DA:1,5
DA:2,5
DA:13,5
DA:14,5
DA:16,0
DA:17,0
DA:18,0
DA:20,0
DA:25,0
DA:26,0
DA:27,0
DA:28,0
DA:29,0
DA:30,0
DA:32,0
DA:35,0
DA:42,0
DA:44,0
DA:45,0
DA:46,0
DA:49,0
DA:52,0
DA:53,0
DA:57,0
DA:58,0
DA:60,0
DA:64,0
DA:65,0
DA:77,0
DA:78,0
DA:79,0
DA:80,0
DA:81,0
DA:92,0
DA:93,0
DA:94,0
DA:95,0
DA:96,0
DA:97,0
DA:98,0
DA:99,0
DA:103,0
DA:111,0
DA:112,0
DA:113,0
DA:114,0
DA:115,0
DA:116,0
DA:117,0
DA:118,0
DA:122,0
DA:126,0
DA:127,0
DA:128,0
DA:136,0
DA:138,0
DA:143,0
DA:144,0
DA:145,0
DA:146,0
DA:150,0
LF:61
LH:4
BRDA:27,0,0,0
BRDA:27,0,1,0
BRDA:44,1,0,0
BRDA:44,1,1,0
BRDA:57,2,0,0
BRDA:92,3,0,0
BRDA:92,3,1,0
BRDA:94,4,0,0
BRDA:95,5,0,0
BRDA:95,5,1,0
BRDA:97,6,0,0
BRDA:98,7,0,0
BRDA:111,8,0,0
BRDA:111,8,1,0
BRDA:113,9,0,0
BRDA:114,10,0,0
BRDA:114,10,1,0
BRDA:116,11,0,0
BRDA:117,12,0,0
BRDA:132,13,0,0
BRDA:132,13,1,0
BRDA:132,14,0,0
BRDA:132,14,1,0
BRF:23
BRH:0
end_of_record
TN:
SF:src/modules/stats/index.ts
FN:1,(anonymous_0)
FN:3,(anonymous_1)
FN:4,(anonymous_2)
FNF:3
FNH:3
FNDA:5,(anonymous_0)
FNDA:5,(anonymous_1)
FNDA:5,(anonymous_2)
DA:1,10
DA:3,10
DA:4,10
LF:3
LH:3
BRF:0
BRH:0
end_of_record
TN:
SF:src/modules/stats/stats.controller.ts
FN:11,(anonymous_0)
FN:23,(anonymous_1)
FN:15,(anonymous_2)
FNF:3
FNH:2
FNDA:5,(anonymous_0)
FNDA:0,(anonymous_1)
FNDA:5,(anonymous_2)
DA:1,5
DA:2,5
DA:4,5
DA:5,5
DA:7,5
DA:8,5
DA:9,5
DA:10,5
DA:12,5
DA:16,5
DA:23,5
DA:28,0
DA:29,0
DA:30,0
DA:31,0
DA:33,0
LF:16
LH:11
BRF:0
BRH:0
end_of_record
TN:
SF:src/modules/stats/stats.dto.ts
FNF:0
FNH:0
DA:1,5
DA:3,5
DA:4,5
LF:3
LH:3
BRF:0
BRH:0
end_of_record
TN:
SF:src/modules/stats/stats.service.ts
FN:11,(anonymous_7)
FN:14,(anonymous_8)
FN:20,(anonymous_9)
FN:33,(anonymous_10)
FN:168,(anonymous_11)
FN:169,(anonymous_12)
FN:209,(anonymous_13)
FN:213,(anonymous_14)
FN:217,(anonymous_15)
FN:218,(anonymous_16)
FN:223,(anonymous_17)
FN:241,(anonymous_18)
FNF:12
FNH:1
FNDA:5,(anonymous_7)
FNDA:0,(anonymous_8)
FNDA:0,(anonymous_9)
FNDA:0,(anonymous_10)
FNDA:0,(anonymous_11)
FNDA:0,(anonymous_12)
FNDA:0,(anonymous_13)
FNDA:0,(anonymous_14)
FNDA:0,(anonymous_15)
FNDA:0,(anonymous_16)
FNDA:0,(anonymous_17)
FNDA:0,(anonymous_18)
DA:1,5
DA:2,5
DA:3,5
DA:4,5
DA:5,5
DA:6,5
DA:7,5
DA:8,5
DA:11,5
DA:12,5
DA:14,5
DA:15,0
DA:16,0
DA:17,0
DA:19,0
DA:20,0
DA:23,0
DA:24,0
DA:25,0
DA:29,0
DA:30,0
DA:34,0
DA:36,0
DA:39,0
DA:40,0
DA:41,0
DA:42,0
DA:169,0
DA:170,0
DA:172,0
DA:173,0
DA:174,0
DA:175,0
DA:176,0
DA:177,0
DA:178,0
DA:181,0
DA:182,0
DA:183,0
DA:190,0
DA:191,0
DA:192,0
DA:193,0
DA:194,0
DA:195,0
DA:196,0
DA:197,0
DA:198,0
DA:199,0
DA:202,0
DA:204,0
DA:210,0
DA:214,0
DA:218,0
DA:219,0
DA:220,0
DA:221,0
DA:223,0
DA:224,0
DA:225,0
DA:226,0
DA:228,0
DA:229,0
DA:230,0
DA:232,0
DA:233,0
DA:235,0
DA:242,0
DA:244,0
DA:245,0
DA:246,0
DA:247,0
DA:248,0
DA:249,0
DA:252,0
DA:253,0
DA:254,0
DA:255,0
DA:256,0
DA:257,0
DA:260,0
DA:262,0
LF:82
LH:11
BRDA:16,0,0,0
BRDA:16,0,1,0
BRDA:36,1,0,0
BRDA:36,1,1,0
BRDA:173,2,0,0
BRDA:173,2,1,0
BRDA:175,3,0,0
BRDA:175,3,1,0
BRDA:177,4,0,0
BRDA:182,5,0,0
BRDA:190,6,0,0
BRDA:190,6,1,0
BRDA:192,7,0,0
BRDA:192,7,1,0
BRDA:194,8,0,0
BRDA:194,8,1,0
BRDA:196,9,0,0
BRDA:196,9,1,0
BRDA:198,10,0,0
BRDA:232,11,0,0
BRDA:232,11,1,0
BRF:21
BRH:0
end_of_record
TN:
SF:src/modules/toggle/index.ts
FN:2,(anonymous_0)
FN:3,(anonymous_1)
FN:4,(anonymous_2)
FN:5,(anonymous_3)
FN:5,(anonymous_4)
FNF:5
FNH:4
FNDA:5,(anonymous_0)
FNDA:0,(anonymous_1)
FNDA:5,(anonymous_2)
FNDA:5,(anonymous_3)
FNDA:5,(anonymous_4)
DA:2,10
DA:3,5
DA:4,10
DA:5,10
LF:4
LH:4
BRF:0
BRH:0
end_of_record
TN:
SF:src/modules/toggle/toggle.controller.ts
FN:21,(anonymous_0)
FN:50,(anonymous_1)
FN:64,(anonymous_2)
FN:78,(anonymous_3)
FN:92,(anonymous_4)
FN:106,(anonymous_5)
FN:120,(anonymous_6)
FN:25,(anonymous_7)
FNF:8
FNH:2
FNDA:5,(anonymous_0)
FNDA:0,(anonymous_1)
FNDA:0,(anonymous_2)
FNDA:0,(anonymous_3)
FNDA:0,(anonymous_4)
FNDA:0,(anonymous_5)
FNDA:0,(anonymous_6)
FNDA:5,(anonymous_7)
DA:1,5
DA:2,5
DA:4,5
DA:9,5
DA:10,5
DA:17,5
DA:18,5
DA:19,5
DA:20,5
DA:22,5
DA:26,5
DA:31,5
DA:36,5
DA:41,5
DA:46,5
DA:47,5
DA:50,5
DA:55,0
DA:56,0
DA:57,0
DA:58,0
DA:60,0
DA:64,5
DA:69,0
DA:70,0
DA:71,0
DA:72,0
DA:74,0
DA:78,5
DA:83,0
DA:84,0
DA:85,0
DA:86,0
DA:88,0
DA:92,5
DA:97,0
DA:98,0
DA:99,0
DA:100,0
DA:102,0
DA:106,5
DA:111,0
DA:112,0
DA:113,0
DA:114,0
DA:116,0
DA:120,5
DA:125,0
DA:126,0
DA:127,0
DA:129,0
LF:51
LH:22
BRF:0
BRH:0
end_of_record
TN:
SF:src/modules/toggle/toggle.dto.ts
FNF:0
FNH:0
DA:1,5
DA:3,5
DA:4,5
DA:5,5
DA:6,5
DA:9,5
DA:10,5
DA:11,5
DA:12,5
DA:13,5
LF:10
LH:10
BRF:0
BRH:0
end_of_record
TN:
SF:src/modules/toggle/toggle.model.ts
FN:21,(anonymous_6)
FNF:1
FNH:0
FNDA:0,(anonymous_6)
DA:1,5
DA:4,5
DA:19,5
DA:22,0
DA:26,5
LF:5
LH:4
BRF:0
BRH:0
end_of_record
TN:
SF:src/modules/toggle/toggle.service.ts
FN:6,(anonymous_0)
FN:9,(anonymous_1)
FN:24,(anonymous_2)
FN:32,(anonymous_3)
FN:41,(anonymous_4)
FN:50,(anonymous_5)
FN:60,(anonymous_6)
FNF:7
FNH:1
FNDA:5,(anonymous_0)
FNDA:0,(anonymous_1)
FNDA:0,(anonymous_2)
FNDA:0,(anonymous_3)
FNDA:0,(anonymous_4)
FNDA:0,(anonymous_5)
FNDA:0,(anonymous_6)
DA:1,5
DA:4,5
DA:6,5
DA:7,5
DA:10,0
DA:11,0
DA:12,0
DA:13,0
DA:15,0
DA:17,0
DA:18,0
DA:20,0
DA:25,0
DA:26,0
DA:28,0
DA:33,0
DA:34,0
DA:35,0
DA:37,0
DA:42,0
DA:43,0
DA:44,0
DA:46,0
DA:51,0
DA:52,0
DA:53,0
DA:54,0
DA:56,0
DA:61,0
DA:62,0
DA:63,0
DA:64,0
DA:66,0
LF:33
LH:4
BRDA:12,0,0,0
BRDA:12,0,1,0
BRF:2
BRH:0
end_of_record
TN:
SF:src/modules/tournament/index.ts
FN:2,(anonymous_0)
FN:3,(anonymous_1)
FN:4,(anonymous_2)
FN:5,(anonymous_3)
FN:6,(anonymous_4)
FN:8,(anonymous_5)
FN:9,(anonymous_6)
FN:15,(anonymous_7)
FN:16,(anonymous_8)
FN:17,(anonymous_9)
FNF:10
FNH:8
FNDA:5,(anonymous_0)
FNDA:5,(anonymous_1)
FNDA:5,(anonymous_2)
FNDA:0,(anonymous_3)
FNDA:5,(anonymous_4)
FNDA:0,(anonymous_5)
FNDA:10,(anonymous_6)
FNDA:5,(anonymous_7)
FNDA:5,(anonymous_8)
FNDA:43,(anonymous_9)
DA:1,5
DA:2,10
DA:3,10
DA:4,10
DA:5,5
DA:6,10
DA:8,5
DA:9,15
DA:15,10
DA:16,10
DA:17,48
LF:11
LH:11
BRF:0
BRH:0
end_of_record
TN:
SF:src/modules/tournament/requisites.types.ts
FNF:0
FNH:0
DA:2,5
LF:1
LH:1
BRF:0
BRH:0
end_of_record
TN:
SF:src/modules/tournament/tournament.aggregate.ts
FN:8,(anonymous_0)
FN:48,(anonymous_1)
FNF:2
FNH:2
FNDA:14,(anonymous_0)
FNDA:1,(anonymous_1)
DA:1,5
DA:8,5
DA:14,14
DA:48,5
DA:49,1
LF:5
LH:5
BRF:0
BRH:0
end_of_record
TN:
SF:src/modules/tournament/tournament.controller.ts
FN:23,(anonymous_0)
FN:93,(anonymous_1)
FN:107,(anonymous_2)
FN:120,(anonymous_3)
FN:133,(anonymous_4)
FN:147,(anonymous_5)
FN:161,(anonymous_6)
FN:175,(anonymous_7)
FN:191,(anonymous_8)
FN:207,(anonymous_9)
FN:223,(anonymous_10)
FN:237,(anonymous_11)
FN:251,(anonymous_12)
FN:267,(anonymous_13)
FN:27,(anonymous_14)
FNF:15
FNH:14
FNDA:5,(anonymous_0)
FNDA:14,(anonymous_1)
FNDA:1,(anonymous_2)
FNDA:1,(anonymous_3)
FNDA:1,(anonymous_4)
FNDA:2,(anonymous_5)
FNDA:2,(anonymous_6)
FNDA:1,(anonymous_7)
FNDA:1,(anonymous_8)
FNDA:1,(anonymous_9)
FNDA:1,(anonymous_10)
FNDA:0,(anonymous_11)
FNDA:1,(anonymous_12)
FNDA:2,(anonymous_13)
FNDA:5,(anonymous_14)
DA:1,5
DA:2,5
DA:11,5
DA:12,5
DA:13,5
DA:19,5
DA:20,5
DA:21,5
DA:22,5
DA:24,5
DA:28,5
DA:33,5
DA:38,5
DA:43,5
DA:48,5
DA:49,5
DA:55,5
DA:61,5
DA:67,5
DA:73,5
DA:79,5
DA:85,5
DA:90,5
DA:93,5
DA:98,14
DA:99,14
DA:100,14
DA:101,14
DA:103,0
DA:107,5
DA:112,1
DA:113,1
DA:114,1
DA:116,0
DA:120,5
DA:125,1
DA:126,1
DA:127,1
DA:129,0
DA:133,5
DA:138,1
DA:139,1
DA:140,1
DA:141,1
DA:143,0
DA:147,5
DA:152,2
DA:153,2
DA:154,2
DA:155,1
DA:157,1
DA:161,5
DA:166,2
DA:167,2
DA:168,2
DA:169,1
DA:171,1
DA:175,5
DA:180,1
DA:181,1
DA:182,1
DA:185,0
DA:187,1
DA:191,5
DA:196,1
DA:197,1
DA:198,1
DA:201,1
DA:203,0
DA:207,5
DA:212,1
DA:213,1
DA:214,1
DA:217,1
DA:219,0
DA:223,5
DA:228,1
DA:229,1
DA:230,1
DA:231,0
DA:233,1
DA:237,5
DA:242,0
DA:243,0
DA:244,0
DA:245,0
DA:247,0
DA:251,5
DA:256,1
DA:257,1
DA:258,1
DA:259,1
DA:263,0
DA:267,5
DA:272,2
DA:273,2
DA:274,2
DA:275,1
DA:278,1
DA:280,1
LF:100
LH:86
BRDA:275,0,0,1
BRDA:275,0,1,0
BRF:2
BRH:1
end_of_record
TN:
SF:src/modules/tournament/tournament.dto.ts
FNF:0
FNH:0
DA:1,5
DA:3,5
DA:5,5
DA:6,5
DA:9,5
DA:10,5
DA:11,5
DA:12,5
DA:13,5
DA:16,5
DA:17,5
DA:18,5
DA:19,5
DA:20,5
DA:21,5
DA:22,5
DA:23,5
DA:24,5
DA:27,5
DA:28,5
DA:29,5
DA:32,5
DA:33,5
LF:23
LH:23
BRF:0
BRH:0
end_of_record
TN:
SF:src/modules/tournament/tournament.helper.ts
FN:18,(anonymous_1)
FN:60,(anonymous_2)
FN:61,(anonymous_3)
FN:89,(anonymous_4)
FN:96,(anonymous_5)
FN:110,(anonymous_6)
FN:114,(anonymous_7)
FN:121,(anonymous_8)
FN:146,(anonymous_9)
FN:158,(anonymous_10)
FN:185,(anonymous_11)
FN:214,(anonymous_12)
FN:236,(anonymous_13)
FN:285,(anonymous_14)
FN:317,(anonymous_15)
FN:323,(anonymous_16)
FN:352,(anonymous_17)
FN:356,(anonymous_18)
FN:369,(anonymous_19)
FN:378,(anonymous_20)
FN:379,(anonymous_21)
FN:409,(anonymous_22)
FN:424,(anonymous_23)
FN:432,(anonymous_24)
FN:433,(anonymous_25)
FN:454,(anonymous_26)
FN:455,(anonymous_27)
FN:458,(anonymous_28)
FN:462,(anonymous_29)
FN:495,(anonymous_30)
FN:496,(anonymous_31)
FN:525,(anonymous_32)
FN:546,(anonymous_33)
FN:551,(anonymous_34)
FN:573,isSemifinalRound
FN:602,(anonymous_36)
FN:607,(anonymous_37)
FN:616,(anonymous_38)
FN:620,(anonymous_39)
[...]
BRDA:434,25,1,0
BRDA:434,26,0,0
BRDA:434,26,1,0
BRDA:436,27,0,0
BRDA:436,28,0,0
BRDA:436,28,1,0
BRDA:468,29,0,0
BRDA:468,29,1,0
BRDA:481,30,0,0
BRDA:481,30,1,0
BRDA:553,31,0,0
BRDA:553,31,1,0
BRDA:553,32,0,0
BRDA:553,32,1,0
BRDA:553,32,2,0
BRDA:553,32,3,0
BRDA:558,33,0,0
BRDA:558,33,1,0
BRDA:587,34,0,0
BRDA:587,34,1,0
BRDA:588,35,0,0
BRDA:588,35,1,0
BRDA:588,36,0,0
BRDA:588,36,1,0
BRDA:588,37,0,0
BRDA:588,37,1,0
BRDA:588,38,0,0
BRDA:588,38,1,0
BRDA:588,39,0,0
BRDA:588,39,1,0
BRDA:589,40,0,0
BRDA:589,40,1,0
BRDA:589,41,0,0
BRDA:589,41,1,0
BRDA:589,42,0,0
BRDA:589,42,1,0
BRDA:589,43,0,0
BRDA:589,43,1,0
BRDA:602,44,0,0
BRDA:602,44,1,0
BRDA:618,45,0,0
BRDA:629,46,0,0
BRDA:629,46,1,0
BRDA:630,47,0,0
BRDA:630,47,1,0
BRDA:630,47,2,0
BRDA:630,47,3,0
BRDA:651,48,0,0
BRDA:651,48,1,0
BRDA:668,49,0,0
BRDA:668,49,1,0
BRDA:669,50,0,0
BRDA:669,50,1,0
BRDA:669,51,0,0
BRDA:669,51,1,0
BRDA:670,52,0,0
BRDA:670,52,1,0
BRDA:678,53,0,0
BRDA:678,53,1,0
BRDA:678,54,0,0
BRDA:678,54,1,0
BRDA:691,55,0,0
BRDA:691,55,1,0
BRDA:711,56,0,0
BRDA:711,56,1,0
BRDA:711,57,0,0
BRDA:711,57,1,0
BRDA:712,58,0,0
BRDA:712,58,1,0
BRDA:742,59,0,0
BRDA:742,59,1,0
BRDA:742,60,0,0
BRDA:742,60,1,0
BRDA:747,61,0,0
BRDA:749,62,0,0
BRDA:749,62,1,0
BRDA:751,63,0,0
BRDA:751,63,1,0
BRDA:761,64,0,0
BRDA:774,65,0,0
BRDA:774,65,1,0
BRDA:788,66,0,0
BRDA:788,66,1,0
BRDA:789,67,0,0
BRDA:789,67,1,0
BRDA:797,68,0,0
BRF:130
BRH:12
end_of_record
TN:
SF:src/modules/tournament/tournament.model.ts
FN:70,(anonymous_7)
FNF:1
FNH:1
FNDA:4,(anonymous_7)
DA:1,5
DA:2,5
DA:5,5
DA:10,5
DA:29,5
DA:62,5
DA:63,5
DA:64,5
DA:65,5
DA:66,5
DA:68,5
DA:71,4
DA:75,5
LF:13
LH:13
BRF:0
BRH:0
end_of_record
TN:
SF:src/modules/tournament/tournament.service.ts
FN:25,(anonymous_1)
FN:32,(anonymous_2)
FN:54,(anonymous_3)
FN:59,(anonymous_4)
FN:73,(anonymous_5)
FN:76,(anonymous_6)
FN:79,(anonymous_7)
FN:97,(anonymous_8)
FN:102,(anonymous_9)
FN:123,(anonymous_10)
FN:133,(anonymous_11)
FN:134,(anonymous_12)
FN:143,(anonymous_13)
FN:156,(anonymous_14)
FN:169,(anonymous_15)
FN:184,(anonymous_16)
FN:205,(anonymous_17)
FN:225,(anonymous_18)
FN:247,(anonymous_19)
FN:268,(anonymous_20)
FN:283,(anonymous_21)
FN:284,(anonymous_22)
FN:300,(anonymous_23)
FN:308,(anonymous_24)
FN:314,(anonymous_25)
FN:315,(anonymous_26)
FN:335,(anonymous_27)
FN:336,(anonymous_28)
FN:353,(anonymous_29)
FN:367,(anonymous_30)
FN:373,(anonymous_31)
FN:374,(anonymous_32)
FN:389,(anonymous_33)
FN:413,(anonymous_34)
FN:425,(anonymous_35)
FNF:35
FNH:28
FNDA:5,(anonymous_1)
FNDA:14,(anonymous_2)
FNDA:1,(anonymous_3)
FNDA:1,(anonymous_4)
FNDA:2,(anonymous_5)
FNDA:2,(anonymous_6)
FNDA:2,(anonymous_7)
FNDA:3,(anonymous_8)
FNDA:0,(anonymous_9)
FNDA:0,(anonymous_10)
FNDA:1,(anonymous_11)
FNDA:1,(anonymous_12)
FNDA:0,(anonymous_13)
FNDA:1,(anonymous_14)
FNDA:1,(anonymous_15)
FNDA:0,(anonymous_16)
FNDA:1,(anonymous_17)
FNDA:1,(anonymous_18)
FNDA:1,(anonymous_19)
FNDA:4,(anonymous_20)
FNDA:2,(anonymous_21)
FNDA:2,(anonymous_22)
FNDA:2,(anonymous_23)
FNDA:1,(anonymous_24)
FNDA:1,(anonymous_25)
FNDA:1,(anonymous_26)
FNDA:1,(anonymous_27)
FNDA:1,(anonymous_28)
FNDA:2,(anonymous_29)
FNDA:1,(anonymous_30)
FNDA:0,(anonymous_31)
FNDA:0,(anonymous_32)
FNDA:0,(anonymous_33)
FNDA:1,(anonymous_34)
FNDA:2,(anonymous_35)
DA:1,5
DA:3,5
DA:4,5
DA:5,5
DA:6,5
DA:7,5
DA:8,5
DA:9,5
DA:10,5
DA:20,5
DA:22,5
DA:23,5
DA:25,5
DA:26,5
DA:27,5
DA:28,5
DA:29,5
DA:30,5
DA:33,14
DA:35,14
DA:36,14
DA:37,14
DA:38,14
DA:39,14
DA:40,14
DA:41,14
DA:42,14
DA:48,14
DA:50,0
DA:59,1
DA:60,1
DA:61,1
DA:67,1
DA:68,1
DA:72,1
DA:73,2
DA:75,1
DA:76,2
DA:78,1
DA:79,2
DA:81,1
DA:82,1
DA:83,1
DA:84,1
DA:85,1
DA:90,1
DA:92,0
DA:98,3
DA:99,3
DA:100,3
DA:101,2
DA:102,0
DA:105,2
DA:108,2
DA:121,2
DA:123,3
DA:124,0
DA:126,3
DA:128,0
DA:129,0
DA:134,1
DA:135,1
DA:136,1
DA:137,1
DA:140,1
DA:141,1
DA:142,1
DA:143,1
DA:144,1
DA:149,1
DA:151,0
DA:160,1
DA:161,1
DA:162,1
DA:163,1
DA:166,1
DA:170,1
DA:172,0
DA:173,0
DA:174,0
DA:175,0
DA:176,0
DA:177,0
DA:181,1
DA:185,0
DA:186,0
DA:188,0
DA:189,0
DA:190,0
DA:191,0
DA:192,0
DA:193,0
DA:194,0
DA:195,0
DA:196,0
DA:199,0
DA:201,0
DA:208,1
DA:209,1
DA:210,1
DA:211,1
DA:212,1
DA:213,1
DA:214,1
DA:219,1
DA:221,0
DA:226,1
DA:227,1
DA:228,1
DA:230,0
DA:232,0
DA:233,0
DA:234,0
DA:238,0
DA:241,1
DA:243,0
DA:248,1
DA:249,1
DA:254,1
DA:256,1
DA:257,1
DA:258,1
DA:259,0
DA:262,1
DA:264,0
DA:269,4
DA:270,4
DA:279,0
DA:284,2
DA:285,2
DA:287,2
DA:288,1
DA:289,1
DA:290,1
DA:292,1
DA:295,0
DA:301,2
DA:302,1
DA:305,1
DA:309,1
DA:310,0
DA:311,0
DA:315,1
DA:316,1
DA:317,1
DA:318,1
DA:319,1
DA:320,1
DA:323,1
DA:327,1
DA:328,1
DA:330,0
DA:336,1
DA:337,1
DA:338,1
DA:339,1
DA:340,1
DA:341,1
DA:345,1
DA:346,1
DA:348,0
DA:357,2
DA:358,2
DA:359,2
DA:360,2
DA:361,2
DA:362,2
DA:363,2
DA:364,2
DA:368,1
DA:369,0
DA:370,0
DA:374,0
DA:375,0
DA:376,0
DA:377,0
DA:380,0
DA:381,0
DA:382,0
DA:384,0
DA:393,0
DA:394,0
DA:395,0
DA:396,0
DA:400,0
DA:401,0
DA:405,0
DA:406,0
DA:414,1
DA:415,1
DA:421,0
DA:426,2
DA:427,2
DA:428,2
DA:429,2
DA:431,0
LF:196
LH:135
BRDA:37,0,0,0
BRDA:37,0,1,14
BRDA:105,1,0,0
BRDA:105,1,1,2
BRDA:115,2,0,2
BRDA:115,2,1,0
BRDA:115,3,0,0
BRDA:115,3,1,0
BRDA:115,4,0,0
BRDA:115,4,1,0
BRDA:116,5,0,0
BRDA:116,5,1,2
BRDA:116,6,0,2
BRDA:116,6,1,2
BRDA:162,7,0,1
BRDA:176,8,0,0
BRDA:190,9,0,0
BRDA:190,9,1,0
BRDA:195,10,0,0
BRDA:234,11,0,0
BRDA:235,12,0,0
BRDA:235,12,1,0
BRDA:258,13,0,0
BRDA:287,14,0,1
BRDA:287,14,1,1
BRDA:301,15,0,1
BRDA:394,16,0,0
BRDA:395,17,0,0
BRDA:400,18,0,0
BRDA:405,19,0,0
BRF:30
BRH:10
end_of_record
TN:
SF:src/modules/user/index.ts
FN:1,(anonymous_0)
FN:1,(anonymous_1)
FN:2,(anonymous_2)
FN:4,(anonymous_3)
FN:5,(anonymous_4)
FN:6,(anonymous_5)
FN:7,(anonymous_6)
FN:10,(anonymous_7)
FN:11,(anonymous_8)
FNF:9
FNH:9
FNDA:8,(anonymous_0)
FNDA:1,(anonymous_1)
FNDA:5,(anonymous_2)
FNDA:5,(anonymous_3)
FNDA:5,(anonymous_4)
FNDA:5,(anonymous_5)
FNDA:5,(anonymous_6)
FNDA:64,(anonymous_7)
FNDA:5,(anonymous_8)
DA:1,13
DA:2,10
DA:3,5
DA:4,10
DA:5,10
DA:6,10
DA:7,10
DA:10,69
DA:11,10
LF:9
LH:9
BRF:0
BRH:0
end_of_record
TN:
SF:src/modules/user/user.aggregate.ts
FN:4,(anonymous_0)
FN:75,(anonymous_1)
FNF:2
FNH:2
FNDA:8,(anonymous_0)
FNDA:1,(anonymous_1)
DA:4,5
DA:10,8
DA:11,8
DA:75,5
LF:4
LH:4
BRF:0
BRH:0
end_of_record
TN:
SF:src/modules/user/user.controller.ts
FN:26,(anonymous_0)
FN:83,(anonymous_1)
FN:97,(anonymous_2)
FN:111,(anonymous_3)
FN:125,(anonymous_4)
FN:139,(anonymous_5)
FN:153,(anonymous_6)
FN:167,(anonymous_7)
FN:181,(anonymous_8)
FN:198,(anonymous_9)
FN:30,(anonymous_10)
FNF:11
FNH:7
FNDA:5,(anonymous_0)
FNDA:8,(anonymous_1)
FNDA:1,(anonymous_2)
FNDA:1,(anonymous_3)
FNDA:2,(anonymous_4)
FNDA:1,(anonymous_5)
FNDA:0,(anonymous_6)
FNDA:0,(anonymous_7)
FNDA:0,(anonymous_8)
FNDA:0,(anonymous_9)
FNDA:5,(anonymous_10)
DA:1,5
DA:2,5
DA:12,5
DA:13,5
DA:14,5
DA:21,5
DA:22,5
DA:23,5
DA:24,5
DA:27,5
DA:31,5
DA:38,5
DA:43,5
DA:49,5
DA:58,5
DA:63,5
DA:69,5
DA:75,5
DA:76,5
DA:83,5
DA:88,8
DA:89,8
DA:90,8
DA:91,8
DA:93,0
DA:97,5
DA:102,1
DA:103,1
DA:104,1
DA:105,1
DA:107,0
DA:111,5
DA:116,1
DA:117,1
DA:118,1
DA:119,1
DA:121,0
DA:125,5
DA:130,2
DA:131,2
DA:132,2
DA:133,1
DA:135,1
DA:139,5
DA:144,1
DA:145,1
DA:146,1
DA:147,1
DA:149,0
DA:153,5
DA:158,0
DA:159,0
DA:160,0
DA:161,0
DA:163,0
DA:167,5
DA:172,0
DA:173,0
DA:174,0
DA:175,0
DA:177,0
DA:181,5
DA:186,0
DA:187,0
DA:188,0
DA:189,0
DA:192,0
DA:194,0
DA:198,5
DA:203,0
DA:204,0
DA:205,0
DA:207,0
LF:73
LH:49
BRDA:189,0,0,0
BRDA:189,0,1,0
BRF:2
BRH:0
end_of_record
TN:
SF:src/modules/user/user.dto.ts
FNF:0
FNH:0
DA:1,5
DA:2,5
DA:4,5
DA:5,5
DA:7,5
DA:8,5
DA:9,5
DA:10,5
DA:11,5
DA:12,5
DA:13,5
DA:14,5
DA:17,5
DA:18,5
DA:21,5
DA:22,5
DA:23,5
DA:24,5
DA:25,5
DA:26,5
DA:27,5
DA:28,5
LF:22
LH:22
BRF:0
BRH:0
end_of_record
TN:
SF:src/modules/user/user.model.ts
FN:48,(anonymous_6)
FNF:1
FNH:1
FNDA:3,(anonymous_6)
DA:1,5
DA:4,5
DA:9,5
DA:28,5
DA:43,5
DA:44,5
DA:46,5
DA:49,3
DA:53,5
LF:9
LH:9
BRF:0
BRH:0
end_of_record
TN:
SF:src/modules/user/user.service.ts
FN:22,(anonymous_0)
FN:31,(anonymous_1)
FN:70,(anonymous_2)
FN:84,(anonymous_3)
FN:87,(anonymous_4)
FN:106,(anonymous_5)
FN:110,(anonymous_6)
FN:113,(anonymous_7)
FN:117,(anonymous_8)
FN:129,(anonymous_9)
FN:134,(anonymous_10)
FN:136,(anonymous_11)
FN:142,(anonymous_12)
FN:152,(anonymous_13)
FN:153,(anonymous_14)
FN:166,(anonymous_15)
FN:175,(anonymous_16)
FN:193,(anonymous_17)
FN:203,(anonymous_18)
FN:212,(anonymous_19)
FN:216,(anonymous_20)
FNF:21
FNH:14
FNDA:5,(anonymous_0)
FNDA:8,(anonymous_1)
FNDA:1,(anonymous_2)
FNDA:1,(anonymous_3)
FNDA:1,(anonymous_4)
FNDA:1,(anonymous_5)
FNDA:1,(anonymous_6)
FNDA:1,(anonymous_7)
FNDA:1,(anonymous_8)
FNDA:3,(anonymous_9)
FNDA:0,(anonymous_10)
FNDA:0,(anonymous_11)
FNDA:1,(anonymous_12)
FNDA:2,(anonymous_13)
FNDA:2,(anonymous_14)
FNDA:1,(anonymous_15)
FNDA:0,(anonymous_16)
FNDA:0,(anonymous_17)
FNDA:0,(anonymous_18)
FNDA:0,(anonymous_19)
FNDA:0,(anonymous_20)
DA:1,5
DA:3,5
DA:4,5
DA:6,5
DA:7,5
DA:8,5
DA:9,5
DA:17,5
DA:18,5
DA:19,5
DA:22,5
DA:23,5
DA:24,5
DA:25,5
DA:26,5
DA:34,8
DA:35,8
DA:36,8
DA:37,0
DA:40,0
DA:43,8
DA:44,8
DA:50,8
DA:51,8
DA:52,8
DA:53,8
DA:60,8
DA:63,0
DA:66,0
DA:71,1
DA:72,1
DA:81,1
DA:82,1
DA:83,1
DA:84,1
DA:86,1
DA:87,1
DA:89,1
DA:90,1
DA:95,1
DA:100,1
DA:105,1
DA:106,1
DA:109,1
DA:110,1
DA:112,1
DA:113,1
DA:115,1
DA:116,1
DA:117,1
DA:121,1
DA:122,1
DA:124,0
DA:125,0
DA:134,3
DA:135,0
DA:136,0
DA:138,0
DA:143,1
DA:144,1
DA:145,1
DA:146,1
DA:148,0
DA:153,2
DA:154,2
DA:155,2
DA:156,1
DA:157,0
DA:159,1
DA:160,1
DA:162,1
DA:167,1
DA:168,1
DA:169,1
DA:171,0
DA:176,0
DA:177,0
DA:178,0
DA:185,0
DA:187,0
DA:189,0
DA:194,0
DA:195,0
DA:199,0
DA:204,0
DA:205,0
DA:206,0
DA:208,0
DA:213,0
DA:214,0
DA:215,0
DA:216,0
DA:217,0
DA:218,0
DA:220,0
DA:225,0
LF:96
LH:63
BRDA:35,0,0,8
BRDA:35,0,1,0
BRDA:36,1,0,0
BRDA:36,1,1,8
BRDA:82,2,0,1
BRDA:156,3,0,0
BRDA:215,4,0,0
BRF:7
BRH:3
end_of_record
TN:
SF:src/modules/vote/index.ts
FN:2,(anonymous_0)
FN:3,(anonymous_1)
FN:4,(anonymous_2)
FN:5,(anonymous_3)
FN:8,(anonymous_4)
FN:9,(anonymous_5)
FN:10,(anonymous_6)
FN:11,(anonymous_7)
FN:14,(anonymous_8)
FN:15,(anonymous_9)
FN:16,(anonymous_10)
FNF:11
FNH:7
FNDA:0,(anonymous_0)
FNDA:0,(anonymous_1)
FNDA:0,(anonymous_2)
FNDA:0,(anonymous_3)
FNDA:5,(anonymous_4)
FNDA:5,(anonymous_5)
FNDA:10,(anonymous_6)
FNDA:5,(anonymous_7)
FNDA:65,(anonymous_8)
FNDA:5,(anonymous_9)
FNDA:3,(anonymous_10)
DA:1,5
DA:2,5
DA:3,5
DA:4,5
DA:5,5
DA:7,5
DA:8,10
DA:9,10
DA:10,15
DA:11,10
DA:14,70
DA:15,10
DA:16,8
LF:13
LH:13
BRF:0
BRH:0
end_of_record
TN:
SF:src/modules/vote/vote.aggregate.ts
FN:12,(anonymous_1)
FN:76,(anonymous_2)
FN:110,(anonymous_3)
FN:146,(anonymous_4)
FNF:4
FNH:0
FNDA:0,(anonymous_1)
FNDA:0,(anonymous_2)
FNDA:0,(anonymous_3)
FNDA:0,(anonymous_4)
DA:1,5
DA:2,5
DA:10,5
DA:12,5
DA:17,0
DA:76,5
DA:77,0
DA:110,5
DA:113,0
DA:146,5
DA:147,0
LF:11
LH:7
BRF:0
BRH:0
end_of_record
TN:
SF:src/modules/vote/vote.controller.ts
FN:19,(anonymous_0)
FN:63,(anonymous_1)
FN:77,(anonymous_2)
FN:91,(anonymous_3)
FN:105,(anonymous_4)
FN:119,(anonymous_5)
FN:133,(anonymous_6)
FN:147,(anonymous_7)
FN:160,(anonymous_8)
FN:175,(anonymous_9)
FN:23,(anonymous_10)
FNF:11
FNH:2
FNDA:5,(anonymous_0)
FNDA:0,(anonymous_1)
FNDA:0,(anonymous_2)
FNDA:0,(anonymous_3)
FNDA:0,(anonymous_4)
FNDA:0,(anonymous_5)
FNDA:0,(anonymous_6)
FNDA:0,(anonymous_7)
FNDA:0,(anonymous_8)
FNDA:0,(anonymous_9)
FNDA:5,(anonymous_10)
DA:1,5
DA:2,5
DA:3,5
DA:4,5
DA:6,5
DA:15,5
DA:16,5
DA:17,5
DA:18,5
DA:20,5
DA:24,5
DA:29,5
DA:34,5
DA:39,5
DA:44,5
DA:49,5
DA:54,5
DA:59,5
DA:60,5
DA:63,5
DA:68,0
DA:69,0
DA:70,0
DA:71,0
DA:73,0
DA:77,5
DA:82,0
DA:83,0
DA:84,0
DA:85,0
DA:87,0
DA:91,5
DA:96,0
DA:97,0
DA:98,0
DA:99,0
DA:101,0
DA:105,5
DA:110,0
DA:111,0
DA:112,0
DA:113,0
DA:115,0
DA:119,5
DA:124,0
DA:125,0
DA:126,0
DA:127,0
DA:129,0
DA:133,5
DA:138,0
DA:139,0
DA:140,0
DA:141,0
DA:143,0
DA:147,5
DA:152,0
DA:153,0
DA:154,0
DA:156,0
DA:160,5
DA:165,0
DA:166,0
DA:167,0
DA:168,0
DA:169,0
DA:171,0
DA:175,5
DA:180,0
DA:181,0
DA:182,0
DA:184,0
LF:72
LH:28
BRDA:168,0,0,0
BRDA:168,0,1,0
BRF:2
BRH:0
end_of_record
TN:
SF:src/modules/vote/vote.dto.ts
FNF:0
FNH:0
DA:1,5
DA:3,5
DA:4,5
DA:5,5
DA:6,5
DA:7,5
DA:10,5
DA:11,5
DA:12,5
DA:13,5
DA:14,5
DA:15,5
DA:16,5
DA:19,5
DA:20,5
DA:21,5
DA:24,5
DA:25,5
DA:26,5
DA:27,5
LF:20
LH:20
BRF:0
BRH:0
end_of_record
TN:
SF:src/modules/vote/vote.model.ts
FN:46,(anonymous_6)
FNF:1
FNH:0
FNDA:0,(anonymous_6)
DA:1,5
DA:4,5
DA:44,5
DA:47,0
DA:51,5
LF:5
LH:4
BRF:0
BRH:0
end_of_record
TN:
SF:src/modules/vote/vote.service.ts
FN:18,(anonymous_0)
FN:46,(anonymous_1)
FN:73,(anonymous_2)
FN:82,(anonymous_3)
FN:91,(anonymous_4)
FN:99,(anonymous_5)
FN:100,(anonymous_6)
FN:135,(anonymous_7)
FN:136,(anonymous_8)
FN:162,(anonymous_9)
FN:204,(anonymous_10)
FN:220,(anonymous_11)
FN:228,(anonymous_12)
FN:236,(anonymous_13)
FN:244,(anonymous_14)
FNF:15
FNH:1
FNDA:65,(anonymous_0)
FNDA:0,(anonymous_1)
FNDA:0,(anonymous_2)
FNDA:0,(anonymous_3)
FNDA:0,(anonymous_4)
FNDA:0,(anonymous_5)
FNDA:0,(anonymous_6)
FNDA:0,(anonymous_7)
FNDA:0,(anonymous_8)
FNDA:0,(anonymous_9)
FNDA:0,(anonymous_10)
FNDA:0,(anonymous_11)
FNDA:0,(anonymous_12)
FNDA:0,(anonymous_13)
FNDA:0,(anonymous_14)
DA:2,5
DA:3,5
DA:4,5
DA:15,5
DA:16,5
DA:18,5
DA:19,65
DA:20,65
DA:21,65
DA:49,0
DA:50,0
DA:52,0
DA:53,0
DA:54,0
DA:55,0
DA:56,0
DA:57,0
DA:58,0
DA:64,0
DA:66,0
DA:69,0
DA:74,0
DA:75,0
DA:76,0
DA:78,0
DA:83,0
DA:84,0
DA:85,0
DA:87,0
DA:92,0
DA:93,0
DA:95,0
DA:100,0
DA:101,0
DA:102,0
DA:103,0
DA:104,0
DA:105,0
DA:106,0
DA:107,0
DA:108,0
DA:109,0
DA:111,0
DA:113,0
DA:114,0
DA:115,0
DA:117,0
DA:118,0
DA:119,0
DA:120,0
DA:123,0
DA:126,0
DA:129,0
DA:130,0
DA:136,0
DA:137,0
DA:138,0
DA:140,0
DA:142,0
DA:143,0
DA:144,0
DA:147,0
DA:148,0
DA:149,0
DA:150,0
DA:151,0
DA:152,0
DA:155,0
DA:157,0
DA:166,0
DA:167,0
DA:172,0
DA:173,0
DA:174,0
DA:175,0
DA:176,0
DA:177,0
DA:178,0
DA:180,0
DA:181,0
DA:188,0
DA:189,0
DA:190,0
DA:192,0
DA:195,0
DA:197,0
DA:199,0
DA:205,0
DA:206,0
DA:207,0
DA:208,0
DA:209,0
DA:210,0
DA:211,0
DA:214,0
DA:216,0
DA:221,0
DA:222,0
DA:224,0
DA:229,0
DA:230,0
DA:232,0
DA:237,0
DA:238,0
DA:240,0
DA:245,0
DA:246,0
DA:248,0
LF:108
LH:9
BRDA:50,0,0,0
BRDA:50,0,1,0
BRDA:103,1,0,0
BRDA:103,1,1,0
BRDA:104,2,0,0
BRDA:104,2,1,0
BRDA:106,3,0,0
BRDA:106,3,1,0
BRDA:108,4,0,0
BRDA:108,4,1,0
BRDA:114,5,0,0
BRDA:114,5,1,0
BRDA:140,6,0,0
BRDA:140,6,1,0
BRDA:172,7,0,0
BRDA:172,7,1,0
BRDA:172,8,0,0
BRDA:172,8,1,0
BRDA:175,9,0,0
BRDA:175,9,1,0
BRDA:175,10,0,0
BRDA:175,10,1,0
BRDA:177,11,0,0
BRDA:209,12,0,0
BRDA:209,13,0,0
BRDA:209,13,1,0
BRF:26
BRH:0
end_of_record
TN:
SF:src/modules/winner/index.ts
FN:1,(anonymous_0)
FN:11,(anonymous_1)
FN:12,(anonymous_2)
FN:13,(anonymous_3)
FN:14,(anonymous_4)
FN:14,(anonymous_5)
FNF:6
FNH:5
FNDA:0,(anonymous_0)
FNDA:5,(anonymous_1)
FNDA:7,(anonymous_2)
FNDA:30,(anonymous_3)
FNDA:5,(anonymous_4)
FNDA:5,(anonymous_5)
DA:1,5
DA:11,10
DA:12,12
DA:13,35
DA:14,10
LF:5
LH:5
BRF:0
BRH:0
end_of_record
TN:
SF:src/modules/winner/winner.aggregate.ts
FN:4,(anonymous_1)
FNF:1
FNH:0
FNDA:0,(anonymous_1)
DA:1,5
DA:2,5
DA:4,5
DA:5,0
DA:6,0
LF:5
LH:3
BRF:0
BRH:0
end_of_record
TN:
SF:src/modules/winner/winner.controller.ts
FN:17,(anonymous_0)
FN:69,(anonymous_1)
FN:83,(anonymous_2)
FN:97,(anonymous_3)
FN:111,(anonymous_4)
FN:125,(anonymous_5)
FN:139,(anonymous_6)
FN:153,(anonymous_7)
FN:167,(anonymous_8)
FN:181,(anonymous_9)
FN:195,(anonymous_10)
FN:21,(anonymous_11)
FNF:12
FNH:2
FNDA:5,(anonymous_0)
FNDA:0,(anonymous_1)
FNDA:0,(anonymous_2)
FNDA:0,(anonymous_3)
FNDA:0,(anonymous_4)
FNDA:0,(anonymous_5)
FNDA:0,(anonymous_6)
FNDA:0,(anonymous_7)
FNDA:0,(anonymous_8)
FNDA:0,(anonymous_9)
FNDA:0,(anonymous_10)
FNDA:5,(anonymous_11)
DA:1,5
DA:2,5
DA:4,5
DA:5,5
DA:6,5
DA:13,5
DA:14,5
DA:15,5
DA:16,5
DA:18,5
DA:22,5
DA:27,5
DA:33,5
DA:38,5
DA:43,5
DA:48,5
DA:53,5
DA:54,5
DA:60,5
DA:66,5
DA:69,5
DA:74,0
DA:75,0
DA:76,0
DA:77,0
DA:79,0
DA:83,5
DA:88,0
DA:89,0
DA:90,0
DA:91,0
DA:93,0
DA:97,5
DA:102,0
DA:103,0
DA:104,0
DA:105,0
DA:107,0
DA:111,5
DA:116,0
DA:117,0
DA:118,0
DA:119,0
DA:121,0
DA:125,5
DA:130,0
DA:131,0
DA:132,0
DA:133,0
DA:135,0
DA:139,5
DA:144,0
DA:145,0
DA:146,0
DA:147,0
DA:149,0
DA:153,5
DA:158,0
DA:159,0
DA:160,0
DA:161,0
DA:163,0
DA:167,5
DA:172,0
DA:173,0
DA:174,0
DA:175,0
DA:177,0
DA:181,5
DA:186,0
DA:187,0
DA:188,0
DA:189,0
DA:191,0
DA:195,5
DA:200,0
DA:201,0
DA:202,0
DA:203,0
DA:206,0
DA:208,0
LF:81
LH:30
BRDA:203,0,0,0
BRDA:203,0,1,0
BRF:2
BRH:0
end_of_record
TN:
SF:src/modules/winner/winner.dto.ts
FNF:0
FNH:0
DA:1,5
DA:3,5
DA:4,5
DA:5,5
DA:6,5
DA:7,5
DA:10,5
DA:11,5
DA:12,5
DA:13,5
DA:14,5
DA:15,5
LF:12
LH:12
BRF:0
BRH:0
end_of_record
TN:
SF:src/modules/winner/winner.model.ts
FN:37,(anonymous_6)
FNF:1
FNH:0
FNDA:0,(anonymous_6)
DA:2,5
DA:4,5
DA:35,5
DA:38,0
DA:42,5
LF:5
LH:4
BRF:0
BRH:0
end_of_record
TN:
SF:src/modules/winner/winner.service.ts
FN:16,(anonymous_0)
FN:40,(anonymous_1)
FN:71,(anonymous_2)
FN:83,(anonymous_3)
FN:86,(anonymous_4)
FN:128,(anonymous_5)
FN:129,(anonymous_6)
FN:143,(anonymous_7)
FN:168,(anonymous_8)
FN:177,(anonymous_9)
FN:208,(anonymous_10)
FN:217,(anonymous_11)
FN:225,(anonymous_12)
FN:234,(anonymous_13)
FN:244,(anonymous_14)
FN:252,(anonymous_15)
FNF:16
FNH:3
FNDA:30,(anonymous_0)
FNDA:0,(anonymous_1)
FNDA:3,(anonymous_2)
FNDA:0,(anonymous_3)
FNDA:0,(anonymous_4)
FNDA:0,(anonymous_5)
FNDA:0,(anonymous_6)
FNDA:0,(anonymous_7)
FNDA:0,(anonymous_8)
FNDA:0,(anonymous_9)
FNDA:0,(anonymous_10)
FNDA:0,(anonymous_11)
FNDA:0,(anonymous_12)
FNDA:0,(anonymous_13)
FNDA:0,(anonymous_14)
FNDA:3,(anonymous_15)
DA:3,5
DA:4,5
DA:5,5
DA:14,5
DA:16,5
DA:17,30
DA:18,30
DA:43,0
DA:44,0
DA:46,0
DA:47,0
DA:48,0
DA:54,0
DA:55,0
DA:56,0
DA:62,0
DA:64,0
DA:67,0
DA:72,3
DA:73,3
DA:79,0
DA:86,0
DA:87,0
DA:88,0
DA:93,0
DA:96,0
DA:97,0
DA:98,0
DA:99,0
DA:100,0
DA:106,0
DA:112,0
DA:118,0
DA:120,0
DA:123,0
DA:129,0
DA:130,0
DA:131,0
DA:132,0
DA:133,0
DA:135,0
DA:138,0
DA:144,0
DA:145,0
DA:146,0
DA:147,0
DA:148,0
DA:149,0
DA:150,0
DA:151,0
DA:152,0
DA:161,0
DA:163,0
DA:164,0
DA:169,0
DA:170,0
DA:172,0
DA:174,0
DA:180,0
DA:182,0
DA:183,0
DA:184,0
DA:185,0
DA:192,0
DA:193,0
DA:194,0
DA:195,0
DA:196,0
DA:197,0
DA:198,0
DA:199,0
DA:200,0
DA:201,0
DA:202,0
DA:205,0
DA:208,0
DA:209,0
DA:211,0
DA:213,0
DA:218,0
DA:219,0
DA:221,0
DA:226,0
DA:227,0
DA:228,0
DA:230,0
DA:235,0
DA:236,0
DA:240,0
DA:245,0
DA:246,0
DA:248,0
DA:253,3
DA:254,3
DA:255,2
DA:256,0
DA:257,0
DA:261,2
DA:266,3
LF:99
LH:14
BRDA:44,0,0,0
BRDA:44,0,1,0
BRDA:96,1,0,0
BRDA:96,1,1,0
BRDA:132,2,0,0
BRDA:132,2,1,0
BRDA:169,3,0,0
BRDA:169,3,1,0
BRDA:169,4,0,0
BRDA:169,4,1,0
BRDA:194,5,0,0
BRDA:194,5,1,0
BRDA:197,6,0,0
BRDA:197,6,1,0
BRDA:200,7,0,0
BRDA:255,8,0,0
BRDA:255,8,1,2
BRF:17
BRH:1
end_of_record
TN:
SF:src/testing/helpers/app.helper.ts
FN:10,(anonymous_1)
FN:11,(anonymous_2)
FN:32,(anonymous_3)
FN:39,(anonymous_4)
FN:46,(anonymous_5)
FN:47,(anonymous_6)
FNF:6
FNH:6
FNDA:1,(anonymous_1)
FNDA:1,(anonymous_2)
FNDA:1,(anonymous_3)
FNDA:17,(anonymous_4)
FNDA:10,(anonymous_5)
FNDA:10,(anonymous_6)
DA:1,4
DA:2,4
DA:3,4
DA:4,4
DA:5,4
DA:6,4
DA:7,4
DA:8,4
DA:10,4
DA:11,1
DA:12,1
DA:13,1
DA:14,1
DA:16,1
DA:17,1
DA:19,1
DA:20,2
DA:21,2
DA:22,2
DA:23,2
DA:25,1
DA:27,0
DA:32,4
DA:33,1
DA:34,2
DA:35,2
DA:39,4
DA:40,17
DA:41,34
DA:42,34
DA:46,4
DA:47,10
DA:48,10
DA:49,10
DA:50,20
DA:51,20
DA:53,10
DA:57,4
LF:38
LH:37
BRF:0
BRH:0
end_of_record
TN:
SF:src/testing/helpers/helpers.ts
FN:8,(anonymous_0)
FN:13,(anonymous_1)
FN:17,(anonymous_2)
FN:22,(anonymous_3)
FN:26,(anonymous_4)
FN:31,(anonymous_5)
FN:35,(anonymous_6)
FN:40,(anonymous_7)
FNF:8
FNH:7
FNDA:2,(anonymous_0)
FNDA:4,(anonymous_1)
FNDA:1,(anonymous_2)
FNDA:0,(anonymous_3)
FNDA:13,(anonymous_4)
FNDA:26,(anonymous_5)
FNDA:7,(anonymous_6)
FNDA:15,(anonymous_7)
DA:2,4
DA:4,4
DA:8,4
DA:12,2
DA:13,4
DA:14,2
DA:17,4
DA:21,1
DA:22,1
DA:23,1
DA:26,4
DA:30,13
DA:31,26
DA:32,13
DA:35,4
DA:39,7
DA:40,15
DA:41,7
LF:18
LH:18
BRF:0
BRH:0
end_of_record
TN:
SF:src/testing/mocks/body.mock.ts
FNF:0
FNH:0
DA:4,4
DA:11,4
LF:2
LH:2
BRF:0
BRH:0
end_of_record
TN:
SF:src/testing/mocks/models.mock.ts
FN:97,(anonymous_0)
FNF:1
FNH:0
FNDA:0,(anonymous_0)
DA:4,5
DA:6,5
DA:8,5
DA:21,5
DA:48,5
DA:61,5
DA:82,5
DA:97,5
DA:98,0
LF:9
LH:8
BRF:0
BRH:0
end_of_record
