TN:
SF:src/app.ts
FN:12,(anonymous_1)
FN:23,(anonymous_2)
FNF:2
FNH:1
FNDA:2,(anonymous_1)
FNDA:0,(anonymous_2)
DA:1,2
DA:2,2
DA:3,2
DA:4,2
DA:5,2
DA:6,2
DA:9,2
DA:10,2
DA:12,2
DA:13,2
DA:14,2
DA:15,2
DA:16,2
DA:17,2
DA:18,2
DA:19,2
DA:20,2
DA:21,0
DA:22,0
DA:23,0
DA:24,0
DA:25,0
DA:34,2
DA:36,2
LF:24
LH:19
BRDA:20,0,0,0
BRDA:26,1,0,0
BRDA:26,1,1,0
BRF:3
BRH:0
end_of_record
TN:
SF:src/db.ts
FN:8,(anonymous_1)
FN:17,(anonymous_2)
FN:20,(anonymous_3)
FNF:3
FNH:2
FNDA:2,(anonymous_1)
FNDA:2,(anonymous_2)
FNDA:0,(anonymous_3)
DA:1,2
DA:2,2
DA:3,2
DA:4,2
DA:6,2
DA:8,2
DA:9,2
DA:10,0
DA:11,0
DA:14,0
DA:17,2
DA:18,2
DA:19,2
DA:20,0
DA:21,0
DA:24,0
DA:25,0
DA:26,0
LF:18
LH:10
BRDA:10,0,0,0
BRF:1
BRH:0
end_of_record
TN:
SF:src/routes.ts
FN:51,(anonymous_0)
FN:52,(anonymous_1)
FNF:2
FNH:2
FNDA:2,(anonymous_0)
FNDA:46,(anonymous_1)
DA:1,2
DA:2,2
DA:3,2
DA:4,2
DA:5,2
DA:6,2
DA:7,2
DA:8,2
DA:9,2
DA:10,2
DA:11,2
DA:12,2
DA:13,2
DA:14,2
DA:15,2
DA:16,2
DA:17,2
DA:18,2
DA:19,2
DA:20,2
DA:21,2
DA:22,2
DA:23,2
DA:25,2
DA:51,2
DA:52,2
DA:53,46
LF:27
LH:27
BRF:0
BRH:0
end_of_record
TN:
SF:src/common/aggregates/generic.aggregate.ts
FN:1,(anonymous_0)
FN:27,(anonymous_1)
FN:46,(anonymous_2)
FN:58,(anonymous_3)
FN:72,(anonymous_4)
FN:86,(anonymous_5)
FN:98,(anonymous_6)
FN:110,(anonymous_7)
FNF:8
FNH:0
FNDA:0,(anonymous_0)
FNDA:0,(anonymous_1)
FNDA:0,(anonymous_2)
FNDA:0,(anonymous_3)
FNDA:0,(anonymous_4)
FNDA:0,(anonymous_5)
FNDA:0,(anonymous_6)
FNDA:0,(anonymous_7)
DA:1,2
DA:2,0
DA:15,0
DA:24,0
DA:27,2
DA:28,0
DA:46,2
DA:47,0
DA:58,2
DA:61,0
DA:72,2
DA:75,0
DA:86,2
DA:87,0
DA:98,2
DA:99,0
DA:110,2
DA:111,0
LF:18
LH:8
BRDA:1,0,0,0
BRDA:21,1,0,0
BRDA:21,1,1,0
BRDA:46,2,0,0
BRF:4
BRH:0
end_of_record
TN:
SF:src/common/aggregates/index.ts
FN:2,(anonymous_0)
FN:3,(anonymous_1)
FN:4,(anonymous_2)
FN:5,(anonymous_3)
FN:6,(anonymous_4)
FN:7,(anonymous_5)
FN:8,(anonymous_6)
FN:9,(anonymous_7)
FNF:8
FNH:0
FNDA:0,(anonymous_0)
FNDA:0,(anonymous_1)
FNDA:0,(anonymous_2)
FNDA:0,(anonymous_3)
FNDA:0,(anonymous_4)
FNDA:0,(anonymous_5)
FNDA:0,(anonymous_6)
FNDA:0,(anonymous_7)
DA:1,2
DA:2,2
DA:3,2
DA:4,2
DA:5,2
DA:6,2
DA:7,2
DA:8,2
DA:9,2
LF:9
LH:9
BRF:0
BRH:0
end_of_record
TN:
SF:src/common/dtos/generic.dto.ts
FNF:0
FNH:0
DA:1,2
DA:3,2
DA:4,2
DA:7,2
DA:8,2
DA:9,2
DA:12,2
DA:13,2
DA:14,2
DA:15,2
DA:16,2
DA:19,2
DA:20,2
DA:23,2
DA:24,2
DA:25,2
LF:16
LH:16
BRF:0
BRH:0
end_of_record
TN:
SF:src/common/dtos/index.ts
FN:1,(anonymous_0)
FN:1,(anonymous_1)
FN:1,(anonymous_2)
FN:1,(anonymous_3)
FN:1,(anonymous_4)
FNF:5
FNH:5
FNDA:46,(anonymous_0)
FNDA:10,(anonymous_1)
FNDA:22,(anonymous_2)
FNDA:2,(anonymous_3)
FNDA:6,(anonymous_4)
DA:1,48
LF:1
LH:1
BRF:0
BRH:0
end_of_record
TN:
SF:src/common/middlewares/cache.middleware.ts
FN:9,(anonymous_0)
FN:10,(anonymous_1)
FN:34,(anonymous_2)
FN:36,(anonymous_3)
FNF:4
FNH:1
FNDA:14,(anonymous_0)
FNDA:0,(anonymous_1)
FNDA:0,(anonymous_2)
FNDA:0,(anonymous_3)
DA:3,2
DA:5,2
DA:7,2
DA:9,2
DA:10,14
DA:11,0
DA:12,0
DA:13,0
DA:14,0
DA:15,0
DA:16,0
DA:18,0
DA:19,0
DA:20,0
DA:22,0
DA:25,0
DA:28,0
DA:29,0
DA:34,2
DA:35,0
DA:36,0
DA:37,0
DA:38,0
DA:39,0
DA:40,0
DA:41,0
DA:42,0
DA:45,0
LF:28
LH:6
BRDA:13,0,0,0
BRDA:13,0,1,0
BRDA:15,1,0,0
BRDA:19,2,0,0
BRDA:19,2,1,0
BRDA:37,3,0,0
BRDA:37,3,1,0
BRDA:39,4,0,0
BRDA:39,4,1,0
BRDA:41,5,0,0
BRF:10
BRH:0
end_of_record
TN:
SF:src/common/middlewares/error.middleware.ts
FN:4,(anonymous_0)
FNF:1
FNH:0
FNDA:0,(anonymous_0)
DA:4,2
DA:9,0
DA:11,0
DA:14,0
LF:4
LH:1
BRDA:9,0,0,0
BRDA:9,0,1,0
BRDA:11,1,0,0
BRDA:11,1,1,0
BRDA:11,2,0,0
BRDA:11,2,1,0
BRF:6
BRH:0
end_of_record
TN:
SF:src/common/middlewares/index.ts
FN:1,(anonymous_0)
FN:2,(anonymous_1)
FN:3,(anonymous_2)
FN:5,(anonymous_3)
FN:6,(anonymous_4)
FN:7,(anonymous_5)
FN:8,(anonymous_6)
FN:10,(anonymous_7)
FN:11,(anonymous_8)
FNF:9
FNH:7
FNDA:2,(anonymous_0)
FNDA:0,(anonymous_1)
FNDA:2,(anonymous_2)
FNDA:36,(anonymous_3)
FNDA:166,(anonymous_4)
FNDA:8,(anonymous_5)
FNDA:0,(anonymous_6)
FNDA:186,(anonymous_7)
FNDA:14,(anonymous_8)
DA:1,4
DA:2,2
DA:3,4
DA:4,2
DA:5,38
DA:6,168
DA:7,10
DA:8,2
DA:10,188
DA:11,16
LF:10
LH:10
BRF:0
BRH:0
end_of_record
TN:
SF:src/common/middlewares/morgan.middleware.ts
FN:5,(anonymous_1)
FN:8,(anonymous_2)
FNF:2
FNH:1
FNDA:0,(anonymous_1)
FNDA:2,(anonymous_2)
DA:1,2
DA:2,2
DA:4,2
DA:5,0
DA:8,2
DA:9,2
DA:10,2
DA:13,2
LF:8
LH:7
BRDA:9,0,0,2
BRDA:9,0,1,0
BRF:2
BRH:1
end_of_record
TN:
SF:src/common/middlewares/multer.middleware.ts
FNF:0
FNH:0
DA:1,2
DA:3,2
LF:2
LH:2
BRF:0
BRH:0
end_of_record
TN:
SF:src/common/middlewares/token.middleware.ts
FN:9,(anonymous_6)
FN:20,(anonymous_7)
FN:24,(anonymous_8)
FN:32,(anonymous_9)
FN:43,(anonymous_10)
FN:53,(anonymous_11)
FN:61,(anonymous_12)
FN:69,(anonymous_13)
FN:73,(anonymous_14)
FN:83,(anonymous_15)
FN:91,(anonymous_16)
FN:101,(anonymous_17)
FN:106,(anonymous_18)
FN:107,(anonymous_19)
FN:111,(anonymous_20)
FNF:15
FNH:0
FNDA:0,(anonymous_6)
FNDA:0,(anonymous_7)
FNDA:0,(anonymous_8)
FNDA:0,(anonymous_9)
FNDA:0,(anonymous_10)
FNDA:0,(anonymous_11)
FNDA:0,(anonymous_12)
FNDA:0,(anonymous_13)
FNDA:0,(anonymous_14)
FNDA:0,(anonymous_15)
FNDA:0,(anonymous_16)
FNDA:0,(anonymous_17)
FNDA:0,(anonymous_18)
FNDA:0,(anonymous_19)
FNDA:0,(anonymous_20)
DA:2,2
DA:3,2
DA:5,2
DA:7,2
DA:9,2
DA:14,0
DA:15,0
DA:16,0
DA:17,0
DA:19,0
DA:21,0
DA:22,0
DA:25,0
DA:32,2
DA:37,0
DA:38,0
DA:39,0
DA:40,0
DA:42,0
DA:44,0
DA:45,0
DA:46,0
DA:48,0
DA:54,0
DA:61,2
DA:66,0
DA:67,0
DA:68,0
DA:70,0
DA:71,0
DA:74,0
DA:79,0
DA:83,2
DA:88,0
DA:90,0
DA:92,0
DA:93,0
DA:94,0
DA:96,0
DA:102,0
DA:106,2
DA:107,0
DA:108,0
DA:112,0
DA:113,0
DA:115,0
LF:46
LH:9
BRDA:14,0,0,0
BRDA:14,0,1,0
BRDA:15,1,0,0
BRDA:15,1,1,0
BRDA:37,2,0,0
BRDA:37,2,1,0
BRDA:38,3,0,0
BRDA:38,3,1,0
BRDA:45,4,0,0
BRDA:45,4,1,0
BRDA:67,5,0,0
BRDA:67,5,1,0
BRDA:67,6,0,0
BRDA:67,6,1,0
BRDA:88,7,0,0
BRDA:88,7,1,0
BRDA:93,8,0,0
BRDA:93,8,1,0
BRDA:112,9,0,0
BRF:19
BRH:0
end_of_record
TN:
SF:src/common/middlewares/validation.middleware.ts
FN:5,(anonymous_0)
FN:6,(anonymous_1)
FN:8,(anonymous_2)
FN:11,(anonymous_3)
FNF:4
FNH:1
FNDA:186,(anonymous_0)
FNDA:0,(anonymous_1)
FNDA:0,(anonymous_2)
FNDA:0,(anonymous_3)
DA:2,2
DA:3,2
DA:5,2
DA:6,186
DA:7,0
DA:9,0
DA:10,0
DA:11,0
DA:13,0
DA:15,0
LF:10
LH:4
BRDA:9,0,0,0
BRDA:9,0,1,0
BRF:2
BRH:0
end_of_record
TN:
SF:src/core/config/app.config.ts
FN:19,(anonymous_0)
FNF:1
FNH:1
FNDA:2,(anonymous_0)
DA:2,2
DA:17,2
DA:19,2
DA:20,2
DA:21,2
DA:22,0
DA:23,0
DA:25,0
DA:29,2
LF:9
LH:6
BRDA:20,0,0,2
BRDA:20,0,1,0
BRDA:22,1,0,0
BRDA:22,1,1,0
BRF:4
BRH:1
end_of_record
TN:
SF:src/core/config/index.ts
FN:1,(anonymous_0)
FNF:1
FNH:1
FNDA:2,(anonymous_0)
DA:1,4
LF:1
LH:1
BRF:0
BRH:0
end_of_record
TN:
SF:src/core/exceptions/email-already-exist.excepcion.ts
FN:4,(anonymous_0)
FNF:1
FNH:0
FNDA:0,(anonymous_0)
DA:1,2
DA:3,2
DA:5,0
LF:3
LH:2
BRF:0
BRH:0
end_of_record
TN:
SF:src/core/exceptions/http.exception.ts
FN:7,(anonymous_0)
FNF:1
FNH:0
FNDA:0,(anonymous_0)
DA:1,2
DA:4,2
DA:13,0
DA:14,0
DA:15,0
DA:16,0
DA:17,0
DA:18,0
LF:8
LH:2
BRDA:16,0,0,0
BRDA:16,0,1,0
BRDA:16,1,0,0
BRDA:16,1,1,0
BRDA:17,2,0,0
BRF:5
BRH:0
end_of_record
TN:
SF:src/core/exceptions/index.ts
FN:1,(anonymous_0)
FN:2,(anonymous_1)
FN:3,(anonymous_2)
FN:4,(anonymous_3)
FN:5,(anonymous_4)
FN:6,(anonymous_5)
FN:7,(anonymous_6)
FNF:7
FNH:0
FNDA:0,(anonymous_0)
FNDA:0,(anonymous_1)
FNDA:0,(anonymous_2)
FNDA:0,(anonymous_3)
FNDA:0,(anonymous_4)
FNDA:0,(anonymous_5)
FNDA:0,(anonymous_6)
DA:1,2
DA:2,2
DA:3,2
DA:4,2
DA:5,2
DA:6,2
DA:7,2
LF:7
LH:7
BRF:0
BRH:0
end_of_record
TN:
SF:src/core/exceptions/inscription-exist.exception.ts
FN:4,(anonymous_0)
FNF:1
FNH:0
FNDA:0,(anonymous_0)
DA:1,2
DA:3,2
DA:5,0
LF:3
LH:2
BRF:0
BRH:0
end_of_record
TN:
SF:src/core/exceptions/item-already-exist.excepcion.ts
FN:4,(anonymous_0)
FNF:1
FNH:0
FNDA:0,(anonymous_0)
DA:1,2
DA:3,2
DA:5,0
LF:3
LH:2
BRF:0
BRH:0
end_of_record
TN:
SF:src/core/exceptions/item-no-found.exception.ts
FN:5,(anonymous_0)
FNF:1
FNH:0
FNDA:0,(anonymous_0)
DA:2,2
DA:4,2
DA:6,0
LF:3
LH:2
BRF:0
BRH:0
end_of_record
TN:
SF:src/core/exceptions/not-authorized.exception.ts
FN:5,(anonymous_0)
FNF:1
FNH:0
FNDA:0,(anonymous_0)
DA:2,2
DA:4,2
DA:6,0
LF:3
LH:2
BRF:0
BRH:0
end_of_record
TN:
SF:src/core/exceptions/wrong-credentials-exceptions.ts
FN:5,(anonymous_0)
FNF:1
FNH:0
FNDA:0,(anonymous_0)
DA:2,2
DA:4,2
DA:6,0
LF:3
LH:2
BRF:0
BRH:0
end_of_record
TN:
SF:src/core/services/app.service.ts
FN:19,(anonymous_1)
FN:23,(anonymous_2)
FN:36,(anonymous_3)
FN:45,(anonymous_4)
FN:53,(anonymous_5)
FN:66,(anonymous_6)
FN:82,(anonymous_7)
FN:83,(anonymous_8)
FN:87,(anonymous_9)
FN:92,(anonymous_10)
FN:96,(anonymous_11)
FNF:11
FNH:7
FNDA:2,(anonymous_1)
FNDA:2,(anonymous_2)
FNDA:2,(anonymous_3)
FNDA:2,(anonymous_4)
FNDA:2,(anonymous_5)
FNDA:2,(anonymous_6)
FNDA:2,(anonymous_7)
FNDA:0,(anonymous_8)
FNDA:0,(anonymous_9)
FNDA:0,(anonymous_10)
FNDA:0,(anonymous_11)
DA:1,2
DA:2,2
DA:3,2
DA:4,2
DA:5,2
DA:6,2
DA:7,2
DA:8,2
DA:9,2
DA:10,2
DA:11,2
DA:12,2
DA:14,2
DA:16,2
DA:17,2
DA:18,2
DA:20,2
DA:24,2
DA:25,2
DA:38,2
DA:39,2
DA:40,0
DA:41,0
DA:43,0
DA:46,2
DA:47,2
DA:50,2
DA:54,2
DA:55,2
DA:59,2
DA:67,2
DA:74,2
DA:75,2
DA:76,2
DA:77,2
DA:78,2
DA:79,2
DA:83,2
DA:84,0
DA:87,2
DA:88,0
DA:93,0
DA:97,0
DA:98,0
LF:44
LH:36
BRDA:38,0,0,2
BRDA:38,0,1,0
BRDA:38,1,0,2
BRDA:38,1,1,2
BRDA:40,2,0,0
BRDA:40,3,0,0
BRDA:40,3,1,0
BRF:7
BRH:3
end_of_record
TN:
SF:src/core/services/index.ts
FN:1,(anonymous_0)
FN:2,(anonymous_1)
FN:3,(anonymous_2)
FNF:3
FNH:1
FNDA:0,(anonymous_0)
FNDA:0,(anonymous_1)
FNDA:156,(anonymous_2)
DA:1,2
DA:2,2
DA:3,158
LF:3
LH:3
BRF:0
BRH:0
end_of_record
TN:
SF:src/core/services/logger.service.ts
FN:11,(anonymous_1)
FN:31,(anonymous_2)
FN:38,(anonymous_3)
FNF:3
FNH:1
FNDA:2,(anonymous_1)
FNDA:0,(anonymous_2)
FNDA:0,(anonymous_3)
DA:1,2
DA:3,2
DA:11,2
DA:12,2
DA:13,2
DA:14,2
DA:17,2
DA:25,2
DA:27,2
DA:31,0
DA:35,2
DA:38,0
DA:42,2
DA:57,2
LF:14
LH:12
BRDA:12,0,0,2
BRDA:12,0,1,0
BRDA:14,1,0,0
BRDA:14,1,1,2
BRF:4
BRH:2
end_of_record
TN:
SF:src/core/services/utils.service.ts
FN:5,(anonymous_1)
FN:6,(anonymous_2)
FN:10,(anonymous_3)
FN:11,(anonymous_4)
FN:27,(anonymous_5)
FN:36,(anonymous_6)
FN:53,(anonymous_7)
FN:66,(anonymous_8)
FN:82,(anonymous_9)
FN:98,(anonymous_10)
FN:106,(anonymous_11)
FN:114,(anonymous_12)
FN:115,(anonymous_13)
FN:126,(anonymous_14)
FN:133,(anonymous_15)
FN:144,(anonymous_16)
FN:145,(anonymous_17)
FN:146,(anonymous_18)
FN:151,(anonymous_19)
FN:162,(anonymous_20)
FNF:20
FNH:1
FNDA:156,(anonymous_1)
FNDA:0,(anonymous_2)
FNDA:0,(anonymous_3)
FNDA:0,(anonymous_4)
FNDA:0,(anonymous_5)
FNDA:0,(anonymous_6)
FNDA:0,(anonymous_7)
FNDA:0,(anonymous_8)
FNDA:0,(anonymous_9)
FNDA:0,(anonymous_10)
FNDA:0,(anonymous_11)
FNDA:0,(anonymous_12)
FNDA:0,(anonymous_13)
FNDA:0,(anonymous_14)
FNDA:0,(anonymous_15)
FNDA:0,(anonymous_16)
FNDA:0,(anonymous_17)
FNDA:0,(anonymous_18)
FNDA:0,(anonymous_19)
FNDA:0,(anonymous_20)
DA:2,2
DA:3,2
DA:5,2
DA:6,156
DA:7,0
DA:10,156
DA:11,0
DA:13,0
DA:14,0
DA:15,0
DA:17,0
DA:22,0
DA:23,0
DA:24,0
DA:28,0
DA:29,0
DA:30,0
DA:31,0
DA:32,0
DA:33,0
DA:37,0
DA:38,0
DA:39,0
DA:41,0
DA:42,0
DA:43,0
DA:44,0
DA:45,0
DA:46,0
DA:47,0
DA:48,0
DA:49,0
DA:54,0
DA:67,0
DA:68,0
DA:74,0
DA:75,0
DA:83,0
DA:84,0
DA:90,0
DA:91,0
DA:99,0
DA:100,0
DA:101,0
DA:103,0
DA:107,0
DA:108,0
DA:109,0
DA:111,0
DA:115,0
DA:116,0
DA:123,0
DA:127,0
DA:128,0
DA:130,0
DA:138,0
DA:139,0
DA:140,0
DA:141,0
DA:145,0
DA:146,0
DA:147,0
DA:148,0
DA:151,0
DA:153,0
DA:154,0
DA:163,0
LF:67
LH:5
BRDA:28,0,0,0
BRDA:30,1,0,0
BRDA:30,1,1,0
BRDA:30,2,0,0
BRDA:30,2,1,0
BRDA:36,3,0,0
BRDA:36,4,0,0
BRDA:37,5,0,0
BRDA:37,5,1,0
BRDA:38,6,0,0
BRDA:42,7,0,0
BRDA:66,8,0,0
BRDA:67,9,0,0
BRDA:67,9,1,0
BRDA:74,10,0,0
BRDA:82,11,0,0
BRDA:83,12,0,0
BRDA:83,12,1,0
BRDA:90,13,0,0
BRDA:100,14,0,0
BRDA:100,15,0,0
BRDA:100,15,1,0
BRDA:108,16,0,0
BRDA:108,17,0,0
BRDA:108,17,1,0
BRDA:109,18,0,0
BRDA:109,18,1,0
BRDA:127,19,0,0
BRDA:127,20,0,0
BRDA:127,20,1,0
BRDA:138,21,0,0
BRDA:138,21,1,0
BRDA:139,22,0,0
BRDA:139,22,1,0
BRDA:147,23,0,0
BRDA:147,23,1,0
BRF:36
BRH:0
end_of_record
TN:
SF:src/modules/analytics/analytics.controller.ts
FN:11,(anonymous_0)
FN:33,(anonymous_1)
FN:47,(anonymous_2)
FN:60,(anonymous_3)
FN:15,(anonymous_4)
FNF:5
FNH:2
FNDA:2,(anonymous_0)
FNDA:0,(anonymous_1)
FNDA:0,(anonymous_2)
FNDA:0,(anonymous_3)
FNDA:2,(anonymous_4)
DA:1,2
DA:2,2
DA:4,2
DA:5,2
DA:7,2
DA:8,2
DA:9,2
DA:10,2
DA:12,2
DA:16,2
DA:21,2
DA:26,2
DA:33,2
DA:38,0
DA:39,0
DA:40,0
DA:41,0
DA:43,0
DA:47,2
DA:52,0
DA:53,0
DA:54,0
DA:56,0
DA:60,2
DA:65,0
DA:66,0
DA:67,0
DA:68,0
DA:70,0
LF:29
LH:15
BRF:0
BRH:0
end_of_record
TN:
SF:src/modules/analytics/analytics.dto.ts
FNF:0
FNH:0
DA:1,2
DA:3,2
DA:4,2
DA:5,2
DA:6,2
LF:5
LH:5
BRF:0
BRH:0
end_of_record
TN:
SF:src/modules/analytics/analytics.service.ts
FN:11,(anonymous_0)
FN:23,(anonymous_1)
FN:30,(anonymous_2)
FN:39,(anonymous_3)
FN:58,(anonymous_4)
FN:84,(anonymous_5)
FN:94,(anonymous_6)
FN:103,(anonymous_7)
FN:140,(anonymous_8)
FN:145,(anonymous_9)
FN:160,(anonymous_10)
FN:166,(anonymous_11)
FN:179,(anonymous_12)
FN:183,(anonymous_13)
FN:189,(anonymous_14)
FN:201,(anonymous_15)
FN:202,(anonymous_16)
FN:203,(anonymous_17)
FN:209,(anonymous_18)
FN:213,(anonymous_19)
FNF:20
FNH:1
FNDA:2,(anonymous_0)
FNDA:0,(anonymous_1)
FNDA:0,(anonymous_2)
FNDA:0,(anonymous_3)
FNDA:0,(anonymous_4)
FNDA:0,(anonymous_5)
FNDA:0,(anonymous_6)
FNDA:0,(anonymous_7)
FNDA:0,(anonymous_8)
FNDA:0,(anonymous_9)
FNDA:0,(anonymous_10)
FNDA:0,(anonymous_11)
FNDA:0,(anonymous_12)
FNDA:0,(anonymous_13)
FNDA:0,(anonymous_14)
FNDA:0,(anonymous_15)
FNDA:0,(anonymous_16)
FNDA:0,(anonymous_17)
FNDA:0,(anonymous_18)
FNDA:0,(anonymous_19)
DA:1,2
DA:3,2
DA:9,2
DA:11,2
DA:12,2
DA:13,2
DA:14,2
DA:15,2
DA:24,0
DA:30,0
DA:31,0
DA:36,0
DA:42,0
DA:53,0
DA:54,0
DA:56,0
DA:57,0
DA:58,0
DA:59,0
DA:81,0
DA:85,0
DA:90,0
DA:93,0
DA:94,0
DA:95,0
DA:100,0
DA:106,0
DA:107,0
DA:125,0
DA:126,0
DA:128,0
DA:130,0
DA:136,0
DA:137,0
DA:145,0
DA:146,0
DA:147,0
DA:149,0
DA:150,0
DA:151,0
DA:153,0
DA:160,0
DA:161,0
DA:166,0
DA:167,0
DA:175,0
DA:176,0
DA:180,0
DA:189,0
DA:190,0
DA:191,0
DA:192,0
DA:193,0
DA:202,0
DA:203,0
DA:204,0
DA:205,0
DA:210,0
DA:214,0
LF:59
LH:8
BRDA:53,0,0,0
BRDA:150,1,0,0
BRDA:150,1,1,0
BRDA:153,2,0,0
BRDA:153,2,1,0
BRDA:154,3,0,0
BRDA:154,3,1,0
BRDA:154,3,2,0
BRDA:154,3,3,0
BRDA:154,3,4,0
BRDA:190,4,0,0
BRF:11
BRH:0
end_of_record
TN:
SF:src/modules/analytics/index.ts
FN:1,(anonymous_0)
FN:6,(anonymous_1)
FN:7,(anonymous_2)
FNF:3
FNH:3
FNDA:4,(anonymous_0)
FNDA:2,(anonymous_1)
FNDA:2,(anonymous_2)
DA:1,6
DA:6,4
DA:7,4
LF:3
LH:3
BRF:0
BRH:0
end_of_record
TN:
SF:src/modules/auth/auth.controller.ts
FN:15,(anonymous_0)
FN:38,(anonymous_1)
FN:52,(anonymous_2)
FN:73,(anonymous_3)
FN:87,(anonymous_4)
FN:19,(anonymous_5)
FNF:6
FNH:2
FNDA:2,(anonymous_0)
FNDA:0,(anonymous_1)
FNDA:0,(anonymous_2)
FNDA:0,(anonymous_3)
FNDA:0,(anonymous_4)
FNDA:2,(anonymous_5)
DA:1,2
DA:2,2
DA:3,2
DA:5,2
DA:6,2
DA:8,2
DA:10,2
DA:11,2
DA:12,2
DA:13,2
DA:14,2
DA:16,2
DA:20,2
DA:25,2
DA:30,2
DA:35,2
DA:38,2
DA:43,0
DA:44,0
DA:45,0
DA:46,0
DA:48,0
DA:52,2
DA:57,0
DA:58,0
DA:59,0
DA:60,0
DA:62,0
DA:73,2
DA:78,0
DA:79,0
DA:80,0
DA:81,0
DA:83,0
DA:87,2
DA:92,0
DA:93,0
DA:94,0
DA:95,0
DA:97,0
LF:40
LH:20
BRDA:64,0,0,0
BRDA:64,0,1,0
BRDA:64,1,0,0
BRDA:64,1,1,0
BRDA:64,2,0,0
BRDA:64,2,1,0
BRF:6
BRH:0
end_of_record
TN:
SF:src/modules/auth/auth.dto.ts
FNF:0
FNH:0
DA:1,2
DA:3,2
DA:4,2
DA:5,2
DA:6,2
DA:9,2
DA:10,2
DA:11,2
DA:12,2
DA:13,2
DA:16,2
DA:17,2
DA:18,2
DA:19,2
DA:20,2
DA:21,2
DA:22,2
DA:23,2
DA:24,2
LF:19
LH:19
BRF:0
BRH:0
end_of_record
TN:
SF:src/modules/auth/auth.service.ts
FN:20,(anonymous_7)
FN:23,(anonymous_8)
FN:54,(anonymous_9)
FN:55,(anonymous_10)
FN:81,(anonymous_11)
FN:94,(anonymous_12)
FN:98,(anonymous_13)
FN:115,(anonymous_14)
FN:129,(anonymous_15)
FN:143,(anonymous_16)
FN:144,(anonymous_17)
FNF:11
FNH:1
FNDA:2,(anonymous_7)
FNDA:0,(anonymous_8)
FNDA:0,(anonymous_9)
FNDA:0,(anonymous_10)
FNDA:0,(anonymous_11)
FNDA:0,(anonymous_12)
FNDA:0,(anonymous_13)
FNDA:0,(anonymous_14)
FNDA:0,(anonymous_15)
FNDA:0,(anonymous_16)
FNDA:0,(anonymous_17)
DA:1,2
DA:2,2
DA:3,2
DA:8,2
DA:16,2
DA:17,2
DA:20,2
DA:21,2
DA:27,0
DA:28,0
DA:31,0
DA:32,0
DA:33,0
DA:38,0
DA:43,0
DA:44,0
DA:45,0
DA:50,0
DA:55,0
DA:56,0
DA:57,0
DA:58,0
DA:59,0
DA:60,0
DA:62,0
DA:66,0
DA:67,0
DA:68,0
DA:70,0
DA:73,0
DA:76,0
DA:82,0
DA:83,0
DA:84,0
DA:85,0
DA:87,0
DA:90,0
DA:98,0
DA:99,0
DA:100,0
DA:101,0
DA:102,0
DA:104,0
DA:107,0
DA:108,0
DA:109,0
DA:110,0
DA:118,0
DA:125,0
DA:126,0
DA:130,0
DA:131,0
DA:132,0
DA:140,0
DA:144,0
DA:145,0
DA:146,0
DA:147,0
DA:148,0
DA:150,0
DA:153,0
LF:61
LH:8
BRDA:25,0,0,0
BRDA:27,1,0,0
BRDA:31,2,0,0
BRDA:31,2,1,0
BRDA:43,3,0,0
BRDA:43,3,1,0
BRDA:58,4,0,0
BRDA:58,4,1,0
BRDA:59,5,0,0
BRDA:59,6,0,0
BRDA:59,6,1,0
BRDA:66,7,0,0
BRDA:66,7,1,0
BRDA:84,8,0,0
BRDA:84,8,1,0
BRDA:99,9,0,0
BRDA:99,9,1,0
BRDA:100,10,0,0
BRDA:100,10,1,0
BRDA:119,11,0,0
BRDA:119,11,1,0
BRDA:119,12,0,0
BRDA:119,12,1,0
BRDA:147,13,0,0
BRDA:147,13,1,0
BRF:25
BRH:0
end_of_record
TN:
SF:src/modules/auth/index.ts
FN:1,(anonymous_0)
FN:1,(anonymous_1)
FN:1,(anonymous_2)
FN:2,(anonymous_3)
FN:3,(anonymous_4)
FNF:5
FNH:1
FNDA:0,(anonymous_0)
FNDA:0,(anonymous_1)
FNDA:0,(anonymous_2)
FNDA:2,(anonymous_3)
FNDA:0,(anonymous_4)
DA:1,2
DA:2,4
DA:3,2
LF:3
LH:3
BRF:0
BRH:0
end_of_record
TN:
SF:src/modules/brand/brand.aggregate.ts
FN:4,(anonymous_0)
FNF:1
FNH:0
FNDA:0,(anonymous_0)
DA:1,2
DA:4,2
DA:10,0
DA:32,0
DA:41,0
DA:51,0
DA:52,0
DA:53,0
DA:55,0
DA:57,0
LF:10
LH:2
BRDA:51,0,0,0
BRDA:51,0,1,0
BRDA:51,1,0,0
BRDA:51,1,1,0
BRF:4
BRH:0
end_of_record
TN:
SF:src/modules/brand/brand.controller.ts
FN:19,(anonymous_0)
FN:54,(anonymous_1)
FN:68,(anonymous_2)
FN:82,(anonymous_3)
FN:96,(anonymous_4)
FN:110,(anonymous_5)
FN:124,(anonymous_6)
FN:23,(anonymous_7)
FNF:8
FNH:2
FNDA:2,(anonymous_0)
FNDA:0,(anonymous_1)
FNDA:0,(anonymous_2)
FNDA:0,(anonymous_3)
FNDA:0,(anonymous_4)
FNDA:0,(anonymous_5)
FNDA:0,(anonymous_6)
FNDA:2,(anonymous_7)
DA:1,2
DA:2,2
DA:11,2
DA:12,2
DA:13,2
DA:15,2
DA:16,2
DA:17,2
DA:18,2
DA:20,2
DA:24,2
DA:29,2
DA:34,2
DA:39,2
DA:45,2
DA:51,2
DA:54,2
DA:59,0
DA:60,0
DA:61,0
DA:62,0
DA:64,0
DA:68,2
DA:73,0
DA:74,0
DA:75,0
DA:76,0
DA:78,0
DA:82,2
DA:87,0
DA:88,0
DA:89,0
DA:90,0
DA:92,0
DA:96,2
DA:101,0
DA:102,0
DA:103,0
DA:104,0
DA:106,0
DA:110,2
DA:115,0
DA:116,0
DA:117,0
DA:118,0
DA:120,0
DA:124,2
DA:129,0
DA:130,0
DA:131,0
DA:132,0
DA:133,0
DA:135,0
LF:53
LH:22
BRDA:132,0,0,0
BRDA:132,0,1,0
BRF:2
BRH:0
end_of_record
TN:
SF:src/modules/brand/brand.dto.ts
FNF:0
FNH:0
DA:1,2
DA:8,2
DA:10,2
DA:11,2
DA:14,2
DA:15,2
DA:16,2
DA:17,2
DA:18,2
DA:21,2
DA:22,2
DA:23,2
DA:24,2
DA:27,2
DA:28,2
DA:29,2
DA:30,2
DA:31,2
LF:18
LH:18
BRF:0
BRH:0
end_of_record
TN:
SF:src/modules/brand/brand.model.ts
FN:20,(anonymous_6)
FNF:1
FNH:0
FNDA:0,(anonymous_6)
DA:1,2
DA:4,2
DA:18,2
DA:21,0
DA:25,2
DA:39,2
DA:40,2
DA:42,2
LF:8
LH:7
BRF:0
BRH:0
end_of_record
TN:
SF:src/modules/brand/brand.service.ts
FN:15,(anonymous_0)
FN:23,(anonymous_1)
FN:57,(anonymous_2)
FN:88,(anonymous_3)
FN:96,(anonymous_4)
FN:106,(anonymous_5)
FN:117,(anonymous_6)
FNF:7
FNH:1
FNDA:2,(anonymous_0)
FNDA:0,(anonymous_1)
FNDA:0,(anonymous_2)
FNDA:0,(anonymous_3)
FNDA:0,(anonymous_4)
FNDA:0,(anonymous_5)
FNDA:0,(anonymous_6)
DA:1,2
DA:3,2
DA:12,2
DA:13,2
DA:15,2
DA:16,2
DA:17,2
DA:18,2
DA:19,2
DA:26,0
DA:27,0
DA:29,0
DA:30,0
DA:31,0
DA:38,0
DA:39,0
DA:40,0
DA:46,0
DA:48,0
DA:53,0
DA:58,0
DA:60,0
DA:61,0
DA:62,0
DA:68,0
DA:69,0
DA:70,0
DA:71,0
DA:76,0
DA:81,0
DA:83,0
DA:84,0
DA:89,0
DA:90,0
DA:92,0
DA:97,0
DA:98,0
DA:99,0
DA:100,0
DA:102,0
DA:107,0
DA:108,0
DA:109,0
DA:113,0
DA:118,0
DA:119,0
DA:120,0
DA:121,0
DA:123,0
LF:49
LH:9
BRDA:27,0,0,0
BRDA:27,0,1,0
BRF:2
BRH:0
end_of_record
TN:
SF:src/modules/brand/index.ts
FN:1,(anonymous_0)
FN:2,(anonymous_1)
FN:4,(anonymous_2)
FN:5,(anonymous_3)
FN:6,(anonymous_4)
FN:7,(anonymous_5)
FN:10,(anonymous_6)
FN:11,(anonymous_7)
FNF:8
FNH:6
FNDA:2,(anonymous_0)
FNDA:0,(anonymous_1)
FNDA:2,(anonymous_2)
FNDA:2,(anonymous_3)
FNDA:2,(anonymous_4)
FNDA:2,(anonymous_5)
FNDA:0,(anonymous_6)
FNDA:2,(anonymous_7)
DA:1,4
DA:2,2
DA:3,2
DA:4,4
DA:5,4
DA:6,4
DA:7,4
DA:10,2
DA:11,4
LF:9
LH:9
BRF:0
BRH:0
end_of_record
TN:
SF:src/modules/cache/cache.config.ts
FNF:0
FNH:0
DA:3,2
LF:1
LH:1
BRF:0
BRH:0
end_of_record
TN:
SF:src/modules/cache/cache.controller.ts
FN:12,(anonymous_0)
FN:26,(anonymous_1)
FN:38,(anonymous_2)
FN:52,(anonymous_3)
FN:16,(anonymous_4)
FNF:5
FNH:2
FNDA:2,(anonymous_0)
FNDA:0,(anonymous_1)
FNDA:0,(anonymous_2)
FNDA:0,(anonymous_3)
FNDA:2,(anonymous_4)
DA:1,2
DA:2,2
DA:3,2
DA:5,2
DA:7,2
DA:8,2
DA:9,2
DA:11,2
DA:13,2
DA:17,2
DA:18,2
DA:23,2
DA:26,2
DA:31,0
DA:32,0
DA:33,0
DA:35,0
DA:38,2
DA:43,0
DA:44,0
DA:45,0
DA:46,0
DA:48,0
DA:52,2
DA:57,0
DA:58,0
DA:59,0
DA:61,0
LF:28
LH:15
BRF:0
BRH:0
end_of_record
TN:
SF:src/modules/cache/cache.service.ts
FN:6,(anonymous_1)
FN:10,(anonymous_2)
FN:14,(anonymous_3)
FN:27,(anonymous_4)
FN:32,(anonymous_5)
FN:41,(anonymous_6)
FN:60,(anonymous_7)
FN:81,(anonymous_8)
FN:97,(anonymous_9)
FN:110,(anonymous_10)
FN:123,(anonymous_11)
FNF:11
FNH:1
FNDA:52,(anonymous_1)
FNDA:0,(anonymous_2)
FNDA:0,(anonymous_3)
FNDA:0,(anonymous_4)
FNDA:0,(anonymous_5)
FNDA:0,(anonymous_6)
FNDA:0,(anonymous_7)
FNDA:0,(anonymous_8)
FNDA:0,(anonymous_9)
FNDA:0,(anonymous_10)
FNDA:0,(anonymous_11)
DA:1,2
DA:2,2
DA:3,2
DA:4,2
DA:6,2
DA:7,52
DA:11,0
DA:15,0
DA:16,0
DA:18,0
DA:20,0
DA:21,0
DA:23,0
DA:28,0
DA:29,0
DA:30,0
DA:31,0
DA:32,0
DA:34,0
DA:35,0
DA:37,0
DA:42,0
DA:43,0
DA:45,0
DA:46,0
DA:48,0
DA:49,0
DA:50,0
DA:51,0
DA:53,0
DA:56,0
DA:61,0
DA:62,0
DA:63,0
DA:65,0
DA:66,0
DA:67,0
DA:68,0
DA:69,0
DA:70,0
DA:71,0
DA:72,0
DA:78,0
DA:81,0
DA:82,0
DA:83,0
DA:85,0
DA:86,0
DA:88,0
DA:90,0
DA:92,0
DA:93,0
DA:98,0
DA:99,0
DA:100,0
DA:102,0
DA:103,0
DA:105,0
DA:106,0
DA:111,0
DA:112,0
DA:113,0
DA:115,0
DA:116,0
DA:118,0
DA:119,0
DA:124,0
DA:125,0
DA:126,0
DA:128,0
DA:129,0
DA:130,0
DA:132,0
DA:134,0
DA:135,0
LF:75
LH:6
BRDA:15,0,0,0
BRDA:20,1,0,0
BRDA:20,1,1,0
BRDA:32,2,0,0
BRDA:32,2,1,0
BRDA:34,3,0,0
BRDA:34,3,1,0
BRDA:41,4,0,0
BRDA:42,5,0,0
BRDA:46,6,0,0
BRDA:46,6,1,0
BRDA:48,7,0,0
BRDA:48,7,1,0
BRDA:50,8,0,0
BRDA:50,8,1,0
BRDA:62,9,0,0
BRDA:82,10,0,0
BRDA:85,11,0,0
BRDA:99,12,0,0
BRDA:112,13,0,0
BRDA:125,14,0,0
BRF:21
BRH:0
end_of_record
TN:
SF:src/modules/cache/index.ts
FN:1,(anonymous_0)
FN:3,(anonymous_1)
FN:4,(anonymous_2)
FNF:3
FNH:2
FNDA:2,(anonymous_0)
FNDA:0,(anonymous_1)
FNDA:48,(anonymous_2)
DA:1,4
DA:3,2
DA:4,50
LF:3
LH:3
BRF:0
BRH:0
end_of_record
TN:
SF:src/modules/car/car.aggregate.ts
FN:17,(anonymous_1)
FN:74,(anonymous_2)
FN:126,(anonymous_3)
FN:173,(anonymous_4)
FN:179,(anonymous_5)
FN:215,(anonymous_6)
FNF:6
FNH:0
FNDA:0,(anonymous_1)
FNDA:0,(anonymous_2)
FNDA:0,(anonymous_3)
FNDA:0,(anonymous_4)
FNDA:0,(anonymous_5)
FNDA:0,(anonymous_6)
DA:1,2
DA:2,2
DA:15,2
DA:17,2
DA:23,0
DA:24,0
DA:36,0
DA:37,0
DA:38,0
DA:48,0
DA:49,0
DA:51,0
DA:52,0
DA:53,0
DA:54,0
DA:55,0
DA:56,0
DA:57,0
DA:60,0
DA:63,0
DA:68,0
DA:69,0
DA:71,0
DA:74,2
DA:126,2
DA:173,2
DA:179,2
DA:215,2
DA:216,0
LF:29
LH:9
BRDA:48,0,0,0
BRDA:48,1,0,0
BRDA:48,1,1,0
BRDA:51,2,0,0
BRDA:53,3,0,0
BRDA:68,4,0,0
BRF:6
BRH:0
end_of_record
TN:
SF:src/modules/car/car.controller.ts
FN:25,(anonymous_0)
FN:89,(anonymous_1)
FN:103,(anonymous_2)
FN:117,(anonymous_3)
FN:131,(anonymous_4)
FN:145,(anonymous_5)
FN:158,(anonymous_6)
FN:172,(anonymous_7)
FN:187,(anonymous_8)
FN:201,(anonymous_9)
FN:215,(anonymous_10)
FN:229,(anonymous_11)
FN:252,(anonymous_12)
FN:265,(anonymous_13)
FN:29,(anonymous_14)
FNF:15
FNH:2
FNDA:2,(anonymous_0)
FNDA:0,(anonymous_1)
FNDA:0,(anonymous_2)
FNDA:0,(anonymous_3)
FNDA:0,(anonymous_4)
FNDA:0,(anonymous_5)
FNDA:0,(anonymous_6)
FNDA:0,(anonymous_7)
FNDA:0,(anonymous_8)
FNDA:0,(anonymous_9)
FNDA:0,(anonymous_10)
FNDA:0,(anonymous_11)
FNDA:0,(anonymous_12)
FNDA:0,(anonymous_13)
FNDA:2,(anonymous_14)
DA:1,2
DA:2,2
DA:11,2
DA:12,2
DA:14,2
DA:21,2
DA:22,2
DA:23,2
DA:24,2
DA:26,2
DA:30,2
DA:35,2
DA:40,2
DA:45,2
DA:50,2
DA:51,2
DA:56,2
DA:61,2
DA:66,2
DA:71,2
DA:76,2
DA:77,2
DA:82,2
DA:89,2
DA:94,0
DA:95,0
DA:96,0
DA:97,0
DA:99,0
DA:103,2
DA:108,0
DA:109,0
DA:110,0
DA:111,0
DA:113,0
DA:117,2
DA:122,0
DA:123,0
DA:124,0
DA:125,0
DA:127,0
DA:131,2
DA:136,0
DA:137,0
DA:138,0
DA:139,0
DA:141,0
DA:145,2
DA:150,0
DA:151,0
DA:152,0
DA:154,0
DA:158,2
DA:163,0
DA:164,0
DA:165,0
DA:166,0
DA:168,0
DA:172,2
DA:177,0
DA:178,0
DA:179,0
DA:180,0
DA:181,0
DA:183,0
DA:187,2
DA:192,0
DA:193,0
DA:194,0
DA:195,0
DA:197,0
DA:201,2
DA:206,0
DA:207,0
DA:208,0
DA:209,0
DA:211,0
DA:215,2
DA:220,0
DA:221,0
DA:222,0
DA:223,0
DA:225,0
DA:229,2
DA:234,0
DA:235,0
DA:236,0
DA:237,0
DA:238,0
DA:239,0
DA:240,0
DA:243,0
DA:245,0
DA:248,0
DA:252,2
DA:257,0
DA:258,0
DA:259,0
DA:261,0
DA:265,2
DA:270,0
DA:271,0
DA:272,0
DA:274,0
LF:104
LH:36
BRDA:239,0,0,0
BRDA:239,0,1,0
BRDA:240,1,0,0
BRDA:240,1,1,0
BRF:4
BRH:0
end_of_record
TN:
SF:src/modules/car/car.dto.ts
FNF:0
FNH:0
DA:1,2
DA:2,2
DA:4,2
DA:5,2
DA:6,2
DA:9,2
DA:10,2
DA:11,2
DA:14,2
DA:15,2
DA:16,2
DA:17,2
DA:18,2
DA:19,2
DA:20,2
DA:21,2
DA:22,2
DA:23,2
DA:24,2
DA:27,2
DA:28,2
DA:31,2
DA:32,2
DA:33,2
DA:34,2
DA:35,2
DA:36,2
DA:37,2
DA:38,2
DA:39,2
DA:40,2
DA:41,2
LF:32
LH:32
BRF:0
BRH:0
end_of_record
TN:
SF:src/modules/car/car.helper.ts
FN:20,(anonymous_0)
FN:29,(anonymous_1)
FN:33,(anonymous_2)
FN:41,(anonymous_3)
FN:45,(anonymous_4)
FN:50,(anonymous_5)
FN:54,(anonymous_6)
FN:59,(anonymous_7)
FN:61,(anonymous_8)
FN:85,(anonymous_9)
FN:86,(anonymous_10)
FN:91,(anonymous_11)
FN:92,(anonymous_12)
FN:95,(anonymous_13)
FN:96,(anonymous_14)
FN:105,(anonymous_15)
FN:107,(anonymous_16)
FN:110,(anonymous_17)
FN:115,(anonymous_18)
FN:119,(anonymous_19)
FN:122,(anonymous_20)
FN:125,(anonymous_21)
FN:128,(anonymous_22)
FN:131,(anonymous_23)
FN:147,(anonymous_24)
FN:235,(anonymous_25)
FN:236,(anonymous_26)
FN:241,(anonymous_27)
FN:242,(anonymous_28)
FN:247,(anonymous_29)
FN:294,(anonymous_30)
FN:301,(anonymous_31)
FN:311,(anonymous_32)
FN:319,(anonymous_33)
FN:329,(anonymous_34)
FN:339,(anonymous_35)
FN:346,(anonymous_36)
FN:353,(anonymous_37)
FN:361,(anonymous_38)
FN:370,(anonymous_39)
FN:387,(anonymous_40)
FN:398,(anonymous_41)
FNF:42
FNH:0
FNDA:0,(anonymous_0)
FNDA:0,(anonymous_1)
FNDA:0,(anonymous_2)
FNDA:0,(anonymous_3)
FNDA:0,(anonymous_4)
FNDA:0,(anonymous_5)
FNDA:0,(anonymous_6)
FNDA:0,(anonymous_7)
FNDA:0,(anonymous_8)
FNDA:0,(anonymous_9)
FNDA:0,(anonymous_10)
FNDA:0,(anonymous_11)
FNDA:0,(anonymous_12)
FNDA:0,(anonymous_13)
FNDA:0,(anonymous_14)
FNDA:0,(anonymous_15)
FNDA:0,(anonymous_16)
FNDA:0,(anonymous_17)
FNDA:0,(anonymous_18)
FNDA:0,(anonymous_19)
FNDA:0,(anonymous_20)
FNDA:0,(anonymous_21)
FNDA:0,(anonymous_22)
FNDA:0,(anonymous_23)
FNDA:0,(anonymous_24)
FNDA:0,(anonymous_25)
FNDA:0,(anonymous_26)
FNDA:0,(anonymous_27)
FNDA:0,(anonymous_28)
FNDA:0,(anonymous_29)
FNDA:0,(anonymous_30)
FNDA:0,(anonymous_31)
FNDA:0,(anonymous_32)
FNDA:0,(anonymous_33)
FNDA:0,(anonymous_34)
FNDA:0,(anonymous_35)
FNDA:0,(anonymous_36)
FNDA:0,(anonymous_37)
FNDA:0,(anonymous_38)
FNDA:0,(anonymous_39)
FNDA:0,(anonymous_40)
FNDA:0,(anonymous_41)
DA:2,2
DA:12,2
DA:13,2
DA:14,2
DA:15,2
DA:16,2
DA:18,2
DA:24,0
DA:25,0
DA:26,0
DA:27,0
DA:28,0
DA:29,0
DA:30,0
DA:37,0
DA:38,0
DA:39,0
DA:40,0
DA:41,0
DA:42,0
DA:46,0
DA:47,0
DA:48,0
DA:49,0
DA:50,0
DA:51,0
DA:58,0
DA:60,0
DA:61,0
DA:64,0
DA:65,0
DA:66,0
DA:67,0
DA:83,0
DA:84,0
DA:85,0
DA:87,0
DA:90,0
DA:91,0
DA:93,0
DA:94,0
DA:95,0
DA:96,0
DA:97,0
DA:98,0
DA:99,0
DA:102,0
DA:106,0
DA:107,0
DA:109,0
DA:111,0
DA:114,0
DA:116,0
DA:118,0
DA:119,0
DA:121,0
DA:122,0
DA:124,0
DA:125,0
DA:127,0
DA:128,0
DA:130,0
DA:132,0
DA:134,0
DA:148,0
DA:217,0
DA:218,0
DA:219,0
DA:220,0
DA:221,0
DA:226,0
DA:232,0
DA:236,0
DA:237,0
DA:238,0
DA:242,0
DA:243,0
DA:244,0
DA:261,0
DA:262,0
DA:263,0
DA:264,0
DA:266,0
DA:267,0
DA:269,0
DA:270,0
DA:272,0
DA:273,0
DA:275,0
DA:276,0
DA:278,0
DA:279,0
DA:281,0
DA:282,0
DA:284,0
DA:285,0
DA:287,0
DA:288,0
DA:290,0
DA:293,0
DA:294,0
DA:298,0
DA:302,0
DA:306,0
DA:308,0
DA:312,0
DA:313,0
DA:314,0
DA:316,0
DA:320,0
DA:321,0
DA:322,0
DA:323,0
DA:326,0
DA:330,0
DA:331,0
DA:332,0
DA:333,0
DA:336,0
DA:340,0
DA:341,0
DA:343,0
DA:347,0
DA:348,0
DA:350,0
DA:354,0
DA:355,0
DA:357,0
DA:366,0
DA:367,0
DA:368,0
DA:369,0
DA:370,0
DA:372,0
DA:373,0
DA:374,0
DA:376,0
DA:379,0
DA:380,0
DA:382,0
DA:384,0
DA:391,0
DA:392,0
DA:393,0
DA:395,0
DA:403,0
DA:404,0
DA:405,0
DA:407,0
LF:149
LH:7
BRDA:83,0,0,0
BRDA:83,0,1,0
BRDA:111,1,0,0
BRDA:111,1,1,0
BRDA:116,2,0,0
BRDA:116,2,1,0
BRDA:264,3,0,0
BRDA:264,3,1,0
BRDA:264,3,2,0
BRDA:264,3,3,0
BRDA:264,3,4,0
BRDA:264,3,5,0
BRDA:264,3,6,0
BRDA:264,3,7,0
BRDA:287,4,0,0
BRDA:302,5,0,0
BRDA:303,6,0,0
BRDA:303,6,1,0
BRDA:303,6,2,0
BRDA:303,6,3,0
BRDA:313,7,0,0
BRDA:313,8,0,0
BRDA:313,8,1,0
BRDA:321,9,0,0
BRDA:322,10,0,0
BRDA:322,11,0,0
BRDA:322,11,1,0
BRDA:331,12,0,0
BRDA:332,13,0,0
BRDA:332,14,0,0
BRDA:332,14,1,0
BRDA:340,15,0,0
BRDA:347,16,0,0
BRDA:354,17,0,0
BRDA:367,18,0,0
BRDA:367,18,1,0
BRDA:370,19,0,0
BRDA:370,19,1,0
BRDA:373,20,0,0
BRDA:377,21,0,0
BRDA:377,21,1,0
BRDA:377,22,0,0
BRDA:377,22,1,0
BRDA:377,23,0,0
BRDA:377,23,1,0
BRDA:377,24,0,0
BRDA:377,24,1,0
BRDA:377,25,0,0
BRDA:377,25,1,0
BRDA:377,26,0,0
BRDA:377,26,1,0
BRDA:377,27,0,0
BRDA:377,27,1,0
BRDA:377,28,0,0
BRDA:377,28,1,0
BRDA:392,29,0,0
BRDA:404,30,0,0
BRF:57
BRH:0
end_of_record
TN:
SF:src/modules/car/car.model.ts
FN:69,(anonymous_6)
FNF:1
FNH:0
FNDA:0,(anonymous_6)
DA:1,2
DA:4,2
DA:9,2
DA:14,2
DA:43,2
DA:63,2
DA:64,2
DA:65,2
DA:67,2
DA:70,0
DA:74,2
LF:11
LH:10
BRF:0
BRH:0
end_of_record
TN:
SF:src/modules/car/car.service.ts
FN:28,(anonymous_0)
FN:47,(anonymous_1)
FN:50,(anonymous_2)
FN:76,(anonymous_3)
FN:86,(anonymous_4)
FN:96,(anonymous_5)
FN:137,(anonymous_6)
FN:158,(anonymous_7)
FN:168,(anonymous_8)
FN:169,(anonymous_9)
FN:198,(anonymous_10)
FN:199,(anonymous_11)
FN:214,(anonymous_12)
FN:240,(anonymous_13)
FN:241,(anonymous_14)
FN:255,(anonymous_15)
FN:271,(anonymous_16)
FN:283,(anonymous_17)
FN:293,(anonymous_18)
FN:301,(anonymous_19)
FN:309,(anonymous_20)
FN:319,(anonymous_21)
FN:324,(anonymous_22)
FNF:23
FNH:1
FNDA:6,(anonymous_0)
FNDA:0,(anonymous_1)
FNDA:0,(anonymous_2)
FNDA:0,(anonymous_3)
FNDA:0,(anonymous_4)
FNDA:0,(anonymous_5)
FNDA:0,(anonymous_6)
FNDA:0,(anonymous_7)
FNDA:0,(anonymous_8)
FNDA:0,(anonymous_9)
FNDA:0,(anonymous_10)
FNDA:0,(anonymous_11)
FNDA:0,(anonymous_12)
FNDA:0,(anonymous_13)
FNDA:0,(anonymous_14)
FNDA:0,(anonymous_15)
FNDA:0,(anonymous_16)
FNDA:0,(anonymous_17)
FNDA:0,(anonymous_18)
FNDA:0,(anonymous_19)
FNDA:0,(anonymous_20)
FNDA:0,(anonymous_21)
FNDA:0,(anonymous_22)
DA:2,2
DA:4,2
DA:6,2
DA:7,2
DA:8,2
DA:25,2
DA:26,2
DA:28,2
DA:29,6
DA:30,6
DA:31,6
DA:32,6
DA:33,6
DA:50,0
DA:51,0
DA:53,0
DA:54,0
DA:60,0
DA:61,0
DA:62,0
DA:63,0
DA:69,0
DA:71,0
DA:77,0
DA:78,0
DA:79,0
DA:80,0
DA:82,0
DA:87,0
DA:88,0
DA:89,0
DA:90,0
DA:92,0
DA:97,0
DA:98,0
DA:106,0
DA:107,0
DA:113,0
DA:114,0
DA:116,0
DA:120,0
DA:122,0
DA:123,0
DA:126,0
DA:129,0
DA:130,0
DA:132,0
DA:133,0
DA:138,0
DA:139,0
DA:140,0
DA:141,0
DA:142,0
DA:143,0
DA:144,0
DA:145,0
DA:146,0
DA:147,0
DA:148,0
DA:149,0
DA:150,0
DA:152,0
DA:154,0
DA:159,0
DA:160,0
DA:161,0
DA:162,0
DA:164,0
DA:169,0
DA:170,0
DA:172,0
DA:173,0
DA:174,0
DA:175,0
DA:181,0
DA:188,0
DA:190,0
DA:192,0
DA:193,0
DA:199,0
DA:200,0
DA:201,0
DA:202,0
DA:203,0
DA:206,0
DA:207,0
DA:209,0
DA:215,0
DA:216,0
DA:217,0
DA:218,0
DA:219,0
DA:220,0
DA:221,0
DA:232,0
DA:234,0
DA:236,0
DA:241,0
DA:242,0
DA:243,0
DA:246,0
DA:247,0
DA:248,0
DA:250,0
DA:256,0
DA:257,0
DA:258,0
DA:259,0
DA:261,0
DA:264,0
DA:267,0
DA:272,0
DA:276,0
DA:277,0
DA:279,0
DA:284,0
DA:285,0
DA:286,0
DA:287,0
DA:289,0
DA:294,0
DA:295,0
DA:296,0
DA:298,0
DA:302,0
DA:303,0
DA:304,0
DA:306,0
DA:310,0
DA:311,0
DA:312,0
DA:314,0
DA:320,0
DA:321,0
DA:322,0
DA:323,0
DA:324,0
DA:325,0
DA:326,0
DA:329,0
DA:333,0
LF:141
LH:13
BRDA:107,0,0,0
BRDA:107,0,1,0
BRDA:107,0,2,0
BRDA:107,0,3,0
BRDA:107,0,4,0
BRDA:107,0,5,0
BRDA:107,0,6,0
BRDA:107,0,7,0
BRDA:173,1,0,0
BRDA:173,1,1,0
BRDA:174,2,0,0
BRDA:174,2,1,0
BRDA:174,3,0,0
BRDA:174,3,1,0
BRDA:255,4,0,0
BRDA:257,5,0,0
BRDA:257,5,1,0
BRDA:258,6,0,0
BRDA:258,6,1,0
BRDA:258,7,0,0
BRDA:258,7,1,0
BRDA:276,8,0,0
BRDA:276,8,1,0
BRF:23
BRH:0
end_of_record
TN:
SF:src/modules/car/index.ts
FN:1,(anonymous_0)
FN:3,(anonymous_1)
FN:4,(anonymous_2)
FN:5,(anonymous_3)
FN:6,(anonymous_4)
FN:7,(anonymous_5)
FN:9,(anonymous_6)
FN:17,(anonymous_7)
FN:18,(anonymous_8)
FN:20,(anonymous_9)
FN:21,(anonymous_10)
FN:22,(anonymous_11)
FN:23,(anonymous_12)
FN:24,(anonymous_13)
FN:25,(anonymous_14)
FNF:15
FNH:8
FNDA:6,(anonymous_0)
FNDA:2,(anonymous_1)
FNDA:2,(anonymous_2)
FNDA:2,(anonymous_3)
FNDA:2,(anonymous_4)
FNDA:2,(anonymous_5)
FNDA:0,(anonymous_6)
FNDA:2,(anonymous_7)
FNDA:6,(anonymous_8)
FNDA:0,(anonymous_9)
FNDA:0,(anonymous_10)
FNDA:0,(anonymous_11)
FNDA:0,(anonymous_12)
FNDA:0,(anonymous_13)
FNDA:0,(anonymous_14)
DA:1,8
DA:2,2
DA:3,4
DA:4,4
DA:5,4
DA:6,4
DA:7,4
DA:9,2
DA:17,4
DA:18,8
DA:19,2
DA:20,2
DA:21,2
DA:22,2
DA:23,2
DA:24,2
DA:25,2
LF:17
LH:17
BRF:0
BRH:0
end_of_record
TN:
SF:src/modules/crontab/crontab.service.ts
FN:8,(anonymous_7)
FN:12,(anonymous_8)
FN:27,(anonymous_9)
FN:35,(anonymous_10)
FN:38,(anonymous_11)
FN:43,(anonymous_12)
FN:46,(anonymous_13)
FN:49,(anonymous_14)
FN:96,(anonymous_15)
FN:111,(anonymous_16)
FN:121,(anonymous_17)
FN:130,(anonymous_18)
FN:140,(anonymous_19)
FN:143,(anonymous_20)
FN:161,(anonymous_21)
FN:176,(anonymous_22)
FN:177,(anonymous_23)
FN:188,(anonymous_24)
FN:189,(anonymous_25)
FN:199,(anonymous_26)
FN:201,(anonymous_27)
FN:202,(anonymous_28)
FNF:22
FNH:1
FNDA:4,(anonymous_7)
FNDA:0,(anonymous_8)
FNDA:0,(anonymous_9)
FNDA:0,(anonymous_10)
FNDA:0,(anonymous_11)
FNDA:0,(anonymous_12)
FNDA:0,(anonymous_13)
FNDA:0,(anonymous_14)
FNDA:0,(anonymous_15)
FNDA:0,(anonymous_16)
FNDA:0,(anonymous_17)
FNDA:0,(anonymous_18)
FNDA:0,(anonymous_19)
FNDA:0,(anonymous_20)
FNDA:0,(anonymous_21)
FNDA:0,(anonymous_22)
FNDA:0,(anonymous_23)
FNDA:0,(anonymous_24)
FNDA:0,(anonymous_25)
FNDA:0,(anonymous_26)
FNDA:0,(anonymous_27)
FNDA:0,(anonymous_28)
DA:1,2
DA:2,2
DA:3,2
DA:4,2
DA:5,2
DA:8,2
DA:9,4
DA:10,4
DA:13,0
DA:14,0
DA:15,0
DA:17,0
DA:18,0
DA:19,0
DA:20,0
DA:21,0
DA:23,0
DA:31,0
DA:34,0
DA:35,0
DA:37,0
DA:38,0
DA:40,0
DA:46,0
DA:47,0
DA:48,0
DA:49,0
DA:50,0
DA:51,0
DA:52,0
DA:55,0
DA:59,0
DA:60,0
DA:64,0
DA:67,0
DA:72,0
DA:73,0
DA:75,0
DA:78,0
DA:82,0
DA:87,0
DA:90,0
DA:91,0
DA:102,0
DA:112,0
DA:113,0
DA:114,0
DA:117,0
DA:122,0
DA:124,0
DA:128,0
DA:129,0
DA:130,0
DA:131,0
DA:134,0
DA:135,0
DA:136,0
DA:138,0
DA:141,0
DA:144,0
DA:148,0
DA:157,0
DA:162,0
DA:166,0
DA:173,0
DA:177,0
DA:178,0
DA:179,0
DA:181,0
DA:182,0
DA:184,0
DA:189,0
DA:190,0
DA:197,0
DA:199,0
DA:201,0
DA:202,0
LF:77
LH:8
BRDA:59,0,0,0
BRDA:59,0,1,0
BRDA:72,1,0,0
BRDA:72,1,1,0
BRDA:128,2,0,0
BRDA:178,3,0,0
BRDA:181,4,0,0
BRDA:192,5,0,0
BRDA:192,5,1,0
BRDA:201,6,0,0
BRDA:201,6,1,0
BRF:11
BRH:0
end_of_record
TN:
SF:src/modules/crontab/index.ts
FN:2,(anonymous_0)
FNF:1
FNH:1
FNDA:4,(anonymous_0)
DA:2,6
LF:1
LH:1
BRF:0
BRH:0
end_of_record
TN:
SF:src/modules/default/default.controller.ts
FN:8,(anonymous_0)
FN:16,(anonymous_1)
FN:12,(anonymous_2)
FNF:3
FNH:3
FNDA:2,(anonymous_0)
FNDA:2,(anonymous_1)
FNDA:2,(anonymous_2)
DA:1,2
DA:4,2
DA:5,2
DA:6,2
DA:9,2
DA:13,2
DA:16,2
DA:17,2
LF:8
LH:8
BRF:0
BRH:0
end_of_record
TN:
SF:src/modules/image/image.controller.ts
FN:24,(anonymous_0)
FN:67,(anonymous_1)
FN:81,(anonymous_2)
FN:95,(anonymous_3)
FN:109,(anonymous_4)
FN:123,(anonymous_5)
FN:137,(anonymous_6)
FN:151,(anonymous_7)
FN:164,(anonymous_8)
FN:28,(anonymous_9)
FNF:10
FNH:2
FNDA:2,(anonymous_0)
FNDA:0,(anonymous_1)
FNDA:0,(anonymous_2)
FNDA:0,(anonymous_3)
FNDA:0,(anonymous_4)
FNDA:0,(anonymous_5)
FNDA:0,(anonymous_6)
FNDA:0,(anonymous_7)
FNDA:0,(anonymous_8)
FNDA:2,(anonymous_9)
DA:1,2
DA:2,2
DA:3,2
DA:5,2
DA:11,2
DA:19,2
DA:20,2
DA:21,2
DA:23,2
DA:25,2
DA:29,2
DA:35,2
DA:41,2
DA:46,2
DA:52,2
DA:58,2
DA:59,2
DA:60,2
DA:67,2
DA:72,0
DA:73,0
DA:74,0
DA:75,0
DA:77,0
DA:81,2
DA:86,0
DA:87,0
DA:88,0
DA:89,0
DA:91,0
DA:95,2
DA:100,0
DA:101,0
DA:102,0
DA:103,0
DA:105,0
DA:109,2
DA:114,0
DA:115,0
DA:116,0
DA:117,0
DA:119,0
DA:123,2
DA:128,0
DA:129,0
DA:130,0
DA:131,0
DA:133,0
DA:137,2
DA:142,0
DA:143,0
DA:144,0
DA:145,0
DA:147,0
DA:151,2
DA:156,0
DA:157,0
DA:158,0
DA:160,0
DA:164,2
DA:169,0
DA:170,0
DA:171,0
DA:173,0
LF:64
LH:26
BRF:0
BRH:0
end_of_record
TN:
SF:src/modules/image/image.dto.ts
FNF:0
FNH:0
DA:1,2
DA:2,2
DA:4,2
DA:5,2
DA:8,2
DA:9,2
DA:10,2
DA:13,2
DA:14,2
DA:15,2
DA:16,2
DA:19,2
DA:20,2
DA:21,2
LF:14
LH:14
BRF:0
BRH:0
end_of_record
TN:
SF:src/modules/image/image.model.ts
FN:48,(anonymous_6)
FNF:1
FNH:0
FNDA:0,(anonymous_6)
DA:2,2
DA:4,2
DA:46,2
DA:49,0
DA:53,2
LF:5
LH:4
BRF:0
BRH:0
end_of_record
TN:
SF:src/modules/image/image.service.ts
FN:18,(anonymous_1)
FN:31,(anonymous_2)
FN:85,(anonymous_3)
FN:93,(anonymous_4)
FN:101,(anonymous_5)
FN:109,(anonymous_6)
FN:110,(anonymous_7)
FN:128,(anonymous_8)
FN:149,(anonymous_9)
FN:178,(anonymous_10)
FN:186,(anonymous_11)
FN:192,(anonymous_12)
FN:194,(anonymous_13)
FN:208,(anonymous_14)
FN:219,(anonymous_15)
FN:231,(anonymous_16)
FN:232,(anonymous_17)
FN:237,(anonymous_18)
FN:265,(anonymous_19)
FN:266,(anonymous_20)
FNF:20
FNH:1
FNDA:2,(anonymous_1)
FNDA:0,(anonymous_2)
FNDA:0,(anonymous_3)
FNDA:0,(anonymous_4)
FNDA:0,(anonymous_5)
FNDA:0,(anonymous_6)
FNDA:0,(anonymous_7)
FNDA:0,(anonymous_8)
FNDA:0,(anonymous_9)
FNDA:0,(anonymous_10)
FNDA:0,(anonymous_11)
FNDA:0,(anonymous_12)
FNDA:0,(anonymous_13)
FNDA:0,(anonymous_14)
FNDA:0,(anonymous_15)
FNDA:0,(anonymous_16)
FNDA:0,(anonymous_17)
FNDA:0,(anonymous_18)
FNDA:0,(anonymous_19)
FNDA:0,(anonymous_20)
DA:1,2
DA:2,2
DA:4,2
DA:5,2
DA:15,2
DA:16,2
DA:18,2
DA:19,2
DA:20,2
DA:34,0
DA:35,0
DA:37,0
DA:38,0
DA:39,0
DA:45,0
DA:46,0
DA:47,0
DA:53,0
DA:54,0
DA:55,0
DA:56,0
DA:57,0
DA:58,0
DA:60,0
DA:73,0
DA:76,0
DA:78,0
DA:81,0
DA:86,0
DA:87,0
DA:89,0
DA:94,0
DA:95,0
DA:97,0
DA:102,0
DA:103,0
DA:105,0
DA:110,0
DA:111,0
DA:112,0
DA:113,0
DA:114,0
DA:115,0
DA:116,0
DA:117,0
DA:119,0
DA:120,0
DA:121,0
DA:123,0
DA:129,0
DA:131,0
DA:132,0
DA:133,0
DA:135,0
DA:141,0
DA:142,0
DA:143,0
DA:145,0
DA:154,0
DA:158,0
DA:159,0
DA:167,0
DA:175,0
DA:179,0
DA:180,0
DA:182,0
DA:187,0
DA:188,0
DA:191,0
DA:192,0
DA:194,0
DA:195,0
DA:196,0
DA:197,0
DA:199,0
DA:204,0
DA:209,0
DA:210,0
DA:211,0
DA:212,0
DA:213,0
DA:215,0
DA:220,0
DA:221,0
DA:222,0
DA:223,0
DA:224,0
DA:227,0
DA:232,0
DA:233,0
DA:234,0
DA:235,0
DA:236,0
DA:237,0
DA:238,0
DA:239,0
DA:243,0
DA:244,0
DA:245,0
DA:246,0
DA:248,0
DA:256,0
DA:260,0
DA:266,0
DA:267,0
DA:268,0
DA:269,0
DA:270,0
DA:272,0
LF:109
LH:9
BRDA:35,0,0,0
BRDA:35,0,1,0
BRDA:57,1,0,0
BRDA:64,2,0,0
BRDA:64,2,1,0
BRDA:116,3,0,0
BRDA:132,4,0,0
BRDA:132,4,1,0
BRDA:158,5,0,0
BRDA:158,5,1,0
BRDA:222,6,0,0
BRDA:238,7,0,0
BRDA:244,8,0,0
BRDA:244,8,1,0
BRF:14
BRH:0
end_of_record
TN:
SF:src/modules/image/index.ts
FN:2,(anonymous_0)
FN:3,(anonymous_1)
FN:4,(anonymous_2)
FN:5,(anonymous_3)
FN:7,(anonymous_4)
FN:8,(anonymous_5)
FN:10,(anonymous_6)
FN:11,(anonymous_7)
FNF:8
FNH:5
FNDA:2,(anonymous_0)
FNDA:0,(anonymous_1)
FNDA:2,(anonymous_2)
FNDA:2,(anonymous_3)
FNDA:0,(anonymous_4)
FNDA:2,(anonymous_5)
FNDA:0,(anonymous_6)
FNDA:2,(anonymous_7)
DA:1,2
DA:2,4
DA:3,2
DA:4,4
DA:5,4
DA:7,2
DA:8,4
DA:10,2
DA:11,4
LF:9
LH:9
BRF:0
BRH:0
end_of_record
TN:
SF:src/modules/image/resize.ts
FN:7,(anonymous_1)
FN:11,(anonymous_2)
FN:29,(anonymous_3)
FNF:3
FNH:0
FNDA:0,(anonymous_1)
FNDA:0,(anonymous_2)
FNDA:0,(anonymous_3)
DA:1,2
DA:2,2
DA:3,2
DA:5,2
DA:8,0
DA:12,0
DA:13,0
DA:14,0
DA:23,0
DA:25,0
DA:30,0
LF:11
LH:4
BRF:0
BRH:0
end_of_record
TN:
SF:src/modules/inscription/index.ts
FN:6,(anonymous_0)
FN:7,(anonymous_1)
FN:8,(anonymous_2)
FN:10,(anonymous_3)
FN:11,(anonymous_4)
FN:12,(anonymous_5)
FN:13,(anonymous_6)
FN:16,(anonymous_7)
FN:17,(anonymous_8)
FN:18,(anonymous_9)
FNF:10
FNH:5
FNDA:2,(anonymous_0)
FNDA:0,(anonymous_1)
FNDA:14,(anonymous_2)
FNDA:0,(anonymous_3)
FNDA:0,(anonymous_4)
FNDA:0,(anonymous_5)
FNDA:0,(anonymous_6)
FNDA:2,(anonymous_7)
FNDA:2,(anonymous_8)
FNDA:2,(anonymous_9)
DA:6,4
DA:7,2
DA:8,16
DA:9,2
DA:10,2
DA:11,2
DA:12,2
DA:13,2
DA:15,2
DA:16,4
DA:17,4
DA:18,4
LF:12
LH:12
BRF:0
BRH:0
end_of_record
TN:
SF:src/modules/inscription/inscription.aggregate.ts
FN:12,(anonymous_1)
FN:65,(anonymous_2)
FN:122,(anonymous_3)
FN:169,(anonymous_4)
FNF:4
FNH:0
FNDA:0,(anonymous_1)
FNDA:0,(anonymous_2)
FNDA:0,(anonymous_3)
FNDA:0,(anonymous_4)
DA:1,2
DA:2,2
DA:10,2
DA:12,2
DA:17,0
DA:65,2
DA:68,0
DA:122,2
DA:123,0
DA:169,2
DA:171,0
LF:11
LH:7
BRF:0
BRH:0
end_of_record
TN:
SF:src/modules/inscription/inscription.controller.ts
FN:23,(anonymous_0)
FN:86,(anonymous_1)
FN:100,(anonymous_2)
FN:115,(anonymous_3)
FN:130,(anonymous_4)
FN:146,(anonymous_5)
FN:162,(anonymous_6)
FN:176,(anonymous_7)
FN:190,(anonymous_8)
FN:204,(anonymous_9)
FN:218,(anonymous_10)
FN:235,(anonymous_11)
FN:27,(anonymous_12)
FNF:13
FNH:2
FNDA:2,(anonymous_0)
FNDA:0,(anonymous_1)
FNDA:0,(anonymous_2)
FNDA:0,(anonymous_3)
FNDA:0,(anonymous_4)
FNDA:0,(anonymous_5)
FNDA:0,(anonymous_6)
FNDA:0,(anonymous_7)
FNDA:0,(anonymous_8)
FNDA:0,(anonymous_9)
FNDA:0,(anonymous_10)
FNDA:0,(anonymous_11)
FNDA:2,(anonymous_12)
DA:1,2
DA:2,2
DA:10,2
DA:11,2
DA:12,2
DA:19,2
DA:20,2
DA:21,2
DA:22,2
DA:24,2
DA:28,2
DA:33,2
DA:38,2
DA:43,2
DA:48,2
DA:56,2
DA:61,2
DA:67,2
DA:73,2
DA:78,2
DA:79,2
DA:86,2
DA:91,0
DA:92,0
DA:93,0
DA:94,0
DA:96,0
DA:100,2
DA:105,0
DA:106,0
DA:108,0
DA:109,0
DA:111,0
DA:115,2
DA:120,0
DA:121,0
DA:123,0
DA:124,0
DA:126,0
DA:130,2
DA:135,0
DA:136,0
DA:137,0
DA:140,0
DA:142,0
DA:146,2
DA:151,0
DA:152,0
DA:153,0
DA:156,0
DA:158,0
DA:162,2
DA:167,0
DA:168,0
DA:169,0
DA:170,0
DA:172,0
DA:176,2
DA:181,0
DA:182,0
DA:183,0
DA:184,0
DA:186,0
DA:190,2
DA:195,0
DA:196,0
DA:197,0
DA:198,0
DA:200,0
DA:204,2
DA:209,0
DA:210,0
DA:211,0
DA:212,0
DA:214,0
DA:218,2
DA:223,0
DA:224,0
DA:225,0
DA:226,0
DA:229,0
DA:231,0
DA:235,2
DA:240,0
DA:241,0
DA:242,0
DA:243,0
DA:247,0
DA:248,0
DA:250,0
LF:90
LH:32
BRDA:226,0,0,0
BRDA:226,0,1,0
BRDA:247,1,0,0
BRDA:247,1,1,0
BRF:4
BRH:0
end_of_record
TN:
SF:src/modules/inscription/inscription.dto.ts
FNF:0
FNH:0
DA:1,2
DA:3,2
DA:4,2
DA:5,2
DA:6,2
DA:9,2
DA:10,2
DA:11,2
DA:14,2
DA:15,2
DA:16,2
LF:11
LH:11
BRF:0
BRH:0
end_of_record
TN:
SF:src/modules/inscription/inscription.model.ts
FN:33,(anonymous_6)
FNF:1
FNH:0
FNDA:0,(anonymous_6)
DA:2,2
DA:4,2
DA:31,2
DA:34,0
DA:38,2
LF:5
LH:4
BRF:0
BRH:0
end_of_record
TN:
SF:src/modules/inscription/inscription.service.ts
FN:19,(anonymous_0)
FN:44,(anonymous_1)
FN:73,(anonymous_2)
FN:84,(anonymous_3)
FN:95,(anonymous_4)
FN:119,(anonymous_5)
FN:124,(anonymous_6)
FN:129,(anonymous_7)
FN:140,(anonymous_8)
FN:159,(anonymous_9)
FN:207,(anonymous_10)
FN:208,(anonymous_11)
FN:222,(anonymous_12)
FN:236,(anonymous_13)
FN:237,(anonymous_14)
FN:274,(anonymous_15)
FN:293,(anonymous_16)
FN:310,(anonymous_17)
FN:342,(anonymous_18)
FN:355,(anonymous_19)
FN:372,(anonymous_20)
FN:373,(anonymous_21)
FN:404,(anonymous_22)
FN:414,(anonymous_23)
FN:418,(anonymous_24)
FN:424,(anonymous_25)
FN:437,(anonymous_26)
FN:464,(anonymous_27)
FN:474,(anonymous_28)
FN:489,(anonymous_29)
FN:504,(anonymous_30)
FN:512,(anonymous_31)
FNF:32
FNH:1
FNDA:14,(anonymous_0)
FNDA:0,(anonymous_1)
FNDA:0,(anonymous_2)
FNDA:0,(anonymous_3)
FNDA:0,(anonymous_4)
FNDA:0,(anonymous_5)
FNDA:0,(anonymous_6)
FNDA:0,(anonymous_7)
FNDA:0,(anonymous_8)
FNDA:0,(anonymous_9)
FNDA:0,(anonymous_10)
FNDA:0,(anonymous_11)
FNDA:0,(anonymous_12)
FNDA:0,(anonymous_13)
FNDA:0,(anonymous_14)
FNDA:0,(anonymous_15)
FNDA:0,(anonymous_16)
FNDA:0,(anonymous_17)
FNDA:0,(anonymous_18)
FNDA:0,(anonymous_19)
FNDA:0,(anonymous_20)
FNDA:0,(anonymous_21)
FNDA:0,(anonymous_22)
FNDA:0,(anonymous_23)
FNDA:0,(anonymous_24)
FNDA:0,(anonymous_25)
FNDA:0,(anonymous_26)
FNDA:0,(anonymous_27)
FNDA:0,(anonymous_28)
FNDA:0,(anonymous_29)
FNDA:0,(anonymous_30)
FNDA:0,(anonymous_31)
DA:1,2
DA:4,2
DA:5,2
DA:6,2
DA:19,2
DA:20,14
DA:21,14
DA:49,0
DA:50,0
DA:52,0
DA:53,0
DA:54,0
DA:55,0
DA:56,0
DA:57,0
DA:58,0
DA:64,0
DA:66,0
DA:69,0
DA:74,0
DA:75,0
DA:78,0
DA:80,0
DA:87,0
DA:88,0
DA:89,0
DA:91,0
DA:98,0
DA:99,0
DA:104,0
DA:105,0
DA:106,0
DA:107,0
DA:113,0
DA:115,0
DA:124,0
DA:125,0
DA:126,0
DA:127,0
DA:128,0
DA:130,0
DA:133,0
DA:134,0
DA:139,0
DA:141,0
DA:143,0
DA:144,0
DA:146,0
DA:149,0
DA:151,0
DA:154,0
DA:162,0
DA:163,0
DA:168,0
DA:176,0
DA:179,0
DA:180,0
DA:181,0
DA:183,0
DA:184,0
DA:185,0
DA:189,0
DA:190,0
DA:192,0
DA:195,0
DA:198,0
DA:200,0
DA:203,0
DA:208,0
DA:209,0
DA:210,0
DA:211,0
DA:212,0
DA:214,0
DA:217,0
DA:226,0
DA:227,0
DA:232,0
DA:237,0
DA:238,0
DA:239,0
DA:242,0
DA:248,0
DA:253,0
DA:257,0
DA:258,0
DA:259,0
DA:260,0
DA:261,0
DA:263,0
DA:266,0
DA:269,0
DA:279,0
DA:280,0
DA:281,0
DA:285,0
DA:286,0
DA:291,0
DA:293,0
DA:296,0
DA:301,0
DA:302,0
DA:304,0
DA:306,0
DA:314,0
DA:315,0
DA:316,0
DA:317,0
DA:318,0
DA:320,0
DA:321,0
DA:325,0
DA:326,0
DA:330,0
DA:331,0
DA:332,0
DA:339,0
DA:349,0
DA:350,0
DA:351,0
DA:352,0
DA:363,0
DA:364,0
DA:365,0
DA:367,0
DA:368,0
DA:373,0
DA:374,0
DA:375,0
DA:376,0
DA:380,0
DA:383,0
DA:384,0
DA:388,0
DA:393,0
DA:397,0
DA:399,0
DA:407,0
DA:413,0
DA:414,0
DA:416,0
DA:417,0
DA:418,0
DA:421,0
DA:429,0
DA:430,0
DA:431,0
DA:432,0
DA:434,0
DA:441,0
DA:442,0
DA:443,0
DA:444,0
DA:448,0
DA:449,0
DA:454,0
DA:455,0
DA:458,0
DA:460,0
DA:465,0
DA:466,0
DA:470,0
DA:475,0
DA:476,0
DA:480,0
DA:481,0
DA:483,0
DA:485,0
DA:490,0
DA:491,0
DA:495,0
DA:496,0
DA:498,0
DA:500,0
DA:505,0
DA:506,0
DA:508,0
DA:516,0
DA:517,0
DA:522,0
LF:180
LH:7
BRDA:50,0,0,0
BRDA:50,0,1,0
BRDA:127,1,0,0
BRDA:127,1,1,0
BRDA:133,2,0,0
BRDA:133,2,1,0
BRDA:143,3,0,0
BRDA:143,3,1,0
BRDA:180,4,0,0
BRDA:180,4,1,0
BRDA:184,5,0,0
BRDA:184,5,1,0
BRDA:189,6,0,0
BRDA:189,6,1,0
BRDA:211,7,0,0
BRDA:211,7,1,0
BRDA:257,8,0,0
BRDA:257,8,1,0
BRDA:258,9,0,0
BRDA:258,9,1,0
BRDA:285,10,0,0
BRDA:291,11,0,0
BRDA:301,12,0,0
BRDA:315,13,0,0
BRDA:321,14,0,0
BRDA:321,14,1,0
BRDA:322,15,0,0
BRDA:322,15,1,0
BRDA:326,16,0,0
BRDA:326,16,1,0
BRDA:327,17,0,0
BRDA:327,17,1,0
BRDA:331,18,0,0
BRDA:363,19,0,0
BRDA:363,19,1,0
BRDA:364,20,0,0
BRDA:367,21,0,0
BRDA:383,22,0,0
BRDA:414,23,0,0
BRDA:414,23,1,0
BRDA:414,23,2,0
BRDA:431,24,0,0
BRDA:448,25,0,0
BRDA:452,26,0,0
BRDA:452,26,1,0
BRDA:452,27,0,0
BRDA:452,27,1,0
BRF:47
BRH:0
end_of_record
TN:
SF:src/modules/like/index.ts
FN:2,(anonymous_0)
FN:3,(anonymous_1)
FN:4,(anonymous_2)
FN:7,(anonymous_3)
FN:8,(anonymous_4)
FN:9,(anonymous_5)
FN:11,(anonymous_6)
FN:12,(anonymous_7)
FN:13,(anonymous_8)
FNF:9
FNH:5
FNDA:0,(anonymous_0)
FNDA:0,(anonymous_1)
FNDA:0,(anonymous_2)
FNDA:0,(anonymous_3)
FNDA:2,(anonymous_4)
FNDA:2,(anonymous_5)
FNDA:2,(anonymous_6)
FNDA:2,(anonymous_7)
FNDA:2,(anonymous_8)
DA:1,2
DA:2,2
DA:3,2
DA:4,2
DA:7,2
DA:8,4
DA:9,4
DA:10,2
DA:11,4
DA:12,4
DA:13,4
LF:11
LH:11
BRF:0
BRH:0
end_of_record
TN:
SF:src/modules/like/like.aggregate.ts
FN:10,(anonymous_1)
FN:27,(anonymous_2)
FN:49,(anonymous_3)
FNF:3
FNH:0
FNDA:0,(anonymous_1)
FNDA:0,(anonymous_2)
FNDA:0,(anonymous_3)
DA:1,2
DA:2,2
DA:4,2
DA:8,2
DA:10,2
DA:27,2
DA:49,2
LF:7
LH:7
BRF:0
BRH:0
end_of_record
TN:
SF:src/modules/like/like.controller.ts
FN:22,(anonymous_0)
FN:85,(anonymous_1)
FN:99,(anonymous_2)
FN:113,(anonymous_3)
FN:129,(anonymous_4)
FN:145,(anonymous_5)
FN:161,(anonymous_6)
FN:175,(anonymous_7)
FN:189,(anonymous_8)
FN:203,(anonymous_9)
FN:216,(anonymous_10)
FN:233,(anonymous_11)
FN:247,(anonymous_12)
FN:26,(anonymous_13)
FNF:14
FNH:2
FNDA:2,(anonymous_0)
FNDA:0,(anonymous_1)
FNDA:0,(anonymous_2)
FNDA:0,(anonymous_3)
FNDA:0,(anonymous_4)
FNDA:0,(anonymous_5)
FNDA:0,(anonymous_6)
FNDA:0,(anonymous_7)
FNDA:0,(anonymous_8)
FNDA:0,(anonymous_9)
FNDA:0,(anonymous_10)
FNDA:0,(anonymous_11)
FNDA:0,(anonymous_12)
FNDA:2,(anonymous_13)
DA:1,2
DA:2,2
DA:10,2
DA:11,2
DA:12,2
DA:18,2
DA:19,2
DA:20,2
DA:21,2
DA:23,2
DA:27,2
DA:32,2
DA:37,2
DA:42,2
DA:47,2
DA:52,2
DA:57,2
DA:62,2
DA:67,2
DA:72,2
DA:73,2
DA:78,2
DA:85,2
DA:90,0
DA:91,0
DA:92,0
DA:93,0
DA:95,0
DA:99,2
DA:104,0
DA:105,0
DA:106,0
DA:107,0
DA:109,0
DA:113,2
DA:118,0
DA:119,0
DA:120,0
DA:123,0
DA:125,0
DA:129,2
DA:134,0
DA:135,0
DA:136,0
DA:139,0
DA:141,0
DA:145,2
DA:150,0
DA:151,0
DA:152,0
DA:155,0
DA:157,0
DA:161,2
DA:166,0
DA:167,0
DA:168,0
DA:169,0
DA:171,0
DA:175,2
DA:180,0
DA:181,0
DA:182,0
DA:183,0
DA:185,0
DA:189,2
DA:194,0
DA:195,0
DA:196,0
DA:197,0
DA:199,0
DA:203,2
DA:208,0
DA:209,0
DA:210,0
DA:212,0
DA:216,2
DA:221,0
DA:222,0
DA:223,0
DA:224,0
DA:227,0
DA:229,0
DA:233,2
DA:238,0
DA:239,0
DA:240,0
DA:241,0
DA:243,0
DA:247,2
DA:252,0
DA:253,0
DA:254,0
DA:256,0
LF:93
LH:34
BRDA:224,0,0,0
BRDA:224,0,1,0
BRF:2
BRH:0
end_of_record
TN:
SF:src/modules/like/like.dto.ts
FNF:0
FNH:0
DA:1,2
DA:3,2
DA:4,2
DA:5,2
DA:8,2
DA:9,2
DA:10,2
DA:13,2
DA:14,2
DA:15,2
LF:10
LH:10
BRF:0
BRH:0
end_of_record
TN:
SF:src/modules/like/like.model.ts
FNF:0
FNH:0
DA:2,2
DA:4,2
DA:26,2
LF:3
LH:3
BRF:0
BRH:0
end_of_record
TN:
SF:src/modules/like/like.service.ts
FN:18,(anonymous_0)
FN:33,(anonymous_1)
FN:64,(anonymous_2)
FN:73,(anonymous_3)
FN:84,(anonymous_4)
FN:98,(anonymous_5)
FN:121,(anonymous_6)
FN:130,(anonymous_7)
FN:141,(anonymous_8)
FN:142,(anonymous_9)
FN:163,(anonymous_10)
FN:198,(anonymous_11)
FN:213,(anonymous_12)
FN:221,(anonymous_13)
FN:230,(anonymous_14)
FN:244,(anonymous_15)
FNF:16
FNH:1
FNDA:2,(anonymous_0)
FNDA:0,(anonymous_1)
FNDA:0,(anonymous_2)
FNDA:0,(anonymous_3)
FNDA:0,(anonymous_4)
FNDA:0,(anonymous_5)
FNDA:0,(anonymous_6)
FNDA:0,(anonymous_7)
FNDA:0,(anonymous_8)
FNDA:0,(anonymous_9)
FNDA:0,(anonymous_10)
FNDA:0,(anonymous_11)
FNDA:0,(anonymous_12)
FNDA:0,(anonymous_13)
FNDA:0,(anonymous_14)
FNDA:0,(anonymous_15)
DA:1,2
DA:4,2
DA:5,2
DA:14,2
DA:16,2
DA:18,2
DA:19,2
DA:20,2
DA:21,2
DA:36,0
DA:37,0
DA:39,0
DA:40,0
DA:41,0
DA:47,0
DA:48,0
DA:49,0
DA:55,0
DA:57,0
DA:60,0
DA:65,0
DA:66,0
DA:67,0
DA:69,0
DA:74,0
DA:75,0
DA:80,0
DA:87,0
DA:88,0
DA:93,0
DA:97,0
DA:98,0
DA:99,0
DA:100,0
DA:101,0
DA:107,0
DA:113,0
DA:114,0
DA:118,0
DA:122,0
DA:123,0
DA:124,0
DA:126,0
DA:131,0
DA:132,0
DA:133,0
DA:134,0
DA:136,0
DA:137,0
DA:142,0
DA:143,0
DA:144,0
DA:145,0
DA:149,0
DA:150,0
DA:151,0
DA:153,0
DA:155,0
DA:158,0
DA:164,0
DA:165,0
DA:166,0
DA:167,0
DA:168,0
DA:169,0
DA:171,0
DA:172,0
DA:176,0
DA:177,0
DA:179,0
DA:182,0
DA:183,0
DA:184,0
DA:188,0
DA:189,0
DA:191,0
DA:194,0
DA:199,0
DA:200,0
DA:201,0
DA:202,0
DA:203,0
DA:204,0
DA:207,0
DA:209,0
DA:214,0
DA:215,0
DA:217,0
DA:222,0
DA:223,0
DA:224,0
DA:226,0
DA:231,0
DA:232,0
DA:233,0
DA:234,0
DA:236,0
DA:240,0
DA:245,0
DA:246,0
DA:247,0
DA:249,0
LF:102
LH:9
BRDA:37,0,0,0
BRDA:37,0,1,0
BRDA:99,1,0,0
BRDA:100,2,0,0
BRDA:100,2,1,0
BRDA:144,3,0,0
BRDA:144,3,1,0
BRDA:144,4,0,0
BRDA:144,4,1,0
BRDA:149,5,0,0
BRDA:166,6,0,0
BRDA:166,6,1,0
BRDA:203,7,0,0
BRF:13
BRH:0
end_of_record
TN:
SF:src/modules/literal/index.ts
FN:2,(anonymous_0)
FN:3,(anonymous_1)
FN:4,(anonymous_2)
FN:6,(anonymous_3)
FN:8,(anonymous_4)
FN:9,(anonymous_5)
FNF:6
FNH:4
FNDA:2,(anonymous_0)
FNDA:2,(anonymous_1)
FNDA:0,(anonymous_2)
FNDA:0,(anonymous_3)
FNDA:2,(anonymous_4)
FNDA:2,(anonymous_5)
DA:1,2
DA:2,4
DA:3,4
DA:4,2
DA:6,2
DA:8,4
DA:9,4
LF:7
LH:7
BRF:0
BRH:0
end_of_record
TN:
SF:src/modules/literal/literal.controller.ts
FN:21,(anonymous_0)
FN:50,(anonymous_1)
FN:64,(anonymous_2)
FN:78,(anonymous_3)
FN:92,(anonymous_4)
FN:106,(anonymous_5)
FN:120,(anonymous_6)
FN:25,(anonymous_7)
FNF:8
FNH:2
FNDA:2,(anonymous_0)
FNDA:0,(anonymous_1)
FNDA:0,(anonymous_2)
FNDA:0,(anonymous_3)
FNDA:0,(anonymous_4)
FNDA:0,(anonymous_5)
FNDA:0,(anonymous_6)
FNDA:2,(anonymous_7)
DA:1,2
DA:2,2
DA:4,2
DA:9,2
DA:15,2
DA:17,2
DA:18,2
DA:19,2
DA:20,2
DA:22,2
DA:26,2
DA:31,2
DA:36,2
DA:37,2
DA:42,2
DA:47,2
DA:50,2
DA:55,0
DA:56,0
DA:57,0
DA:58,0
DA:60,0
DA:64,2
DA:69,0
DA:70,0
DA:71,0
DA:72,0
DA:74,0
DA:78,2
DA:83,0
DA:84,0
DA:85,0
DA:86,0
DA:88,0
DA:92,2
DA:97,0
DA:98,0
DA:99,0
DA:100,0
DA:102,0
DA:106,2
DA:111,0
DA:112,0
DA:113,0
DA:114,0
DA:116,0
DA:120,2
DA:125,0
DA:126,0
DA:127,0
DA:128,0
DA:130,0
LF:52
LH:22
BRF:0
BRH:0
end_of_record
TN:
SF:src/modules/literal/literal.dto.ts
FNF:0
FNH:0
DA:1,2
DA:3,2
DA:4,2
DA:5,2
DA:6,2
DA:7,2
DA:10,2
DA:11,2
DA:12,2
DA:13,2
DA:14,2
DA:15,2
DA:18,2
DA:19,2
LF:14
LH:14
BRF:0
BRH:0
end_of_record
TN:
SF:src/modules/literal/literal.model.ts
FN:21,(anonymous_6)
FNF:1
FNH:0
FNDA:0,(anonymous_6)
DA:1,2
DA:4,2
DA:19,2
DA:22,0
DA:26,2
LF:5
LH:4
BRF:0
BRH:0
end_of_record
TN:
SF:src/modules/literal/literal.service.ts
FN:7,(anonymous_0)
FN:10,(anonymous_1)
FN:37,(anonymous_2)
FN:43,(anonymous_3)
FN:60,(anonymous_4)
FN:70,(anonymous_5)
FN:81,(anonymous_6)
FN:82,(anonymous_7)
FN:104,(anonymous_8)
FNF:9
FNH:1
FNDA:2,(anonymous_0)
FNDA:0,(anonymous_1)
FNDA:0,(anonymous_2)
FNDA:0,(anonymous_3)
FNDA:0,(anonymous_4)
FNDA:0,(anonymous_5)
FNDA:0,(anonymous_6)
FNDA:0,(anonymous_7)
FNDA:0,(anonymous_8)
DA:3,2
DA:4,2
DA:5,2
DA:7,2
DA:8,2
DA:9,2
DA:13,0
DA:15,0
DA:16,0
DA:17,0
DA:22,0
DA:23,0
DA:24,0
DA:30,0
DA:32,0
DA:33,0
DA:38,0
DA:42,0
DA:43,0
DA:44,0
DA:45,0
DA:46,0
DA:47,0
DA:48,0
DA:50,0
DA:52,0
DA:57,0
DA:61,0
DA:62,0
DA:63,0
DA:65,0
DA:66,0
DA:71,0
DA:72,0
DA:73,0
DA:74,0
DA:76,0
DA:77,0
DA:82,0
DA:83,0
DA:84,0
DA:91,0
DA:92,0
DA:93,0
DA:95,0
DA:98,0
DA:99,0
DA:105,0
DA:106,0
DA:107,0
DA:108,0
DA:109,0
DA:111,0
DA:114,0
DA:115,0
LF:55
LH:6
BRDA:47,0,0,0
BRDA:91,1,0,0
BRDA:91,1,1,0
BRDA:107,2,0,0
BRDA:107,2,1,0
BRF:5
BRH:0
end_of_record
TN:
SF:src/modules/menu/index.ts
FN:1,(anonymous_0)
FN:3,(anonymous_1)
FN:4,(anonymous_2)
FNF:3
FNH:2
FNDA:0,(anonymous_0)
FNDA:2,(anonymous_1)
FNDA:2,(anonymous_2)
DA:1,2
DA:3,4
DA:4,4
LF:3
LH:3
BRF:0
BRH:0
end_of_record
TN:
SF:src/modules/menu/menu.controller.ts
FN:12,(anonymous_0)
FN:25,(anonymous_1)
FN:38,(anonymous_2)
FN:51,(anonymous_3)
FN:65,(anonymous_4)
FN:79,(anonymous_5)
FN:93,(anonymous_6)
FN:16,(anonymous_7)
FNF:8
FNH:2
FNDA:2,(anonymous_0)
FNDA:0,(anonymous_1)
FNDA:0,(anonymous_2)
FNDA:0,(anonymous_3)
FNDA:0,(anonymous_4)
FNDA:0,(anonymous_5)
FNDA:0,(anonymous_6)
FNDA:2,(anonymous_7)
DA:2,2
DA:4,2
DA:5,2
DA:7,2
DA:8,2
DA:9,2
DA:10,2
DA:13,2
DA:17,2
DA:18,2
DA:19,2
DA:20,2
DA:21,2
DA:22,2
DA:25,2
DA:30,0
DA:31,0
DA:32,0
DA:34,0
DA:38,2
DA:43,0
DA:44,0
DA:45,0
DA:47,0
DA:51,2
DA:56,0
DA:57,0
DA:58,0
DA:59,0
DA:61,0
DA:65,2
DA:70,0
DA:71,0
DA:72,0
DA:73,0
DA:75,0
DA:79,2
DA:84,0
DA:85,0
DA:86,0
DA:87,0
DA:89,0
DA:93,2
DA:98,0
DA:99,0
DA:100,0
DA:101,0
DA:103,0
LF:48
LH:20
BRF:0
BRH:0
end_of_record
TN:
SF:src/modules/menu/menu.model.ts
FNF:0
FNH:0
DA:1,2
DA:4,2
DA:9,2
DA:27,2
LF:4
LH:4
BRF:0
BRH:0
end_of_record
TN:
SF:src/modules/menu/menu.service.ts
FN:5,(anonymous_0)
FN:9,(anonymous_1)
FN:17,(anonymous_2)
FN:21,(anonymous_3)
FN:25,(anonymous_4)
FN:31,(anonymous_5)
FNF:6
FNH:0
FNDA:0,(anonymous_0)
FNDA:0,(anonymous_1)
FNDA:0,(anonymous_2)
FNDA:0,(anonymous_3)
FNDA:0,(anonymous_4)
FNDA:0,(anonymous_5)
DA:2,2
DA:4,2
DA:6,0
DA:10,0
DA:11,0
DA:13,0
DA:18,0
DA:22,0
DA:26,0
DA:32,0
DA:33,0
LF:11
LH:2
BRF:0
BRH:0
end_of_record
TN:
SF:src/modules/notification/index.ts
FN:1,(anonymous_0)
FN:2,(anonymous_1)
FN:9,(anonymous_2)
FN:10,(anonymous_3)
FN:12,(anonymous_4)
FN:13,(anonymous_5)
FNF:6
FNH:4
FNDA:2,(anonymous_0)
FNDA:2,(anonymous_1)
FNDA:0,(anonymous_2)
FNDA:0,(anonymous_3)
FNDA:2,(anonymous_4)
FNDA:2,(anonymous_5)
DA:1,4
DA:2,4
DA:9,2
DA:10,2
DA:11,2
DA:12,4
DA:13,4
LF:7
LH:7
BRF:0
BRH:0
end_of_record
TN:
SF:src/modules/notification/notification.aggregate.ts
FN:1,(anonymous_0)
FNF:1
FNH:0
FNDA:0,(anonymous_0)
DA:1,2
DA:6,0
LF:2
LH:1
BRF:0
BRH:0
end_of_record
TN:
SF:src/modules/notification/notification.controller.ts
FN:21,(anonymous_0)
FN:45,(anonymous_1)
FN:59,(anonymous_2)
FN:73,(anonymous_3)
FN:87,(anonymous_4)
FN:25,(anonymous_5)
FNF:6
FNH:2
FNDA:2,(anonymous_0)
FNDA:0,(anonymous_1)
FNDA:0,(anonymous_2)
FNDA:0,(anonymous_3)
FNDA:0,(anonymous_4)
FNDA:2,(anonymous_5)
DA:1,2
DA:2,2
DA:4,2
DA:10,2
DA:11,2
DA:17,2
DA:18,2
DA:19,2
DA:20,2
DA:22,2
DA:26,2
DA:31,2
DA:37,2
DA:42,2
DA:45,2
DA:50,0
DA:51,0
DA:52,0
DA:53,0
DA:55,0
DA:59,2
DA:64,0
DA:65,0
DA:66,0
DA:67,0
DA:69,0
DA:73,2
DA:78,0
DA:79,0
DA:80,0
DA:81,0
DA:83,0
DA:87,2
DA:92,0
DA:93,0
DA:94,0
DA:96,0
LF:37
LH:18
BRF:0
BRH:0
end_of_record
TN:
SF:src/modules/notification/notification.dto.ts
FNF:0
FNH:0
DA:1,2
DA:3,2
DA:4,2
DA:5,2
DA:8,2
DA:9,2
DA:10,2
DA:11,2
DA:12,2
DA:13,2
LF:10
LH:10
BRF:0
BRH:0
end_of_record
TN:
SF:src/modules/notification/notification.model.ts
FN:23,(anonymous_6)
FNF:1
FNH:0
FNDA:0,(anonymous_6)
DA:1,2
DA:4,2
DA:21,2
DA:24,0
DA:28,2
LF:5
LH:4
BRF:0
BRH:0
end_of_record
TN:
SF:src/modules/notification/notification.service.ts
FN:14,(anonymous_0)
FN:20,(anonymous_1)
FN:44,(anonymous_2)
FN:45,(anonymous_3)
FN:50,(anonymous_4)
FN:64,(anonymous_5)
FN:90,(anonymous_6)
FN:93,(anonymous_7)
FN:104,(anonymous_8)
FN:105,(anonymous_9)
FN:121,(anonymous_10)
FNF:11
FNH:1
FNDA:2,(anonymous_0)
FNDA:0,(anonymous_1)
FNDA:0,(anonymous_2)
FNDA:0,(anonymous_3)
FNDA:0,(anonymous_4)
FNDA:0,(anonymous_5)
FNDA:0,(anonymous_6)
FNDA:0,(anonymous_7)
FNDA:0,(anonymous_8)
FNDA:0,(anonymous_9)
FNDA:0,(anonymous_10)
DA:3,2
DA:4,2
DA:5,2
DA:12,2
DA:14,2
DA:15,2
DA:16,2
DA:18,2
DA:23,0
DA:25,0
DA:26,0
DA:27,0
DA:28,0
DA:29,0
DA:30,0
DA:31,0
DA:37,0
DA:39,0
DA:40,0
DA:45,0
DA:46,0
DA:47,0
DA:48,0
DA:49,0
DA:50,0
DA:51,0
DA:52,0
DA:53,0
DA:55,0
DA:59,0
DA:68,0
DA:75,0
DA:76,0
DA:77,0
DA:78,0
DA:79,0
DA:82,0
DA:83,0
DA:84,0
DA:85,0
DA:87,0
DA:93,0
DA:94,0
DA:95,0
DA:96,0
DA:97,0
DA:99,0
DA:105,0
DA:106,0
DA:107,0
DA:114,0
DA:116,0
DA:122,0
DA:123,0
DA:124,0
DA:126,0
LF:56
LH:8
BRDA:51,0,0,0
BRDA:51,0,1,0
BRDA:78,1,0,0
BRDA:82,2,0,0
BRDA:82,2,1,0
BRDA:84,3,0,0
BRF:6
BRH:0
end_of_record
TN:
SF:src/modules/ota/index.ts
FN:1,(anonymous_0)
FN:1,(anonymous_1)
FN:2,(anonymous_2)
FN:4,(anonymous_3)
FN:5,(anonymous_4)
FNF:5
FNH:3
FNDA:0,(anonymous_0)
FNDA:2,(anonymous_1)
FNDA:2,(anonymous_2)
FNDA:2,(anonymous_3)
FNDA:0,(anonymous_4)
DA:1,4
DA:2,4
DA:4,4
DA:5,2
LF:4
LH:4
BRF:0
BRH:0
end_of_record
TN:
SF:src/modules/ota/ota.controller.ts
FN:11,(anonymous_0)
FN:27,(anonymous_1)
FN:40,(anonymous_2)
FN:54,(anonymous_3)
FN:68,(anonymous_4)
FN:82,(anonymous_5)
FN:15,(anonymous_6)
FNF:7
FNH:2
FNDA:2,(anonymous_0)
FNDA:0,(anonymous_1)
FNDA:0,(anonymous_2)
FNDA:0,(anonymous_3)
FNDA:0,(anonymous_4)
FNDA:0,(anonymous_5)
FNDA:2,(anonymous_6)
DA:1,2
DA:2,2
DA:4,2
DA:5,2
DA:7,2
DA:8,2
DA:9,2
DA:10,2
DA:12,2
DA:16,2
DA:17,2
DA:18,2
DA:23,2
DA:24,2
DA:27,2
DA:32,0
DA:33,0
DA:34,0
DA:36,0
DA:40,2
DA:45,0
DA:46,0
DA:47,0
DA:48,0
DA:50,0
DA:54,2
DA:59,0
DA:60,0
DA:61,0
DA:62,0
DA:64,0
DA:68,2
DA:73,0
DA:74,0
DA:75,0
DA:76,0
DA:78,0
DA:82,2
DA:87,0
DA:88,0
DA:89,0
DA:91,0
LF:42
LH:19
BRF:0
BRH:0
end_of_record
TN:
SF:src/modules/ota/ota.dto.ts
FNF:0
FNH:0
DA:1,2
DA:3,2
DA:4,2
DA:5,2
DA:6,2
DA:7,2
DA:8,2
DA:9,2
DA:12,2
DA:13,2
DA:14,2
LF:11
LH:11
BRF:0
BRH:0
end_of_record
TN:
SF:src/modules/ota/ota.model.ts
FN:20,(anonymous_6)
FNF:1
FNH:0
FNDA:0,(anonymous_6)
DA:2,2
DA:4,2
DA:18,2
DA:21,0
DA:25,2
LF:5
LH:4
BRF:0
BRH:0
end_of_record
TN:
SF:src/modules/ota/ota.service.ts
FN:6,(anonymous_0)
FN:14,(anonymous_1)
FN:17,(anonymous_2)
FN:40,(anonymous_3)
FN:45,(anonymous_4)
FN:53,(anonymous_5)
FNF:6
FNH:0
FNDA:0,(anonymous_0)
FNDA:0,(anonymous_1)
FNDA:0,(anonymous_2)
FNDA:0,(anonymous_3)
FNDA:0,(anonymous_4)
FNDA:0,(anonymous_5)
DA:1,2
DA:2,2
DA:5,2
DA:7,0
DA:8,0
DA:10,0
DA:17,0
DA:18,0
DA:20,0
DA:24,0
DA:25,0
DA:27,0
DA:28,0
DA:30,0
DA:34,0
DA:35,0
DA:41,0
DA:42,0
DA:46,0
DA:47,0
DA:48,0
DA:50,0
DA:54,0
DA:55,0
LF:24
LH:3
BRDA:24,0,0,0
BRDA:24,0,1,0
BRDA:27,1,0,0
BRDA:27,1,1,0
BRDA:47,2,0,0
BRF:5
BRH:0
end_of_record
TN:
SF:src/modules/pairing/index.ts
FN:2,(anonymous_0)
FN:3,(anonymous_1)
FN:5,(anonymous_2)
FN:7,(anonymous_3)
FN:8,(anonymous_4)
FN:10,(anonymous_5)
FN:11,(anonymous_6)
FNF:7
FNH:3
FNDA:0,(anonymous_0)
FNDA:2,(anonymous_1)
FNDA:18,(anonymous_2)
FNDA:2,(anonymous_3)
FNDA:0,(anonymous_4)
FNDA:0,(anonymous_5)
FNDA:0,(anonymous_6)
DA:1,2
DA:2,2
DA:3,4
DA:5,20
DA:7,4
DA:8,2
DA:9,2
DA:10,2
DA:11,2
LF:9
LH:9
BRF:0
BRH:0
end_of_record
TN:
SF:src/modules/pairing/pairing.aggregate.ts
FN:7,(anonymous_1)
FN:77,(anonymous_2)
FN:181,(anonymous_3)
FN:187,(anonymous_4)
FN:205,(anonymous_5)
FN:217,(anonymous_6)
FN:233,(anonymous_7)
FNF:7
FNH:0
FNDA:0,(anonymous_1)
FNDA:0,(anonymous_2)
FNDA:0,(anonymous_3)
FNDA:0,(anonymous_4)
FNDA:0,(anonymous_5)
FNDA:0,(anonymous_6)
FNDA:0,(anonymous_7)
DA:1,2
DA:2,2
DA:3,2
DA:7,2
DA:12,0
DA:77,2
DA:78,0
DA:181,2
DA:182,0
DA:187,2
DA:188,0
DA:205,2
DA:206,0
DA:217,2
DA:218,0
DA:233,2
DA:234,0
LF:17
LH:10
BRF:0
BRH:0
end_of_record
TN:
SF:src/modules/pairing/pairing.controller.ts
FN:16,(anonymous_0)
FN:50,(anonymous_1)
FN:64,(anonymous_2)
FN:79,(anonymous_3)
FN:94,(anonymous_4)
FN:108,(anonymous_5)
FN:125,(anonymous_6)
FN:20,(anonymous_7)
FNF:8
FNH:2
FNDA:2,(anonymous_0)
FNDA:0,(anonymous_1)
FNDA:0,(anonymous_2)
FNDA:0,(anonymous_3)
FNDA:0,(anonymous_4)
FNDA:0,(anonymous_5)
FNDA:0,(anonymous_6)
FNDA:2,(anonymous_7)
DA:1,2
DA:2,2
DA:3,2
DA:5,2
DA:10,2
DA:12,2
DA:13,2
DA:14,2
DA:15,2
DA:17,2
DA:21,2
DA:26,2
DA:31,2
DA:37,2
DA:42,2
DA:43,2
DA:50,2
DA:55,0
DA:56,0
DA:57,0
DA:58,0
DA:60,0
DA:64,2
DA:69,0
DA:70,0
DA:72,0
DA:73,0
DA:75,0
DA:79,2
DA:84,0
DA:85,0
DA:86,0
DA:87,0
DA:88,0
DA:90,0
DA:94,2
DA:99,0
DA:100,0
DA:101,0
DA:102,0
DA:104,0
DA:108,2
DA:113,0
DA:114,0
DA:115,0
DA:116,0
DA:119,0
DA:121,0
DA:125,2
DA:130,0
DA:131,0
DA:132,0
DA:134,0
LF:53
LH:22
BRDA:116,0,0,0
BRDA:116,0,1,0
BRF:2
BRH:0
end_of_record
TN:
SF:src/modules/pairing/pairing.dto.ts
FNF:0
FNH:0
DA:1,2
DA:3,2
DA:4,2
DA:7,2
DA:8,2
DA:9,2
DA:10,2
DA:11,2
DA:12,2
DA:13,2
DA:14,2
DA:15,2
LF:12
LH:12
BRF:0
BRH:0
end_of_record
TN:
SF:src/modules/pairing/pairing.model.ts
FN:49,(anonymous_6)
FNF:1
FNH:0
FNDA:0,(anonymous_6)
DA:2,2
DA:4,2
DA:41,2
DA:47,2
DA:49,2
DA:50,0
DA:53,2
LF:7
LH:6
BRF:0
BRH:0
end_of_record
TN:
SF:src/modules/pairing/pairing.service.ts
FN:14,(anonymous_0)
FN:45,(anonymous_1)
FN:73,(anonymous_2)
FN:83,(anonymous_3)
FN:95,(anonymous_4)
FN:112,(anonymous_5)
FN:121,(anonymous_6)
FN:131,(anonymous_7)
FN:140,(anonymous_8)
FN:154,(anonymous_9)
FNF:10
FNH:1
FNDA:18,(anonymous_0)
FNDA:0,(anonymous_1)
FNDA:0,(anonymous_2)
FNDA:0,(anonymous_3)
FNDA:0,(anonymous_4)
FNDA:0,(anonymous_5)
FNDA:0,(anonymous_6)
FNDA:0,(anonymous_7)
FNDA:0,(anonymous_8)
FNDA:0,(anonymous_9)
DA:4,2
DA:5,2
DA:6,2
DA:14,2
DA:15,18
DA:16,18
DA:17,18
DA:48,0
DA:49,0
DA:51,0
DA:52,0
DA:53,0
DA:54,0
DA:55,0
DA:56,0
DA:57,0
DA:63,0
DA:65,0
DA:68,0
DA:69,0
DA:74,0
DA:75,0
DA:79,0
DA:86,0
DA:87,0
DA:91,0
DA:96,0
DA:97,0
DA:98,0
DA:99,0
DA:101,0
DA:102,0
DA:103,0
DA:104,0
DA:108,0
DA:113,0
DA:114,0
DA:115,0
DA:117,0
DA:122,0
DA:123,0
DA:127,0
DA:132,0
DA:133,0
DA:134,0
DA:136,0
DA:141,0
DA:142,0
DA:143,0
DA:144,0
DA:145,0
DA:148,0
DA:150,0
DA:155,0
DA:156,0
DA:157,0
DA:158,0
DA:161,0
LF:58
LH:7
BRDA:49,0,0,0
BRDA:49,0,1,0
BRDA:98,1,0,0
BRDA:98,1,1,0
BRDA:98,2,0,0
BRDA:98,2,1,0
BRDA:98,2,2,0
BRDA:103,3,0,0
BRDA:143,4,0,0
BRF:9
BRH:0
end_of_record
TN:
SF:src/modules/report/index.ts
FN:2,(anonymous_0)
FN:3,(anonymous_1)
FN:4,(anonymous_2)
FN:6,(anonymous_3)
FN:7,(anonymous_4)
FN:8,(anonymous_5)
FNF:6
FNH:5
FNDA:2,(anonymous_0)
FNDA:2,(anonymous_1)
FNDA:0,(anonymous_2)
FNDA:2,(anonymous_3)
FNDA:2,(anonymous_4)
FNDA:2,(anonymous_5)
DA:2,4
DA:3,4
DA:4,2
DA:5,2
DA:6,4
DA:7,4
DA:8,4
LF:7
LH:7
BRF:0
BRH:0
end_of_record
TN:
SF:src/modules/report/report.controller.ts
FN:22,(anonymous_0)
FN:71,(anonymous_1)
FN:85,(anonymous_2)
FN:99,(anonymous_3)
FN:113,(anonymous_4)
FN:128,(anonymous_5)
FN:142,(anonymous_6)
FN:156,(anonymous_7)
FN:173,(anonymous_8)
FN:190,(anonymous_9)
FN:204,(anonymous_10)
FN:26,(anonymous_11)
FNF:12
FNH:2
FNDA:2,(anonymous_0)
FNDA:0,(anonymous_1)
FNDA:0,(anonymous_2)
FNDA:0,(anonymous_3)
FNDA:0,(anonymous_4)
FNDA:0,(anonymous_5)
FNDA:0,(anonymous_6)
FNDA:0,(anonymous_7)
FNDA:0,(anonymous_8)
FNDA:0,(anonymous_9)
FNDA:0,(anonymous_10)
FNDA:2,(anonymous_11)
DA:1,2
DA:2,2
DA:10,2
DA:11,2
DA:12,2
DA:18,2
DA:19,2
DA:20,2
DA:21,2
DA:23,2
DA:27,2
DA:32,2
DA:37,2
DA:42,2
DA:47,2
DA:52,2
DA:57,2
DA:58,2
DA:63,2
DA:68,2
DA:71,2
DA:76,0
DA:77,0
DA:78,0
DA:79,0
DA:81,0
DA:85,2
DA:90,0
DA:91,0
DA:92,0
DA:93,0
DA:95,0
DA:99,2
DA:104,0
DA:105,0
DA:106,0
DA:107,0
DA:109,0
DA:113,2
DA:118,0
DA:119,0
DA:120,0
DA:121,0
DA:122,0
DA:124,0
DA:128,2
DA:133,0
DA:134,0
DA:135,0
DA:136,0
DA:138,0
DA:142,2
DA:147,0
DA:148,0
DA:149,0
DA:150,0
DA:152,0
DA:156,2
DA:161,0
DA:162,0
DA:163,0
DA:164,0
DA:167,0
DA:169,0
DA:173,2
DA:178,0
DA:179,0
DA:180,0
DA:184,0
DA:186,0
DA:190,2
DA:195,0
DA:196,0
DA:197,0
DA:198,0
DA:200,0
DA:204,2
DA:209,0
DA:210,0
DA:211,0
DA:213,0
LF:81
LH:30
BRDA:164,0,0,0
BRDA:164,0,1,0
BRF:2
BRH:0
end_of_record
TN:
SF:src/modules/report/report.dto.ts
FNF:0
FNH:0
DA:1,2
DA:3,2
DA:4,2
DA:5,2
DA:6,2
DA:7,2
DA:8,2
DA:11,2
DA:12,2
DA:13,2
DA:14,2
DA:15,2
DA:16,2
DA:17,2
DA:20,2
LF:15
LH:15
BRF:0
BRH:0
end_of_record
TN:
SF:src/modules/report/report.model.ts
FNF:0
FNH:0
DA:1,2
DA:4,2
DA:39,2
LF:3
LH:3
BRF:0
BRH:0
end_of_record
TN:
SF:src/modules/report/report.service.ts
FN:12,(anonymous_0)
FN:30,(anonymous_1)
FN:61,(anonymous_2)
FN:72,(anonymous_3)
FN:83,(anonymous_4)
FN:96,(anonymous_5)
FN:105,(anonymous_6)
FN:115,(anonymous_7)
FN:123,(anonymous_8)
FN:136,(anonymous_9)
FN:149,(anonymous_10)
FNF:11
FNH:1
FNDA:2,(anonymous_0)
FNDA:0,(anonymous_1)
FNDA:0,(anonymous_2)
FNDA:0,(anonymous_3)
FNDA:0,(anonymous_4)
FNDA:0,(anonymous_5)
FNDA:0,(anonymous_6)
FNDA:0,(anonymous_7)
FNDA:0,(anonymous_8)
FNDA:0,(anonymous_9)
FNDA:0,(anonymous_10)
DA:4,2
DA:5,2
DA:12,2
DA:13,2
DA:14,2
DA:33,0
DA:34,0
DA:36,0
DA:37,0
DA:38,0
DA:44,0
DA:45,0
DA:46,0
DA:52,0
DA:54,0
DA:57,0
DA:62,0
DA:63,0
DA:68,0
DA:73,0
DA:74,0
DA:79,0
DA:84,0
DA:85,0
DA:87,0
DA:90,0
DA:92,0
DA:97,0
DA:98,0
DA:99,0
DA:101,0
DA:106,0
DA:107,0
DA:111,0
DA:116,0
DA:117,0
DA:119,0
DA:124,0
DA:125,0
DA:128,0
DA:132,0
DA:137,0
DA:138,0
DA:141,0
DA:145,0
DA:150,0
DA:151,0
DA:152,0
DA:154,0
LF:49
LH:5
BRDA:34,0,0,0
BRDA:34,0,1,0
BRDA:87,1,0,0
BRDA:87,1,1,0
BRDA:87,2,0,0
BRDA:87,2,1,0
BRDA:87,2,2,0
BRF:7
BRH:0
end_of_record
TN:
SF:src/modules/round/index.ts
FN:2,(anonymous_0)
FN:3,(anonymous_1)
FN:4,(anonymous_2)
FN:6,(anonymous_3)
FN:7,(anonymous_4)
FN:9,(anonymous_5)
FN:9,(anonymous_6)
FN:10,(anonymous_7)
FNF:8
FNH:4
FNDA:0,(anonymous_0)
FNDA:10,(anonymous_1)
FNDA:2,(anonymous_2)
FNDA:0,(anonymous_3)
FNDA:0,(anonymous_4)
FNDA:0,(anonymous_5)
FNDA:2,(anonymous_6)
FNDA:6,(anonymous_7)
DA:2,2
DA:3,12
DA:4,4
DA:5,2
DA:6,2
DA:7,2
DA:9,4
DA:10,8
LF:8
LH:8
BRF:0
BRH:0
end_of_record
TN:
SF:src/modules/round/round.aggregate.ts
FN:6,(anonymous_1)
FN:54,(anonymous_2)
FNF:2
FNH:0
FNDA:0,(anonymous_1)
FNDA:0,(anonymous_2)
DA:1,2
DA:2,2
DA:4,2
DA:6,2
DA:7,0
DA:54,2
DA:55,0
LF:7
LH:5
BRF:0
BRH:0
end_of_record
TN:
SF:src/modules/round/round.controller.ts
FN:16,(anonymous_0)
FN:46,(anonymous_1)
FN:60,(anonymous_2)
FN:77,(anonymous_3)
FN:91,(anonymous_4)
FN:105,(anonymous_5)
FN:120,(anonymous_6)
FN:20,(anonymous_7)
FNF:8
FNH:2
FNDA:2,(anonymous_0)
FNDA:0,(anonymous_1)
FNDA:0,(anonymous_2)
FNDA:0,(anonymous_3)
FNDA:0,(anonymous_4)
FNDA:0,(anonymous_5)
FNDA:0,(anonymous_6)
FNDA:2,(anonymous_7)
DA:1,2
DA:3,2
DA:4,2
DA:5,2
DA:10,2
DA:12,2
DA:13,2
DA:14,2
DA:15,2
DA:17,2
DA:21,2
DA:26,2
DA:31,2
DA:32,2
DA:38,2
DA:39,2
DA:46,2
DA:51,0
DA:52,0
DA:53,0
DA:54,0
DA:56,0
DA:60,2
DA:65,0
DA:66,0
DA:67,0
DA:71,0
DA:73,0
DA:77,2
DA:82,0
DA:83,0
DA:84,0
DA:85,0
DA:87,0
DA:91,2
DA:96,0
DA:97,0
DA:98,0
DA:99,0
DA:101,0
DA:105,2
DA:110,0
DA:111,0
DA:112,0
DA:113,0
DA:114,0
DA:116,0
DA:120,2
DA:125,0
DA:126,0
DA:127,0
DA:128,0
DA:130,0
LF:53
LH:22
BRDA:69,0,0,0
BRDA:69,0,1,0
BRDA:69,1,0,0
BRDA:69,1,1,0
BRDA:113,2,0,0
BRDA:113,2,1,0
BRF:6
BRH:0
end_of_record
TN:
SF:src/modules/round/round.dto.ts
FNF:0
FNH:0
DA:1,2
DA:3,2
DA:4,2
DA:7,2
DA:8,2
DA:9,2
DA:10,2
DA:11,2
DA:12,2
DA:13,2
DA:14,2
LF:11
LH:11
BRF:0
BRH:0
end_of_record
TN:
SF:src/modules/round/round.model.ts
FN:50,(anonymous_7)
FNF:1
FNH:0
FNDA:0,(anonymous_7)
DA:1,2
DA:3,2
DA:5,2
DA:10,2
DA:31,2
DA:45,2
DA:46,2
DA:48,2
DA:51,0
DA:55,2
LF:10
LH:9
BRF:0
BRH:0
end_of_record
TN:
SF:src/modules/round/round.service.ts
FN:16,(anonymous_0)
FN:29,(anonymous_1)
FN:56,(anonymous_2)
FN:76,(anonymous_3)
FN:84,(anonymous_4)
FN:94,(anonymous_5)
FN:103,(anonymous_6)
FNF:7
FNH:1
FNDA:10,(anonymous_0)
FNDA:0,(anonymous_1)
FNDA:0,(anonymous_2)
FNDA:0,(anonymous_3)
FNDA:0,(anonymous_4)
FNDA:0,(anonymous_5)
FNDA:0,(anonymous_6)
DA:4,2
DA:5,2
DA:6,2
DA:7,2
DA:8,2
DA:16,2
DA:17,10
DA:18,10
DA:19,10
DA:20,10
DA:32,0
DA:33,0
DA:35,0
DA:36,0
DA:37,0
DA:38,0
DA:39,0
DA:40,0
DA:41,0
DA:47,0
DA:49,0
DA:52,0
DA:60,0
DA:61,0
DA:62,0
DA:65,0
DA:67,0
DA:68,0
DA:69,0
DA:72,0
DA:77,0
DA:78,0
DA:80,0
DA:85,0
DA:86,0
DA:90,0
DA:95,0
DA:96,0
DA:97,0
DA:99,0
DA:104,0
DA:106,0
DA:107,0
DA:108,0
DA:109,0
DA:110,0
DA:111,0
DA:113,0
DA:114,0
DA:116,0
LF:50
LH:10
BRDA:33,0,0,0
BRDA:33,0,1,0
BRDA:61,1,0,0
BRDA:61,1,1,0
BRDA:61,2,0,0
BRDA:61,2,1,0
BRDA:61,2,2,0
BRF:7
BRH:0
end_of_record
TN:
SF:src/modules/round/rounds.types.ts
FNF:0
FNH:0
DA:1,2
LF:1
LH:1
BRF:0
BRH:0
end_of_record
TN:
SF:src/modules/settings/index.ts
FN:11,(anonymous_0)
FN:12,(anonymous_1)
FN:13,(anonymous_2)
FN:14,(anonymous_3)
FN:15,(anonymous_4)
FN:15,(anonymous_5)
FNF:6
FNH:4
FNDA:2,(anonymous_0)
FNDA:2,(anonymous_1)
FNDA:0,(anonymous_2)
FNDA:0,(anonymous_3)
FNDA:2,(anonymous_4)
FNDA:2,(anonymous_5)
DA:11,4
DA:12,4
DA:13,2
DA:14,2
DA:15,4
LF:5
LH:5
BRF:0
BRH:0
end_of_record
TN:
SF:src/modules/settings/settings.controller.ts
FN:17,(anonymous_0)
FN:36,(anonymous_1)
FN:49,(anonymous_2)
FN:63,(anonymous_3)
FN:78,(anonymous_4)
FN:21,(anonymous_5)
FNF:6
FNH:2
FNDA:2,(anonymous_0)
FNDA:0,(anonymous_1)
FNDA:0,(anonymous_2)
FNDA:0,(anonymous_3)
FNDA:0,(anonymous_4)
FNDA:2,(anonymous_5)
DA:1,2
DA:3,2
DA:4,2
DA:5,2
DA:13,2
DA:14,2
DA:15,2
DA:16,2
DA:18,2
DA:22,2
DA:23,2
DA:28,2
DA:33,2
DA:36,2
DA:41,0
DA:42,0
DA:43,0
DA:45,0
DA:49,2
DA:54,0
DA:55,0
DA:56,0
DA:57,0
DA:59,0
DA:63,2
DA:68,0
DA:69,0
DA:71,0
DA:72,0
DA:74,0
DA:78,2
DA:83,0
DA:84,0
DA:85,0
DA:86,0
DA:88,0
LF:36
LH:17
BRF:0
BRH:0
end_of_record
TN:
SF:src/modules/settings/settings.default.ts
FNF:0
FNH:0
DA:2,2
LF:1
LH:1
BRF:0
BRH:0
end_of_record
TN:
SF:src/modules/settings/settings.dto.ts
FNF:0
FNH:0
DA:1,2
DA:3,2
DA:4,2
DA:5,2
DA:8,2
DA:9,2
DA:10,2
LF:7
LH:7
BRF:0
BRH:0
end_of_record
TN:
SF:src/modules/settings/settings.model.ts
FN:34,(anonymous_6)
FNF:1
FNH:0
FNDA:0,(anonymous_6)
DA:1,2
DA:4,2
DA:32,2
DA:35,0
DA:39,2
LF:5
LH:4
BRF:0
BRH:0
end_of_record
TN:
SF:src/modules/settings/settings.service.ts
FN:13,(anonymous_0)
FN:15,(anonymous_1)
FN:24,(anonymous_2)
FN:39,(anonymous_3)
FN:63,(anonymous_4)
FN:64,(anonymous_5)
FN:72,(anonymous_6)
FN:87,(anonymous_7)
FN:106,(anonymous_8)
FN:125,(anonymous_9)
FN:142,(anonymous_10)
FNF:11
FNH:1
FNDA:2,(anonymous_0)
FNDA:0,(anonymous_1)
FNDA:0,(anonymous_2)
FNDA:0,(anonymous_3)
FNDA:0,(anonymous_4)
FNDA:0,(anonymous_5)
FNDA:0,(anonymous_6)
FNDA:0,(anonymous_7)
FNDA:0,(anonymous_8)
FNDA:0,(anonymous_9)
FNDA:0,(anonymous_10)
DA:1,2
DA:2,2
DA:13,2
DA:14,2
DA:16,0
DA:17,0
DA:18,0
DA:20,0
DA:25,0
DA:26,0
DA:27,0
DA:28,0
DA:29,0
DA:30,0
DA:32,0
DA:35,0
DA:42,0
DA:44,0
DA:45,0
DA:46,0
DA:49,0
DA:52,0
DA:53,0
DA:57,0
DA:58,0
DA:60,0
DA:64,0
DA:65,0
DA:77,0
DA:78,0
DA:79,0
DA:80,0
DA:81,0
DA:92,0
DA:93,0
DA:94,0
DA:95,0
DA:96,0
DA:97,0
DA:98,0
DA:99,0
DA:103,0
DA:111,0
DA:112,0
DA:113,0
DA:114,0
DA:115,0
DA:116,0
DA:117,0
DA:118,0
DA:122,0
DA:126,0
DA:127,0
DA:128,0
DA:136,0
DA:138,0
DA:143,0
DA:144,0
DA:145,0
DA:146,0
DA:150,0
LF:61
LH:4
BRDA:27,0,0,0
BRDA:27,0,1,0
BRDA:44,1,0,0
BRDA:44,1,1,0
BRDA:57,2,0,0
BRDA:92,3,0,0
BRDA:92,3,1,0
BRDA:94,4,0,0
BRDA:95,5,0,0
BRDA:95,5,1,0
BRDA:97,6,0,0
BRDA:98,7,0,0
BRDA:111,8,0,0
BRDA:111,8,1,0
BRDA:113,9,0,0
BRDA:114,10,0,0
BRDA:114,10,1,0
BRDA:116,11,0,0
BRDA:117,12,0,0
BRDA:132,13,0,0
BRDA:132,13,1,0
BRDA:132,14,0,0
BRDA:132,14,1,0
BRF:23
BRH:0
end_of_record
TN:
SF:src/modules/stats/index.ts
FN:1,(anonymous_0)
FN:3,(anonymous_1)
FN:4,(anonymous_2)
FNF:3
FNH:3
FNDA:2,(anonymous_0)
FNDA:2,(anonymous_1)
FNDA:2,(anonymous_2)
DA:1,4
DA:3,4
DA:4,4
LF:3
LH:3
BRF:0
BRH:0
end_of_record
TN:
SF:src/modules/stats/stats.controller.ts
FN:11,(anonymous_0)
FN:23,(anonymous_1)
FN:15,(anonymous_2)
FNF:3
FNH:2
FNDA:2,(anonymous_0)
FNDA:0,(anonymous_1)
FNDA:2,(anonymous_2)
DA:1,2
DA:2,2
DA:4,2
DA:5,2
DA:7,2
DA:8,2
DA:9,2
DA:10,2
DA:12,2
DA:16,2
DA:23,2
DA:28,0
DA:29,0
DA:30,0
DA:31,0
DA:33,0
LF:16
LH:11
BRF:0
BRH:0
end_of_record
TN:
SF:src/modules/stats/stats.dto.ts
FNF:0
FNH:0
DA:1,2
DA:3,2
DA:4,2
LF:3
LH:3
BRF:0
BRH:0
end_of_record
TN:
SF:src/modules/stats/stats.service.ts
FN:11,(anonymous_7)
FN:14,(anonymous_8)
FN:20,(anonymous_9)
FN:33,(anonymous_10)
FN:168,(anonymous_11)
FN:169,(anonymous_12)
FN:209,(anonymous_13)
FN:213,(anonymous_14)
FN:217,(anonymous_15)
FN:218,(anonymous_16)
FN:223,(anonymous_17)
FN:241,(anonymous_18)
FNF:12
FNH:1
FNDA:2,(anonymous_7)
FNDA:0,(anonymous_8)
FNDA:0,(anonymous_9)
FNDA:0,(anonymous_10)
FNDA:0,(anonymous_11)
FNDA:0,(anonymous_12)
FNDA:0,(anonymous_13)
FNDA:0,(anonymous_14)
FNDA:0,(anonymous_15)
FNDA:0,(anonymous_16)
FNDA:0,(anonymous_17)
FNDA:0,(anonymous_18)
DA:1,2
DA:2,2
DA:3,2
DA:4,2
DA:5,2
DA:6,2
DA:7,2
DA:8,2
DA:11,2
DA:12,2
DA:14,2
DA:15,0
DA:16,0
DA:17,0
DA:19,0
DA:20,0
DA:23,0
DA:24,0
DA:25,0
DA:29,0
DA:30,0
DA:34,0
DA:36,0
DA:39,0
DA:40,0
DA:41,0
DA:42,0
DA:169,0
DA:170,0
DA:172,0
DA:173,0
DA:174,0
DA:175,0
DA:176,0
DA:177,0
DA:178,0
DA:181,0
DA:182,0
DA:183,0
DA:190,0
DA:191,0
DA:192,0
DA:193,0
DA:194,0
DA:195,0
DA:196,0
DA:197,0
DA:198,0
DA:199,0
DA:202,0
DA:204,0
DA:210,0
DA:214,0
DA:218,0
DA:219,0
DA:220,0
DA:221,0
DA:223,0
DA:224,0
DA:225,0
DA:226,0
DA:228,0
DA:229,0
DA:230,0
DA:232,0
DA:233,0
DA:235,0
DA:242,0
DA:244,0
DA:245,0
DA:246,0
DA:247,0
DA:248,0
DA:249,0
DA:252,0
DA:253,0
DA:254,0
DA:255,0
DA:256,0
DA:257,0
DA:260,0
DA:262,0
LF:82
LH:11
BRDA:16,0,0,0
BRDA:16,0,1,0
BRDA:36,1,0,0
BRDA:36,1,1,0
BRDA:173,2,0,0
BRDA:173,2,1,0
BRDA:175,3,0,0
BRDA:175,3,1,0
BRDA:177,4,0,0
BRDA:182,5,0,0
BRDA:190,6,0,0
BRDA:190,6,1,0
BRDA:192,7,0,0
BRDA:192,7,1,0
BRDA:194,8,0,0
BRDA:194,8,1,0
BRDA:196,9,0,0
BRDA:196,9,1,0
BRDA:198,10,0,0
BRDA:232,11,0,0
BRDA:232,11,1,0
BRF:21
BRH:0
end_of_record
TN:
SF:src/modules/toggle/index.ts
FN:2,(anonymous_0)
FN:3,(anonymous_1)
FN:4,(anonymous_2)
FN:5,(anonymous_3)
FN:5,(anonymous_4)
FNF:5
FNH:4
FNDA:2,(anonymous_0)
FNDA:0,(anonymous_1)
FNDA:2,(anonymous_2)
FNDA:2,(anonymous_3)
FNDA:2,(anonymous_4)
DA:2,4
DA:3,2
DA:4,4
DA:5,4
LF:4
LH:4
BRF:0
BRH:0
end_of_record
TN:
SF:src/modules/toggle/toggle.controller.ts
FN:21,(anonymous_0)
FN:50,(anonymous_1)
FN:64,(anonymous_2)
FN:78,(anonymous_3)
FN:92,(anonymous_4)
FN:106,(anonymous_5)
FN:120,(anonymous_6)
FN:25,(anonymous_7)
FNF:8
FNH:2
FNDA:2,(anonymous_0)
FNDA:0,(anonymous_1)
FNDA:0,(anonymous_2)
FNDA:0,(anonymous_3)
FNDA:0,(anonymous_4)
FNDA:0,(anonymous_5)
FNDA:0,(anonymous_6)
FNDA:2,(anonymous_7)
DA:1,2
DA:2,2
DA:4,2
DA:9,2
DA:10,2
DA:17,2
DA:18,2
DA:19,2
DA:20,2
DA:22,2
DA:26,2
DA:31,2
DA:36,2
DA:41,2
DA:46,2
DA:47,2
DA:50,2
DA:55,0
DA:56,0
DA:57,0
DA:58,0
DA:60,0
DA:64,2
DA:69,0
DA:70,0
DA:71,0
DA:72,0
DA:74,0
DA:78,2
DA:83,0
DA:84,0
DA:85,0
DA:86,0
DA:88,0
DA:92,2
DA:97,0
DA:98,0
DA:99,0
DA:100,0
DA:102,0
DA:106,2
DA:111,0
DA:112,0
DA:113,0
DA:114,0
DA:116,0
DA:120,2
DA:125,0
DA:126,0
DA:127,0
DA:129,0
LF:51
LH:22
BRF:0
BRH:0
end_of_record
TN:
SF:src/modules/toggle/toggle.dto.ts
FNF:0
FNH:0
DA:1,2
DA:3,2
DA:4,2
DA:5,2
DA:6,2
DA:9,2
DA:10,2
DA:11,2
DA:12,2
DA:13,2
LF:10
LH:10
BRF:0
BRH:0
end_of_record
TN:
SF:src/modules/toggle/toggle.model.ts
FN:21,(anonymous_6)
FNF:1
FNH:0
FNDA:0,(anonymous_6)
DA:1,2
DA:4,2
DA:19,2
DA:22,0
DA:26,2
LF:5
LH:4
BRF:0
BRH:0
end_of_record
TN:
SF:src/modules/toggle/toggle.service.ts
FN:6,(anonymous_0)
FN:9,(anonymous_1)
FN:24,(anonymous_2)
FN:32,(anonymous_3)
FN:41,(anonymous_4)
FN:50,(anonymous_5)
FN:60,(anonymous_6)
FNF:7
FNH:1
FNDA:2,(anonymous_0)
FNDA:0,(anonymous_1)
FNDA:0,(anonymous_2)
FNDA:0,(anonymous_3)
FNDA:0,(anonymous_4)
FNDA:0,(anonymous_5)
FNDA:0,(anonymous_6)
DA:1,2
DA:4,2
DA:6,2
DA:7,2
DA:10,0
DA:11,0
DA:12,0
DA:13,0
DA:15,0
DA:17,0
DA:18,0
DA:20,0
DA:25,0
DA:26,0
DA:28,0
DA:33,0
DA:34,0
DA:35,0
DA:37,0
DA:42,0
DA:43,0
DA:44,0
DA:46,0
DA:51,0
DA:52,0
DA:53,0
DA:54,0
DA:56,0
DA:61,0
DA:62,0
DA:63,0
DA:64,0
DA:66,0
LF:33
LH:4
BRDA:12,0,0,0
BRDA:12,0,1,0
BRF:2
BRH:0
end_of_record
TN:
SF:src/modules/tournament/index.ts
FN:2,(anonymous_0)
FN:3,(anonymous_1)
FN:4,(anonymous_2)
FN:5,(anonymous_3)
FN:6,(anonymous_4)
FN:8,(anonymous_5)
FN:9,(anonymous_6)
FN:15,(anonymous_7)
FN:16,(anonymous_8)
FN:17,(anonymous_9)
FNF:10
FNH:7
FNDA:2,(anonymous_0)
FNDA:2,(anonymous_1)
FNDA:2,(anonymous_2)
FNDA:0,(anonymous_3)
FNDA:2,(anonymous_4)
FNDA:0,(anonymous_5)
FNDA:4,(anonymous_6)
FNDA:2,(anonymous_7)
FNDA:2,(anonymous_8)
FNDA:0,(anonymous_9)
DA:1,2
DA:2,4
DA:3,4
DA:4,4
DA:5,2
DA:6,4
DA:8,2
DA:9,6
DA:15,4
DA:16,4
DA:17,2
LF:11
LH:11
BRF:0
BRH:0
end_of_record
TN:
SF:src/modules/tournament/requisites.types.ts
FNF:0
FNH:0
DA:2,2
LF:1
LH:1
BRF:0
BRH:0
end_of_record
TN:
SF:src/modules/tournament/tournament.aggregate.ts
FN:8,(anonymous_0)
FN:48,(anonymous_1)
FNF:2
FNH:0
FNDA:0,(anonymous_0)
FNDA:0,(anonymous_1)
DA:1,2
DA:8,2
DA:14,0
DA:48,2
DA:49,0
LF:5
LH:3
BRF:0
BRH:0
end_of_record
TN:
SF:src/modules/tournament/tournament.controller.ts
FN:23,(anonymous_0)
FN:93,(anonymous_1)
FN:107,(anonymous_2)
FN:120,(anonymous_3)
FN:133,(anonymous_4)
FN:147,(anonymous_5)
FN:161,(anonymous_6)
FN:175,(anonymous_7)
FN:191,(anonymous_8)
FN:207,(anonymous_9)
FN:223,(anonymous_10)
FN:237,(anonymous_11)
FN:251,(anonymous_12)
FN:267,(anonymous_13)
FN:27,(anonymous_14)
FNF:15
FNH:2
FNDA:2,(anonymous_0)
FNDA:0,(anonymous_1)
FNDA:0,(anonymous_2)
FNDA:0,(anonymous_3)
FNDA:0,(anonymous_4)
FNDA:0,(anonymous_5)
FNDA:0,(anonymous_6)
FNDA:0,(anonymous_7)
FNDA:0,(anonymous_8)
FNDA:0,(anonymous_9)
FNDA:0,(anonymous_10)
FNDA:0,(anonymous_11)
FNDA:0,(anonymous_12)
FNDA:0,(anonymous_13)
FNDA:2,(anonymous_14)
DA:1,2
DA:2,2
DA:11,2
DA:12,2
DA:13,2
DA:19,2
DA:20,2
DA:21,2
DA:22,2
DA:24,2
DA:28,2
DA:33,2
DA:38,2
DA:43,2
DA:48,2
DA:49,2
DA:55,2
DA:61,2
DA:67,2
DA:73,2
DA:79,2
DA:85,2
DA:90,2
DA:93,2
DA:98,0
DA:99,0
DA:100,0
DA:101,0
DA:103,0
DA:107,2
DA:112,0
DA:113,0
DA:114,0
DA:116,0
DA:120,2
DA:125,0
DA:126,0
DA:127,0
DA:129,0
DA:133,2
DA:138,0
DA:139,0
DA:140,0
DA:141,0
DA:143,0
DA:147,2
DA:152,0
DA:153,0
DA:154,0
DA:155,0
DA:157,0
DA:161,2
DA:166,0
DA:167,0
DA:168,0
DA:169,0
DA:171,0
DA:175,2
DA:180,0
DA:181,0
DA:182,0
DA:185,0
DA:187,0
DA:191,2
DA:196,0
DA:197,0
DA:198,0
DA:201,0
DA:203,0
DA:207,2
DA:212,0
DA:213,0
DA:214,0
DA:217,0
DA:219,0
DA:223,2
DA:228,0
DA:229,0
DA:230,0
DA:231,0
DA:233,0
DA:237,2
DA:242,0
DA:243,0
DA:244,0
DA:245,0
DA:247,0
DA:251,2
DA:256,0
DA:257,0
DA:258,0
DA:259,0
DA:263,0
DA:267,2
DA:272,0
DA:273,0
DA:274,0
DA:275,0
DA:278,0
DA:280,0
LF:100
LH:36
BRDA:275,0,0,0
BRDA:275,0,1,0
BRF:2
BRH:0
end_of_record
TN:
SF:src/modules/tournament/tournament.dto.ts
FNF:0
FNH:0
DA:1,2
DA:3,2
DA:5,2
DA:6,2
DA:9,2
DA:10,2
DA:11,2
DA:12,2
DA:13,2
DA:16,2
DA:17,2
DA:18,2
DA:19,2
DA:20,2
DA:21,2
DA:22,2
DA:23,2
DA:24,2
DA:27,2
DA:28,2
DA:29,2
DA:32,2
DA:33,2
LF:23
LH:23
BRF:0
BRH:0
end_of_record
TN:
SF:src/modules/tournament/tournament.helper.ts
FN:18,(anonymous_1)
FN:60,(anonymous_2)
FN:61,(anonymous_3)
FN:89,(anonymous_4)
FN:96,(anonymous_5)
FN:110,(anonymous_6)
FN:114,(anonymous_7)
FN:121,(anonymous_8)
FN:146,(anonymous_9)
FN:158,(anonymous_10)
FN:185,(anonymous_11)
FN:214,(anonymous_12)
FN:236,(anonymous_13)
FN:285,(anonymous_14)
FN:317,(anonymous_15)
FN:323,(anonymous_16)
FN:352,(anonymous_17)
FN:356,(anonymous_18)
FN:369,(anonymous_19)
FN:378,(anonymous_20)
FN:379,(anonymous_21)
FN:409,(anonymous_22)
FN:424,(anonymous_23)
FN:432,(anonymous_24)
FN:433,(anonymous_25)
FN:454,(anonymous_26)
FN:455,(anonymous_27)
FN:458,(anonymous_28)
FN:462,(anonymous_29)
FN:495,(anonymous_30)
FN:496,(anonymous_31)
FN:525,(anonymous_32)
FN:546,(anonymous_33)
FN:551,(anonymous_34)
FN:573,isSemifinalRound
FN:602,(anonymous_36)
FN:607,(anonymous_37)
FN:616,(anonymous_38)
FN:620,(anonymous_39)
FN:658,(anonymous_40)
FN:704,(anonymous_41)
FN:726,(anonymous_42)
FN:757,(anonymous_43)
FN:780,(anonymous_44)
FNF:44
FNH:1
FNDA:6,(anonymous_1)
FNDA:0,(anonymous_2)
FNDA:0,(anonymous_3)
FNDA:0,(anonymous_4)
FNDA:0,(anonymous_5)
FNDA:0,(anonymous_6)
FNDA:0,(anonymous_7)
FNDA:0,(anonymous_8)
FNDA:0,(anonymous_9)
FNDA:0,(anonymous_10)
FNDA:0,(anonymous_11)
FNDA:0,(anonymous_12)
FNDA:0,(anonymous_13)
FNDA:0,(anonymous_14)
FNDA:0,(anonymous_15)
FNDA:0,(anonymous_16)
FNDA:0,(anonymous_17)
FNDA:0,(anonymous_18)
FNDA:0,(anonymous_19)
[...]
DA:554,0
DA:557,0
DA:558,0
DA:559,0
DA:561,0
DA:566,0
DA:569,0
DA:578,0
DA:579,0
DA:585,0
DA:586,0
DA:587,0
DA:591,0
DA:596,0
DA:602,0
DA:603,0
DA:608,0
DA:620,0
DA:621,0
DA:623,0
DA:625,0
DA:628,0
DA:629,0
DA:635,0
DA:646,0
DA:651,0
DA:653,0
DA:667,0
DA:668,0
DA:669,0
DA:670,0
DA:671,0
DA:678,0
DA:679,0
DA:680,0
DA:682,0
DA:685,0
DA:691,0
DA:692,0
DA:693,0
DA:695,0
DA:699,0
DA:701,0
DA:708,0
DA:709,0
DA:710,0
DA:711,0
DA:712,0
DA:713,0
DA:715,0
DA:718,0
DA:723,0
DA:733,0
DA:736,0
DA:737,0
DA:738,0
DA:746,0
DA:747,0
DA:748,0
DA:749,0
DA:751,0
DA:753,0
DA:763,0
DA:765,0
DA:766,0
DA:774,0
DA:776,0
DA:788,0
DA:789,0
DA:790,0
DA:791,0
DA:792,0
DA:797,0
DA:798,0
DA:800,0
LF:264
LH:16
BRDA:60,0,0,0
BRDA:69,1,0,0
BRDA:77,2,0,0
BRDA:77,2,1,0
BRDA:125,3,0,0
BRDA:125,3,1,0
BRDA:125,4,0,0
BRDA:125,4,1,0
BRDA:172,5,0,0
BRDA:172,5,1,0
BRDA:195,6,0,0
BRDA:200,7,0,0
BRDA:206,8,0,0
BRDA:206,9,0,0
BRDA:206,9,1,0
BRDA:255,10,0,0
BRDA:255,10,1,0
BRDA:257,11,0,0
BRDA:257,11,1,0
BRDA:263,12,0,0
BRDA:273,13,0,0
BRDA:296,14,0,0
BRDA:296,14,1,0
BRDA:300,15,0,0
BRDA:300,15,1,0
BRDA:303,16,0,0
BRDA:303,16,1,0
BRDA:332,17,0,0
BRDA:332,17,1,0
BRDA:332,18,0,0
BRDA:332,18,1,0
BRDA:360,19,0,0
BRDA:360,19,1,0
BRDA:363,20,0,0
BRDA:363,20,1,0
BRDA:388,21,0,0
BRDA:388,21,1,0
BRDA:389,22,0,0
BRDA:389,22,1,0
BRDA:430,23,0,0
BRDA:430,23,1,0
BRDA:431,24,0,0
BRDA:431,24,1,0
BRDA:434,25,0,0
BRDA:434,25,1,0
BRDA:434,26,0,0
BRDA:434,26,1,0
BRDA:436,27,0,0
BRDA:436,28,0,0
BRDA:436,28,1,0
BRDA:468,29,0,0
BRDA:468,29,1,0
BRDA:481,30,0,0
BRDA:481,30,1,0
BRDA:553,31,0,0
BRDA:553,31,1,0
BRDA:553,32,0,0
BRDA:553,32,1,0
BRDA:553,32,2,0
BRDA:553,32,3,0
BRDA:558,33,0,0
BRDA:558,33,1,0
BRDA:587,34,0,0
BRDA:587,34,1,0
BRDA:588,35,0,0
BRDA:588,35,1,0
BRDA:588,36,0,0
BRDA:588,36,1,0
BRDA:588,37,0,0
BRDA:588,37,1,0
BRDA:588,38,0,0
BRDA:588,38,1,0
BRDA:588,39,0,0
BRDA:588,39,1,0
BRDA:589,40,0,0
BRDA:589,40,1,0
BRDA:589,41,0,0
BRDA:589,41,1,0
BRDA:589,42,0,0
BRDA:589,42,1,0
BRDA:589,43,0,0
BRDA:589,43,1,0
BRDA:602,44,0,0
BRDA:602,44,1,0
BRDA:618,45,0,0
BRDA:629,46,0,0
BRDA:629,46,1,0
BRDA:630,47,0,0
BRDA:630,47,1,0
BRDA:630,47,2,0
BRDA:630,47,3,0
BRDA:651,48,0,0
BRDA:651,48,1,0
BRDA:668,49,0,0
BRDA:668,49,1,0
BRDA:669,50,0,0
BRDA:669,50,1,0
BRDA:669,51,0,0
BRDA:669,51,1,0
BRDA:670,52,0,0
BRDA:670,52,1,0
BRDA:678,53,0,0
BRDA:678,53,1,0
BRDA:678,54,0,0
BRDA:678,54,1,0
BRDA:691,55,0,0
BRDA:691,55,1,0
BRDA:711,56,0,0
BRDA:711,56,1,0
BRDA:711,57,0,0
BRDA:711,57,1,0
BRDA:712,58,0,0
BRDA:712,58,1,0
BRDA:742,59,0,0
BRDA:742,59,1,0
BRDA:742,60,0,0
BRDA:742,60,1,0
BRDA:747,61,0,0
BRDA:749,62,0,0
BRDA:749,62,1,0
BRDA:751,63,0,0
BRDA:751,63,1,0
BRDA:761,64,0,0
BRDA:774,65,0,0
BRDA:774,65,1,0
BRDA:788,66,0,0
BRDA:788,66,1,0
BRDA:789,67,0,0
BRDA:789,67,1,0
BRDA:797,68,0,0
BRF:130
BRH:0
end_of_record
TN:
SF:src/modules/tournament/tournament.model.ts
FN:70,(anonymous_7)
FNF:1
FNH:0
FNDA:0,(anonymous_7)
DA:1,2
DA:2,2
DA:5,2
DA:10,2
DA:29,2
DA:62,2
DA:63,2
DA:64,2
DA:65,2
DA:66,2
DA:68,2
DA:71,0
DA:75,2
LF:13
LH:12
BRF:0
BRH:0
end_of_record
TN:
SF:src/modules/tournament/tournament.service.ts
FN:25,(anonymous_1)
FN:32,(anonymous_2)
FN:54,(anonymous_3)
FN:59,(anonymous_4)
FN:73,(anonymous_5)
FN:76,(anonymous_6)
FN:79,(anonymous_7)
FN:97,(anonymous_8)
FN:102,(anonymous_9)
FN:123,(anonymous_10)
FN:133,(anonymous_11)
FN:134,(anonymous_12)
FN:143,(anonymous_13)
FN:156,(anonymous_14)
FN:169,(anonymous_15)
FN:184,(anonymous_16)
FN:205,(anonymous_17)
FN:225,(anonymous_18)
FN:247,(anonymous_19)
FN:268,(anonymous_20)
FN:283,(anonymous_21)
FN:284,(anonymous_22)
FN:300,(anonymous_23)
FN:308,(anonymous_24)
FN:314,(anonymous_25)
FN:315,(anonymous_26)
FN:335,(anonymous_27)
FN:336,(anonymous_28)
FN:353,(anonymous_29)
FN:367,(anonymous_30)
FN:373,(anonymous_31)
FN:374,(anonymous_32)
FN:389,(anonymous_33)
FN:413,(anonymous_34)
FN:425,(anonymous_35)
FNF:35
FNH:1
FNDA:2,(anonymous_1)
FNDA:0,(anonymous_2)
FNDA:0,(anonymous_3)
FNDA:0,(anonymous_4)
FNDA:0,(anonymous_5)
FNDA:0,(anonymous_6)
FNDA:0,(anonymous_7)
FNDA:0,(anonymous_8)
FNDA:0,(anonymous_9)
FNDA:0,(anonymous_10)
FNDA:0,(anonymous_11)
FNDA:0,(anonymous_12)
FNDA:0,(anonymous_13)
FNDA:0,(anonymous_14)
FNDA:0,(anonymous_15)
FNDA:0,(anonymous_16)
FNDA:0,(anonymous_17)
FNDA:0,(anonymous_18)
FNDA:0,(anonymous_19)
FNDA:0,(anonymous_20)
FNDA:0,(anonymous_21)
FNDA:0,(anonymous_22)
FNDA:0,(anonymous_23)
FNDA:0,(anonymous_24)
FNDA:0,(anonymous_25)
FNDA:0,(anonymous_26)
FNDA:0,(anonymous_27)
FNDA:0,(anonymous_28)
FNDA:0,(anonymous_29)
FNDA:0,(anonymous_30)
FNDA:0,(anonymous_31)
FNDA:0,(anonymous_32)
FNDA:0,(anonymous_33)
FNDA:0,(anonymous_34)
FNDA:0,(anonymous_35)
DA:1,2
DA:3,2
DA:4,2
DA:5,2
DA:6,2
DA:7,2
DA:8,2
DA:9,2
DA:10,2
DA:20,2
DA:22,2
DA:23,2
DA:25,2
DA:26,2
DA:27,2
DA:28,2
DA:29,2
DA:30,2
DA:33,0
DA:35,0
DA:36,0
DA:37,0
DA:38,0
DA:39,0
DA:40,0
DA:41,0
DA:42,0
DA:48,0
DA:50,0
DA:59,0
DA:60,0
DA:61,0
DA:67,0
DA:68,0
DA:72,0
DA:73,0
DA:75,0
DA:76,0
DA:78,0
DA:79,0
DA:81,0
DA:82,0
DA:83,0
DA:84,0
DA:85,0
DA:90,0
DA:92,0
DA:98,0
DA:99,0
DA:100,0
DA:101,0
DA:102,0
DA:105,0
DA:108,0
DA:121,0
DA:123,0
DA:124,0
DA:126,0
DA:128,0
DA:129,0
DA:134,0
DA:135,0
DA:136,0
DA:137,0
DA:140,0
DA:141,0
DA:142,0
DA:143,0
DA:144,0
DA:149,0
DA:151,0
DA:160,0
DA:161,0
DA:162,0
DA:163,0
DA:166,0
DA:170,0
DA:172,0
DA:173,0
DA:174,0
DA:175,0
DA:176,0
DA:177,0
DA:181,0
DA:185,0
DA:186,0
DA:188,0
DA:189,0
DA:190,0
DA:191,0
DA:192,0
DA:193,0
DA:194,0
DA:195,0
DA:196,0
DA:199,0
DA:201,0
DA:208,0
DA:209,0
DA:210,0
DA:211,0
DA:212,0
DA:213,0
DA:214,0
DA:219,0
DA:221,0
DA:226,0
DA:227,0
DA:228,0
DA:230,0
DA:232,0
DA:233,0
DA:234,0
DA:238,0
DA:241,0
DA:243,0
DA:248,0
DA:249,0
DA:254,0
DA:256,0
DA:257,0
DA:258,0
DA:259,0
DA:262,0
DA:264,0
DA:269,0
DA:270,0
DA:279,0
DA:284,0
DA:285,0
DA:287,0
DA:288,0
DA:289,0
DA:290,0
DA:292,0
DA:295,0
DA:301,0
DA:302,0
DA:305,0
DA:309,0
DA:310,0
DA:311,0
DA:315,0
DA:316,0
DA:317,0
DA:318,0
DA:319,0
DA:320,0
DA:323,0
DA:327,0
DA:328,0
DA:330,0
DA:336,0
DA:337,0
DA:338,0
DA:339,0
DA:340,0
DA:341,0
DA:345,0
DA:346,0
DA:348,0
DA:357,0
DA:358,0
DA:359,0
DA:360,0
DA:361,0
DA:362,0
DA:363,0
DA:364,0
DA:368,0
DA:369,0
DA:370,0
DA:374,0
DA:375,0
DA:376,0
DA:377,0
DA:380,0
DA:381,0
DA:382,0
DA:384,0
DA:393,0
DA:394,0
DA:395,0
DA:396,0
DA:400,0
DA:401,0
DA:405,0
DA:406,0
DA:414,0
DA:415,0
DA:421,0
DA:426,0
DA:427,0
DA:428,0
DA:429,0
DA:431,0
LF:196
LH:18
BRDA:37,0,0,0
BRDA:37,0,1,0
BRDA:105,1,0,0
BRDA:105,1,1,0
BRDA:115,2,0,0
BRDA:115,2,1,0
BRDA:115,3,0,0
BRDA:115,3,1,0
BRDA:115,4,0,0
BRDA:115,4,1,0
BRDA:116,5,0,0
BRDA:116,5,1,0
BRDA:116,6,0,0
BRDA:116,6,1,0
BRDA:162,7,0,0
BRDA:176,8,0,0
BRDA:190,9,0,0
BRDA:190,9,1,0
BRDA:195,10,0,0
BRDA:234,11,0,0
BRDA:235,12,0,0
BRDA:235,12,1,0
BRDA:258,13,0,0
BRDA:287,14,0,0
BRDA:287,14,1,0
BRDA:301,15,0,0
BRDA:394,16,0,0
BRDA:395,17,0,0
BRDA:400,18,0,0
BRDA:405,19,0,0
BRF:30
BRH:0
end_of_record
TN:
SF:src/modules/user/index.ts
FN:1,(anonymous_0)
FN:1,(anonymous_1)
FN:2,(anonymous_2)
FN:4,(anonymous_3)
FN:5,(anonymous_4)
FN:6,(anonymous_5)
FN:7,(anonymous_6)
FN:10,(anonymous_7)
FN:11,(anonymous_8)
FNF:9
FNH:7
FNDA:0,(anonymous_0)
FNDA:0,(anonymous_1)
FNDA:2,(anonymous_2)
FNDA:2,(anonymous_3)
FNDA:2,(anonymous_4)
FNDA:2,(anonymous_5)
FNDA:2,(anonymous_6)
FNDA:4,(anonymous_7)
FNDA:2,(anonymous_8)
DA:1,2
DA:2,4
DA:3,2
DA:4,4
DA:5,4
DA:6,4
DA:7,4
DA:10,6
DA:11,4
LF:9
LH:9
BRF:0
BRH:0
end_of_record
TN:
SF:src/modules/user/user.aggregate.ts
FN:4,(anonymous_0)
FN:75,(anonymous_1)
FNF:2
FNH:0
FNDA:0,(anonymous_0)
FNDA:0,(anonymous_1)
DA:4,2
DA:10,0
DA:11,0
DA:75,2
LF:4
LH:2
BRF:0
BRH:0
end_of_record
TN:
SF:src/modules/user/user.controller.ts
FN:26,(anonymous_0)
FN:83,(anonymous_1)
FN:97,(anonymous_2)
FN:111,(anonymous_3)
FN:125,(anonymous_4)
FN:139,(anonymous_5)
FN:153,(anonymous_6)
FN:167,(anonymous_7)
FN:181,(anonymous_8)
FN:198,(anonymous_9)
FN:30,(anonymous_10)
FNF:11
FNH:2
FNDA:2,(anonymous_0)
FNDA:0,(anonymous_1)
FNDA:0,(anonymous_2)
FNDA:0,(anonymous_3)
FNDA:0,(anonymous_4)
FNDA:0,(anonymous_5)
FNDA:0,(anonymous_6)
FNDA:0,(anonymous_7)
FNDA:0,(anonymous_8)
FNDA:0,(anonymous_9)
FNDA:2,(anonymous_10)
DA:1,2
DA:2,2
DA:12,2
DA:13,2
DA:14,2
DA:21,2
DA:22,2
DA:23,2
DA:24,2
DA:27,2
DA:31,2
DA:38,2
DA:43,2
DA:49,2
DA:58,2
DA:63,2
DA:69,2
DA:75,2
DA:76,2
DA:83,2
DA:88,0
DA:89,0
DA:90,0
DA:91,0
DA:93,0
DA:97,2
DA:102,0
DA:103,0
DA:104,0
DA:105,0
DA:107,0
DA:111,2
DA:116,0
DA:117,0
DA:118,0
DA:119,0
DA:121,0
DA:125,2
DA:130,0
DA:131,0
DA:132,0
DA:133,0
DA:135,0
DA:139,2
DA:144,0
DA:145,0
DA:146,0
DA:147,0
DA:149,0
DA:153,2
DA:158,0
DA:159,0
DA:160,0
DA:161,0
DA:163,0
DA:167,2
DA:172,0
DA:173,0
DA:174,0
DA:175,0
DA:177,0
DA:181,2
DA:186,0
DA:187,0
DA:188,0
DA:189,0
DA:192,0
DA:194,0
DA:198,2
DA:203,0
DA:204,0
DA:205,0
DA:207,0
LF:73
LH:28
BRDA:189,0,0,0
BRDA:189,0,1,0
BRF:2
BRH:0
end_of_record
TN:
SF:src/modules/user/user.dto.ts
FNF:0
FNH:0
DA:1,2
DA:2,2
DA:4,2
DA:5,2
DA:7,2
DA:8,2
DA:9,2
DA:10,2
DA:11,2
DA:12,2
DA:13,2
DA:14,2
DA:17,2
DA:18,2
DA:21,2
DA:22,2
DA:23,2
DA:24,2
DA:25,2
DA:26,2
DA:27,2
DA:28,2
LF:22
LH:22
BRF:0
BRH:0
end_of_record
TN:
SF:src/modules/user/user.model.ts
FN:48,(anonymous_6)
FNF:1
FNH:0
FNDA:0,(anonymous_6)
DA:1,2
DA:4,2
DA:9,2
DA:28,2
DA:43,2
DA:44,2
DA:46,2
DA:49,0
DA:53,2
LF:9
LH:8
BRF:0
BRH:0
end_of_record
TN:
SF:src/modules/user/user.service.ts
FN:22,(anonymous_0)
FN:31,(anonymous_1)
FN:70,(anonymous_2)
FN:84,(anonymous_3)
FN:87,(anonymous_4)
FN:106,(anonymous_5)
FN:110,(anonymous_6)
FN:113,(anonymous_7)
FN:117,(anonymous_8)
FN:129,(anonymous_9)
FN:134,(anonymous_10)
FN:136,(anonymous_11)
FN:142,(anonymous_12)
FN:152,(anonymous_13)
FN:153,(anonymous_14)
FN:170,(anonymous_15)
FN:179,(anonymous_16)
FN:197,(anonymous_17)
FN:207,(anonymous_18)
FN:216,(anonymous_19)
FN:220,(anonymous_20)
FNF:21
FNH:1
FNDA:2,(anonymous_0)
FNDA:0,(anonymous_1)
FNDA:0,(anonymous_2)
FNDA:0,(anonymous_3)
FNDA:0,(anonymous_4)
FNDA:0,(anonymous_5)
FNDA:0,(anonymous_6)
FNDA:0,(anonymous_7)
FNDA:0,(anonymous_8)
FNDA:0,(anonymous_9)
FNDA:0,(anonymous_10)
FNDA:0,(anonymous_11)
FNDA:0,(anonymous_12)
FNDA:0,(anonymous_13)
FNDA:0,(anonymous_14)
FNDA:0,(anonymous_15)
FNDA:0,(anonymous_16)
FNDA:0,(anonymous_17)
FNDA:0,(anonymous_18)
FNDA:0,(anonymous_19)
FNDA:0,(anonymous_20)
DA:1,2
DA:3,2
DA:4,2
DA:6,2
DA:7,2
DA:8,2
DA:9,2
DA:17,2
DA:18,2
DA:19,2
DA:22,2
DA:23,2
DA:24,2
DA:25,2
DA:26,2
DA:34,0
DA:35,0
DA:36,0
DA:37,0
DA:40,0
DA:43,0
DA:44,0
DA:50,0
DA:51,0
DA:52,0
DA:53,0
DA:60,0
DA:63,0
DA:66,0
DA:71,0
DA:72,0
DA:81,0
DA:82,0
DA:83,0
DA:84,0
DA:86,0
DA:87,0
DA:89,0
DA:90,0
DA:95,0
DA:100,0
DA:105,0
DA:106,0
DA:109,0
DA:110,0
DA:112,0
DA:113,0
DA:115,0
DA:116,0
DA:117,0
DA:121,0
DA:122,0
DA:124,0
DA:125,0
DA:134,0
DA:135,0
DA:136,0
DA:138,0
DA:143,0
DA:144,0
DA:145,0
DA:146,0
DA:148,0
DA:153,0
DA:154,0
DA:155,0
DA:156,0
DA:157,0
DA:158,0
DA:160,0
DA:161,0
DA:163,0
DA:166,0
DA:171,0
DA:172,0
DA:173,0
DA:175,0
DA:180,0
DA:181,0
DA:182,0
DA:189,0
DA:191,0
DA:193,0
DA:198,0
DA:199,0
DA:203,0
DA:208,0
DA:209,0
DA:210,0
DA:212,0
DA:217,0
DA:218,0
DA:219,0
DA:220,0
DA:221,0
DA:222,0
DA:224,0
DA:229,0
LF:98
LH:15
BRDA:35,0,0,0
BRDA:35,0,1,0
BRDA:36,1,0,0
BRDA:36,1,1,0
BRDA:82,2,0,0
BRDA:156,3,0,0
BRDA:156,3,1,0
BRDA:157,4,0,0
BRDA:219,5,0,0
BRF:9
BRH:0
end_of_record
TN:
SF:src/modules/vote/index.ts
FN:2,(anonymous_0)
FN:3,(anonymous_1)
FN:4,(anonymous_2)
FN:5,(anonymous_3)
FN:8,(anonymous_4)
FN:9,(anonymous_5)
FN:10,(anonymous_6)
FN:11,(anonymous_7)
FN:14,(anonymous_8)
FN:15,(anonymous_9)
FN:16,(anonymous_10)
FNF:11
FNH:6
FNDA:0,(anonymous_0)
FNDA:0,(anonymous_1)
FNDA:0,(anonymous_2)
FNDA:0,(anonymous_3)
FNDA:2,(anonymous_4)
FNDA:2,(anonymous_5)
FNDA:4,(anonymous_6)
FNDA:2,(anonymous_7)
FNDA:26,(anonymous_8)
FNDA:2,(anonymous_9)
FNDA:0,(anonymous_10)
DA:1,2
DA:2,2
DA:3,2
DA:4,2
DA:5,2
DA:7,2
DA:8,4
DA:9,4
DA:10,6
DA:11,4
DA:14,28
DA:15,4
DA:16,2
LF:13
LH:13
BRF:0
BRH:0
end_of_record
TN:
SF:src/modules/vote/vote.aggregate.ts
FN:12,(anonymous_1)
FN:76,(anonymous_2)
FN:110,(anonymous_3)
FN:146,(anonymous_4)
FNF:4
FNH:0
FNDA:0,(anonymous_1)
FNDA:0,(anonymous_2)
FNDA:0,(anonymous_3)
FNDA:0,(anonymous_4)
DA:1,2
DA:2,2
DA:10,2
DA:12,2
DA:17,0
DA:76,2
DA:77,0
DA:110,2
DA:113,0
DA:146,2
DA:147,0
LF:11
LH:7
BRF:0
BRH:0
end_of_record
TN:
SF:src/modules/vote/vote.controller.ts
FN:19,(anonymous_0)
FN:63,(anonymous_1)
FN:77,(anonymous_2)
FN:91,(anonymous_3)
FN:105,(anonymous_4)
FN:119,(anonymous_5)
FN:133,(anonymous_6)
FN:147,(anonymous_7)
FN:160,(anonymous_8)
FN:175,(anonymous_9)
FN:23,(anonymous_10)
FNF:11
FNH:2
FNDA:2,(anonymous_0)
FNDA:0,(anonymous_1)
FNDA:0,(anonymous_2)
FNDA:0,(anonymous_3)
FNDA:0,(anonymous_4)
FNDA:0,(anonymous_5)
FNDA:0,(anonymous_6)
FNDA:0,(anonymous_7)
FNDA:0,(anonymous_8)
FNDA:0,(anonymous_9)
FNDA:2,(anonymous_10)
DA:1,2
DA:2,2
DA:3,2
DA:4,2
DA:6,2
DA:15,2
DA:16,2
DA:17,2
DA:18,2
DA:20,2
DA:24,2
DA:29,2
DA:34,2
DA:39,2
DA:44,2
DA:49,2
DA:54,2
DA:59,2
DA:60,2
DA:63,2
DA:68,0
DA:69,0
DA:70,0
DA:71,0
DA:73,0
DA:77,2
DA:82,0
DA:83,0
DA:84,0
DA:85,0
DA:87,0
DA:91,2
DA:96,0
DA:97,0
DA:98,0
DA:99,0
DA:101,0
DA:105,2
DA:110,0
DA:111,0
DA:112,0
DA:113,0
DA:115,0
DA:119,2
DA:124,0
DA:125,0
DA:126,0
DA:127,0
DA:129,0
DA:133,2
DA:138,0
DA:139,0
DA:140,0
DA:141,0
DA:143,0
DA:147,2
DA:152,0
DA:153,0
DA:154,0
DA:156,0
DA:160,2
DA:165,0
DA:166,0
DA:167,0
DA:168,0
DA:169,0
DA:171,0
DA:175,2
DA:180,0
DA:181,0
DA:182,0
DA:184,0
LF:72
LH:28
BRDA:168,0,0,0
BRDA:168,0,1,0
BRF:2
BRH:0
end_of_record
TN:
SF:src/modules/vote/vote.dto.ts
FNF:0
FNH:0
DA:1,2
DA:3,2
DA:4,2
DA:5,2
DA:6,2
DA:7,2
DA:10,2
DA:11,2
DA:12,2
DA:13,2
DA:14,2
DA:15,2
DA:16,2
DA:19,2
DA:20,2
DA:21,2
DA:24,2
DA:25,2
DA:26,2
DA:27,2
LF:20
LH:20
BRF:0
BRH:0
end_of_record
TN:
SF:src/modules/vote/vote.model.ts
FN:46,(anonymous_6)
FNF:1
FNH:0
FNDA:0,(anonymous_6)
DA:1,2
DA:4,2
DA:44,2
DA:47,0
DA:51,2
LF:5
LH:4
BRF:0
BRH:0
end_of_record
TN:
SF:src/modules/vote/vote.service.ts
FN:18,(anonymous_0)
FN:46,(anonymous_1)
FN:73,(anonymous_2)
FN:82,(anonymous_3)
FN:91,(anonymous_4)
FN:99,(anonymous_5)
FN:100,(anonymous_6)
FN:135,(anonymous_7)
FN:136,(anonymous_8)
FN:162,(anonymous_9)
FN:204,(anonymous_10)
FN:220,(anonymous_11)
FN:228,(anonymous_12)
FN:236,(anonymous_13)
FN:244,(anonymous_14)
FNF:15
FNH:1
FNDA:26,(anonymous_0)
FNDA:0,(anonymous_1)
FNDA:0,(anonymous_2)
FNDA:0,(anonymous_3)
FNDA:0,(anonymous_4)
FNDA:0,(anonymous_5)
FNDA:0,(anonymous_6)
FNDA:0,(anonymous_7)
FNDA:0,(anonymous_8)
FNDA:0,(anonymous_9)
FNDA:0,(anonymous_10)
FNDA:0,(anonymous_11)
FNDA:0,(anonymous_12)
FNDA:0,(anonymous_13)
FNDA:0,(anonymous_14)
DA:2,2
DA:3,2
DA:4,2
DA:15,2
DA:16,2
DA:18,2
DA:19,26
DA:20,26
DA:21,26
DA:49,0
DA:50,0
DA:52,0
DA:53,0
DA:54,0
DA:55,0
DA:56,0
DA:57,0
DA:58,0
DA:64,0
DA:66,0
DA:69,0
DA:74,0
DA:75,0
DA:76,0
DA:78,0
DA:83,0
DA:84,0
DA:85,0
DA:87,0
DA:92,0
DA:93,0
DA:95,0
DA:100,0
DA:101,0
DA:102,0
DA:103,0
DA:104,0
DA:105,0
DA:106,0
DA:107,0
DA:108,0
DA:109,0
DA:111,0
DA:113,0
DA:114,0
DA:115,0
DA:117,0
DA:118,0
DA:119,0
DA:120,0
DA:123,0
DA:126,0
DA:129,0
DA:130,0
DA:136,0
DA:137,0
DA:138,0
DA:140,0
DA:142,0
DA:143,0
DA:144,0
DA:147,0
DA:148,0
DA:149,0
DA:150,0
DA:151,0
DA:152,0
DA:155,0
DA:157,0
DA:166,0
DA:167,0
DA:172,0
DA:173,0
DA:174,0
DA:175,0
DA:176,0
DA:177,0
DA:178,0
DA:180,0
DA:181,0
DA:188,0
DA:189,0
DA:190,0
DA:192,0
DA:195,0
DA:197,0
DA:199,0
DA:205,0
DA:206,0
DA:207,0
DA:208,0
DA:209,0
DA:210,0
DA:211,0
DA:214,0
DA:216,0
DA:221,0
DA:222,0
DA:224,0
DA:229,0
DA:230,0
DA:232,0
DA:237,0
DA:238,0
DA:240,0
DA:245,0
DA:246,0
DA:248,0
LF:108
LH:9
BRDA:50,0,0,0
BRDA:50,0,1,0
BRDA:103,1,0,0
BRDA:103,1,1,0
BRDA:104,2,0,0
BRDA:104,2,1,0
BRDA:106,3,0,0
BRDA:106,3,1,0
BRDA:108,4,0,0
BRDA:108,4,1,0
BRDA:114,5,0,0
BRDA:114,5,1,0
BRDA:140,6,0,0
BRDA:140,6,1,0
BRDA:172,7,0,0
BRDA:172,7,1,0
BRDA:172,8,0,0
BRDA:172,8,1,0
BRDA:175,9,0,0
BRDA:175,9,1,0
BRDA:175,10,0,0
BRDA:175,10,1,0
BRDA:177,11,0,0
BRDA:209,12,0,0
BRDA:209,13,0,0
BRDA:209,13,1,0
BRF:26
BRH:0
end_of_record
TN:
SF:src/modules/winner/index.ts
FN:1,(anonymous_0)
FN:11,(anonymous_1)
FN:12,(anonymous_2)
FN:13,(anonymous_3)
FN:14,(anonymous_4)
FN:14,(anonymous_5)
FNF:6
FNH:4
FNDA:0,(anonymous_0)
FNDA:2,(anonymous_1)
FNDA:0,(anonymous_2)
FNDA:12,(anonymous_3)
FNDA:2,(anonymous_4)
FNDA:2,(anonymous_5)
DA:1,2
DA:11,4
DA:12,2
DA:13,14
DA:14,4
LF:5
LH:5
BRF:0
BRH:0
end_of_record
TN:
SF:src/modules/winner/winner.aggregate.ts
FN:4,(anonymous_1)
FNF:1
FNH:0
FNDA:0,(anonymous_1)
DA:1,2
DA:2,2
DA:4,2
DA:5,0
DA:6,0
LF:5
LH:3
BRF:0
BRH:0
end_of_record
TN:
SF:src/modules/winner/winner.controller.ts
FN:17,(anonymous_0)
FN:69,(anonymous_1)
FN:83,(anonymous_2)
FN:97,(anonymous_3)
FN:111,(anonymous_4)
FN:125,(anonymous_5)
FN:139,(anonymous_6)
FN:153,(anonymous_7)
FN:167,(anonymous_8)
FN:181,(anonymous_9)
FN:195,(anonymous_10)
FN:21,(anonymous_11)
FNF:12
FNH:2
FNDA:2,(anonymous_0)
FNDA:0,(anonymous_1)
FNDA:0,(anonymous_2)
FNDA:0,(anonymous_3)
FNDA:0,(anonymous_4)
FNDA:0,(anonymous_5)
FNDA:0,(anonymous_6)
FNDA:0,(anonymous_7)
FNDA:0,(anonymous_8)
FNDA:0,(anonymous_9)
FNDA:0,(anonymous_10)
FNDA:2,(anonymous_11)
DA:1,2
DA:2,2
DA:4,2
DA:5,2
DA:6,2
DA:13,2
DA:14,2
DA:15,2
DA:16,2
DA:18,2
DA:22,2
DA:27,2
DA:33,2
DA:38,2
DA:43,2
DA:48,2
DA:53,2
DA:54,2
DA:60,2
DA:66,2
DA:69,2
DA:74,0
DA:75,0
DA:76,0
DA:77,0
DA:79,0
DA:83,2
DA:88,0
DA:89,0
DA:90,0
DA:91,0
DA:93,0
DA:97,2
DA:102,0
DA:103,0
DA:104,0
DA:105,0
DA:107,0
DA:111,2
DA:116,0
DA:117,0
DA:118,0
DA:119,0
DA:121,0
DA:125,2
DA:130,0
DA:131,0
DA:132,0
DA:133,0
DA:135,0
DA:139,2
DA:144,0
DA:145,0
DA:146,0
DA:147,0
DA:149,0
DA:153,2
DA:158,0
DA:159,0
DA:160,0
DA:161,0
DA:163,0
DA:167,2
DA:172,0
DA:173,0
DA:174,0
DA:175,0
DA:177,0
DA:181,2
DA:186,0
DA:187,0
DA:188,0
DA:189,0
DA:191,0
DA:195,2
DA:200,0
DA:201,0
DA:202,0
DA:203,0
DA:206,0
DA:208,0
LF:81
LH:30
BRDA:203,0,0,0
BRDA:203,0,1,0
BRF:2
BRH:0
end_of_record
TN:
SF:src/modules/winner/winner.dto.ts
FNF:0
FNH:0
DA:1,2
DA:3,2
DA:4,2
DA:5,2
DA:6,2
DA:7,2
DA:10,2
DA:11,2
DA:12,2
DA:13,2
DA:14,2
DA:15,2
LF:12
LH:12
BRF:0
BRH:0
end_of_record
TN:
SF:src/modules/winner/winner.model.ts
FN:37,(anonymous_6)
FNF:1
FNH:0
FNDA:0,(anonymous_6)
DA:2,2
DA:4,2
DA:35,2
DA:38,0
DA:42,2
LF:5
LH:4
BRF:0
BRH:0
end_of_record
TN:
SF:src/modules/winner/winner.service.ts
FN:16,(anonymous_0)
FN:40,(anonymous_1)
FN:71,(anonymous_2)
FN:83,(anonymous_3)
FN:86,(anonymous_4)
FN:128,(anonymous_5)
FN:129,(anonymous_6)
FN:143,(anonymous_7)
FN:168,(anonymous_8)
FN:177,(anonymous_9)
FN:208,(anonymous_10)
FN:217,(anonymous_11)
FN:225,(anonymous_12)
FN:234,(anonymous_13)
FN:244,(anonymous_14)
FN:252,(anonymous_15)
FNF:16
FNH:1
FNDA:12,(anonymous_0)
FNDA:0,(anonymous_1)
FNDA:0,(anonymous_2)
FNDA:0,(anonymous_3)
FNDA:0,(anonymous_4)
FNDA:0,(anonymous_5)
FNDA:0,(anonymous_6)
FNDA:0,(anonymous_7)
FNDA:0,(anonymous_8)
FNDA:0,(anonymous_9)
FNDA:0,(anonymous_10)
FNDA:0,(anonymous_11)
FNDA:0,(anonymous_12)
FNDA:0,(anonymous_13)
FNDA:0,(anonymous_14)
FNDA:0,(anonymous_15)
DA:3,2
DA:4,2
DA:5,2
DA:14,2
DA:16,2
DA:17,12
DA:18,12
DA:43,0
DA:44,0
DA:46,0
DA:47,0
DA:48,0
DA:54,0
DA:55,0
DA:56,0
DA:62,0
DA:64,0
DA:67,0
DA:72,0
DA:73,0
DA:79,0
DA:86,0
DA:87,0
DA:88,0
DA:93,0
DA:96,0
DA:97,0
DA:98,0
DA:99,0
DA:100,0
DA:106,0
DA:112,0
DA:118,0
DA:120,0
DA:123,0
DA:129,0
DA:130,0
DA:131,0
DA:132,0
DA:133,0
DA:135,0
DA:138,0
DA:144,0
DA:145,0
DA:146,0
DA:147,0
DA:148,0
DA:149,0
DA:150,0
DA:151,0
DA:152,0
DA:161,0
DA:163,0
DA:164,0
DA:169,0
DA:170,0
DA:172,0
DA:174,0
DA:180,0
DA:182,0
DA:183,0
DA:184,0
DA:185,0
DA:192,0
DA:193,0
DA:194,0
DA:195,0
DA:196,0
DA:197,0
DA:198,0
DA:199,0
DA:200,0
DA:201,0
DA:202,0
DA:205,0
DA:208,0
DA:209,0
DA:211,0
DA:213,0
DA:218,0
DA:219,0
DA:221,0
DA:226,0
DA:227,0
DA:228,0
DA:230,0
DA:235,0
DA:236,0
DA:240,0
DA:245,0
DA:246,0
DA:248,0
DA:253,0
DA:254,0
DA:255,0
DA:256,0
DA:257,0
DA:261,0
DA:266,0
LF:99
LH:7
BRDA:44,0,0,0
BRDA:44,0,1,0
BRDA:96,1,0,0
BRDA:96,1,1,0
BRDA:132,2,0,0
BRDA:132,2,1,0
BRDA:169,3,0,0
BRDA:169,3,1,0
BRDA:169,4,0,0
BRDA:169,4,1,0
BRDA:194,5,0,0
BRDA:194,5,1,0
BRDA:197,6,0,0
BRDA:197,6,1,0
BRDA:200,7,0,0
BRDA:255,8,0,0
BRDA:255,8,1,0
BRF:17
BRH:0
end_of_record
TN:
SF:src/testing/mocks/models.mock.ts
FNF:0
FNH:0
DA:4,2
DA:8,2
DA:21,2
DA:48,2
DA:61,2
DA:82,2
LF:6
LH:6
BRF:0
BRH:0
end_of_record
